<?xml version="1.0" encoding="UTF-8"?>
<coverage generated="1762875304953" clover="3.2.0">
  <project timestamp="1762875304953" name="All files">
    <metrics statements="1462" coveredstatements="633" conditionals="701" coveredconditionals="167" methods="94" coveredmethods="34" elements="2257" coveredelements="834" complexity="0" loc="1462" ncloc="1462" packages="4" files="20" classes="20"/>
    <package name="Controllers">
      <metrics statements="1294" coveredstatements="469" conditionals="673" coveredconditionals="144" methods="85" coveredmethods="26"/>
      <file name="authController.js" path="C:\Users\ADMIN\Desktop\FOODFAST\server_app\API\Controllers\authController.js">
        <metrics statements="47" coveredstatements="27" conditionals="28" coveredconditionals="10" methods="6" coveredmethods="3"/>
        <line num="1" count="4" type="stmt"/>
        <line num="2" count="4" type="stmt"/>
        <line num="3" count="4" type="stmt"/>
        <line num="6" count="4" type="stmt"/>
        <line num="7" count="12" type="stmt"/>
        <line num="15" count="4" type="stmt"/>
        <line num="16" count="3" type="stmt"/>
        <line num="19" count="3" type="stmt"/>
        <line num="20" count="3" type="cond" truecount="2" falsecount="0"/>
        <line num="21" count="1" type="stmt"/>
        <line num="22" count="1" type="stmt"/>
        <line num="26" count="2" type="stmt"/>
        <line num="33" count="2" type="cond" truecount="2" falsecount="0"/>
        <line num="34" count="1" type="stmt"/>
        <line num="48" count="1" type="stmt"/>
        <line num="49" count="1" type="stmt"/>
        <line num="56" count="4" type="stmt"/>
        <line num="57" count="13" type="stmt"/>
        <line num="60" count="13" type="stmt"/>
        <line num="62" count="13" type="cond" truecount="4" falsecount="0"/>
        <line num="63" count="11" type="stmt"/>
        <line num="78" count="2" type="stmt"/>
        <line num="79" count="2" type="stmt"/>
        <line num="86" count="4" type="stmt"/>
        <line num="87" count="0" type="stmt"/>
        <line num="90" count="0" type="cond" truecount="0" falsecount="2"/>
        <line num="91" count="0" type="stmt"/>
        <line num="92" count="0" type="stmt"/>
        <line num="95" count="0" type="stmt"/>
        <line num="97" count="0" type="stmt"/>
        <line num="109" count="4" type="stmt"/>
        <line num="110" count="0" type="stmt"/>
        <line num="112" count="0" type="cond" truecount="0" falsecount="2"/>
        <line num="113" count="0" type="cond" truecount="0" falsecount="2"/>
        <line num="114" count="0" type="cond" truecount="0" falsecount="2"/>
        <line num="115" count="0" type="cond" truecount="0" falsecount="2"/>
        <line num="116" count="0" type="cond" truecount="0" falsecount="2"/>
        <line num="117" count="0" type="cond" truecount="0" falsecount="2"/>
        <line num="119" count="0" type="cond" truecount="0" falsecount="2"/>
        <line num="120" count="0" type="stmt"/>
        <line num="123" count="0" type="stmt"/>
        <line num="125" count="0" type="stmt"/>
        <line num="138" count="0" type="stmt"/>
        <line num="139" count="0" type="stmt"/>
        <line num="146" count="4" type="stmt"/>
        <line num="147" count="0" type="stmt"/>
        <line num="154" count="4" type="stmt"/>
      </file>
      <file name="droneController.js" path="C:\Users\ADMIN\Desktop\FOODFAST\server_app\API\Controllers\droneController.js">
        <metrics statements="128" coveredstatements="14" conditionals="49" coveredconditionals="0" methods="11" coveredmethods="0"/>
        <line num="1" count="3" type="stmt"/>
        <line num="2" count="3" type="stmt"/>
        <line num="7" count="3" type="stmt"/>
        <line num="8" count="0" type="stmt"/>
        <line num="10" count="0" type="stmt"/>
        <line num="13" count="0" type="cond" truecount="0" falsecount="2"/>
        <line num="14" count="0" type="stmt"/>
        <line num="18" count="0" type="cond" truecount="0" falsecount="2"/>
        <line num="19" count="0" type="stmt"/>
        <line num="22" count="0" type="stmt"/>
        <line num="24" count="0" type="stmt"/>
        <line num="34" count="3" type="stmt"/>
        <line num="35" count="0" type="stmt"/>
        <line num="37" count="0" type="cond" truecount="0" falsecount="2"/>
        <line num="38" count="0" type="stmt"/>
        <line num="39" count="0" type="stmt"/>
        <line num="42" count="0" type="stmt"/>
        <line num="51" count="3" type="stmt"/>
        <line num="53" count="0" type="cond" truecount="0" falsecount="4"/>
        <line num="54" count="0" type="stmt"/>
        <line num="60" count="0" type="stmt"/>
        <line num="63" count="0" type="stmt"/>
        <line num="64" count="0" type="cond" truecount="0" falsecount="2"/>
        <line num="65" count="0" type="stmt"/>
        <line num="71" count="0" type="stmt"/>
        <line num="80" count="3" type="stmt"/>
        <line num="81" count="0" type="stmt"/>
        <line num="83" count="0" type="cond" truecount="0" falsecount="2"/>
        <line num="84" count="0" type="stmt"/>
        <line num="85" count="0" type="stmt"/>
        <line num="88" count="0" type="stmt"/>
        <line num="94" count="0" type="stmt"/>
        <line num="95" count="0" type="cond" truecount="0" falsecount="2"/>
        <line num="96" count="0" type="stmt"/>
        <line num="102" count="0" type="stmt"/>
        <line num="111" count="3" type="stmt"/>
        <line num="112" count="0" type="stmt"/>
        <line num="114" count="0" type="cond" truecount="0" falsecount="2"/>
        <line num="115" count="0" type="stmt"/>
        <line num="116" count="0" type="stmt"/>
        <line num="120" count="0" type="cond" truecount="0" falsecount="2"/>
        <line num="121" count="0" type="stmt"/>
        <line num="122" count="0" type="stmt"/>
        <line num="125" count="0" type="stmt"/>
        <line num="127" count="0" type="stmt"/>
        <line num="130" count="0" type="stmt"/>
        <line num="131" count="0" type="cond" truecount="0" falsecount="2"/>
        <line num="132" count="0" type="stmt"/>
        <line num="139" count="0" type="stmt"/>
        <line num="149" count="3" type="stmt"/>
        <line num="150" count="0" type="stmt"/>
        <line num="152" count="0" type="stmt"/>
        <line num="154" count="0" type="cond" truecount="0" falsecount="2"/>
        <line num="155" count="0" type="stmt"/>
        <line num="156" count="0" type="stmt"/>
        <line num="159" count="0" type="stmt"/>
        <line num="164" count="0" type="stmt"/>
        <line num="167" count="0" type="stmt"/>
        <line num="168" count="0" type="stmt"/>
        <line num="174" count="0" type="stmt"/>
        <line num="183" count="3" type="stmt"/>
        <line num="184" count="0" type="stmt"/>
        <line num="186" count="0" type="stmt"/>
        <line num="188" count="0" type="cond" truecount="0" falsecount="2"/>
        <line num="189" count="0" type="stmt"/>
        <line num="190" count="0" type="stmt"/>
        <line num="193" count="0" type="stmt"/>
        <line num="194" count="0" type="stmt"/>
        <line num="196" count="0" type="stmt"/>
        <line num="205" count="3" type="stmt"/>
        <line num="206" count="0" type="stmt"/>
        <line num="208" count="0" type="stmt"/>
        <line num="210" count="0" type="cond" truecount="0" falsecount="2"/>
        <line num="211" count="0" type="stmt"/>
        <line num="212" count="0" type="stmt"/>
        <line num="215" count="0" type="stmt"/>
        <line num="218" count="0" type="cond" truecount="0" falsecount="2"/>
        <line num="219" count="0" type="stmt"/>
        <line num="222" count="0" type="stmt"/>
        <line num="224" count="0" type="stmt"/>
        <line num="233" count="3" type="stmt"/>
        <line num="234" count="0" type="stmt"/>
        <line num="235" count="0" type="stmt"/>
        <line num="237" count="0" type="stmt"/>
        <line num="239" count="0" type="cond" truecount="0" falsecount="2"/>
        <line num="240" count="0" type="stmt"/>
        <line num="241" count="0" type="stmt"/>
        <line num="244" count="0" type="cond" truecount="0" falsecount="2"/>
        <line num="245" count="0" type="stmt"/>
        <line num="246" count="0" type="stmt"/>
        <line num="249" count="0" type="cond" truecount="0" falsecount="2"/>
        <line num="250" count="0" type="stmt"/>
        <line num="251" count="0" type="stmt"/>
        <line num="254" count="0" type="stmt"/>
        <line num="256" count="0" type="cond" truecount="0" falsecount="2"/>
        <line num="257" count="0" type="stmt"/>
        <line num="258" count="0" type="stmt"/>
        <line num="264" count="0" type="stmt"/>
        <line num="267" count="0" type="stmt"/>
        <line num="270" count="0" type="stmt"/>
        <line num="271" count="0" type="stmt"/>
        <line num="272" count="0" type="stmt"/>
        <line num="275" count="0" type="stmt"/>
        <line num="276" count="0" type="cond" truecount="0" falsecount="2"/>
        <line num="278" count="0" type="stmt"/>
        <line num="283" count="0" type="stmt"/>
        <line num="296" count="0" type="stmt"/>
        <line num="304" count="0" type="stmt"/>
        <line num="305" count="0" type="stmt"/>
        <line num="308" count="0" type="stmt"/>
        <line num="320" count="3" type="stmt"/>
        <line num="321" count="0" type="cond" truecount="0" falsecount="1"/>
        <line num="323" count="0" type="cond" truecount="0" falsecount="4"/>
        <line num="324" count="0" type="stmt"/>
        <line num="325" count="0" type="stmt"/>
        <line num="328" count="0" type="stmt"/>
        <line num="342" count="0" type="stmt"/>
        <line num="352" count="3" type="stmt"/>
        <line num="353" count="0" type="stmt"/>
        <line num="355" count="0" type="stmt"/>
        <line num="357" count="0" type="cond" truecount="0" falsecount="2"/>
        <line num="358" count="0" type="stmt"/>
        <line num="359" count="0" type="stmt"/>
        <line num="363" count="0" type="stmt"/>
        <line num="369" count="0" type="stmt"/>
        <line num="375" count="0" type="cond" truecount="0" falsecount="2"/>
        <line num="377" count="0" type="stmt"/>
        <line num="390" count="3" type="stmt"/>
      </file>
      <file name="orderController.js" path="C:\Users\ADMIN\Desktop\FOODFAST\server_app\API\Controllers\orderController.js">
        <metrics statements="405" coveredstatements="109" conditionals="250" coveredconditionals="46" methods="16" coveredmethods="2"/>
        <line num="1" count="3" type="stmt"/>
        <line num="2" count="3" type="stmt"/>
        <line num="3" count="3" type="stmt"/>
        <line num="4" count="3" type="stmt"/>
        <line num="5" count="3" type="stmt"/>
        <line num="6" count="3" type="stmt"/>
        <line num="7" count="3" type="stmt"/>
        <line num="8" count="3" type="stmt"/>
        <line num="9" count="3" type="stmt"/>
        <line num="10" count="3" type="stmt"/>
        <line num="11" count="3" type="stmt"/>
        <line num="12" count="3" type="stmt"/>
        <line num="13" count="3" type="stmt"/>
        <line num="18" count="3" type="stmt"/>
        <line num="19" count="0" type="stmt"/>
        <line num="20" count="0" type="stmt"/>
        <line num="22" count="0" type="cond" truecount="0" falsecount="2"/>
        <line num="23" count="0" type="stmt"/>
        <line num="25" count="0" type="stmt"/>
        <line num="27" count="0" type="stmt"/>
        <line num="41" count="0" type="cond" truecount="0" falsecount="2"/>
        <line num="42" count="0" type="stmt"/>
        <line num="49" count="0" type="stmt"/>
        <line num="51" count="0" type="stmt"/>
        <line num="52" count="0" type="stmt"/>
        <line num="53" count="0" type="stmt"/>
        <line num="60" count="0" type="stmt"/>
        <line num="62" count="0" type="cond" truecount="0" falsecount="2"/>
        <line num="63" count="0" type="stmt"/>
        <line num="67" count="0" type="stmt"/>
        <line num="70" count="0" type="stmt"/>
        <line num="76" count="3" type="stmt"/>
        <line num="85" count="6" type="stmt"/>
        <line num="87" count="6" type="stmt"/>
        <line num="89" count="6" type="cond" truecount="4" falsecount="0"/>
        <line num="90" count="1" type="stmt"/>
        <line num="91" count="1" type="stmt"/>
        <line num="95" count="5" type="cond" truecount="5" falsecount="1"/>
        <line num="96" count="0" type="stmt"/>
        <line num="97" count="0" type="stmt"/>
        <line num="102" count="5" type="stmt"/>
        <line num="103" count="5" type="stmt"/>
        <line num="106" count="5" type="stmt"/>
        <line num="108" count="5" type="stmt"/>
        <line num="110" count="5" type="stmt"/>
        <line num="111" count="5" type="stmt"/>
        <line num="112" count="5" type="cond" truecount="1" falsecount="1"/>
        <line num="113" count="0" type="stmt"/>
        <line num="114" count="0" type="stmt"/>
        <line num="117" count="5" type="cond" truecount="3" falsecount="1"/>
        <line num="118" count="5" type="cond" truecount="1" falsecount="1"/>
        <line num="119" count="0" type="stmt"/>
        <line num="120" count="0" type="stmt"/>
        <line num="124" count="5" type="cond" truecount="1" falsecount="1"/>
        <line num="125" count="5" type="stmt"/>
        <line num="129" count="5" type="cond" truecount="3" falsecount="1"/>
        <line num="130" count="0" type="stmt"/>
        <line num="131" count="0" type="stmt"/>
        <line num="135" count="5" type="stmt"/>
        <line num="136" count="5" type="stmt"/>
        <line num="137" count="5" type="stmt"/>
        <line num="138" count="5" type="stmt"/>
        <line num="143" count="5" type="stmt"/>
        <line num="145" count="5" type="cond" truecount="1" falsecount="1"/>
        <line num="146" count="5" type="stmt"/>
        <line num="147" count="5" type="stmt"/>
        <line num="155" count="5" type="cond" truecount="1" falsecount="1"/>
        <line num="156" count="0" type="stmt"/>
        <line num="157" count="0" type="stmt"/>
        <line num="160" count="0" type="stmt"/>
        <line num="167" count="0" type="stmt"/>
        <line num="176" count="5" type="cond" truecount="1" falsecount="1"/>
        <line num="177" count="5" type="cond" truecount="2" falsecount="0"/>
        <line num="178" count="5" type="cond" truecount="1" falsecount="1"/>
        <line num="179" count="0" type="stmt"/>
        <line num="180" count="0" type="stmt"/>
        <line num="182" count="0" type="stmt"/>
        <line num="191" count="5" type="stmt"/>
        <line num="193" count="5" type="stmt"/>
        <line num="194" count="5" type="stmt"/>
        <line num="196" count="5" type="cond" truecount="1" falsecount="1"/>
        <line num="197" count="5" type="stmt"/>
        <line num="199" count="5" type="stmt"/>
        <line num="200" count="5" type="stmt"/>
        <line num="206" count="5" type="stmt"/>
        <line num="209" count="5" type="stmt"/>
        <line num="219" count="5" type="cond" truecount="1" falsecount="1"/>
        <line num="220" count="0" type="stmt"/>
        <line num="221" count="0" type="stmt"/>
        <line num="225" count="5" type="stmt"/>
        <line num="226" count="5" type="cond" truecount="4" falsecount="1"/>
        <line num="227" count="0" type="stmt"/>
        <line num="228" count="0" type="stmt"/>
        <line num="230" count="5" type="stmt"/>
        <line num="232" count="5" type="stmt"/>
        <line num="233" count="5" type="cond" truecount="1" falsecount="1"/>
        <line num="234" count="0" type="stmt"/>
        <line num="235" count="0" type="stmt"/>
        <line num="237" count="5" type="stmt"/>
        <line num="240" count="5" type="stmt"/>
        <line num="241" count="5" type="stmt"/>
        <line num="242" count="5" type="stmt"/>
        <line num="243" count="5" type="stmt"/>
        <line num="245" count="5" type="stmt"/>
        <line num="246" count="5" type="stmt"/>
        <line num="249" count="5" type="stmt"/>
        <line num="250" count="5" type="cond" truecount="1" falsecount="1"/>
        <line num="251" count="5" type="stmt"/>
        <line num="252" count="0" type="cond" truecount="0" falsecount="2"/>
        <line num="253" count="0" type="stmt"/>
        <line num="255" count="0" type="stmt"/>
        <line num="260" count="5" type="stmt"/>
        <line num="261" count="5" type="stmt"/>
        <line num="262" count="5" type="stmt"/>
        <line num="264" count="5" type="cond" truecount="1" falsecount="1"/>
        <line num="265" count="0" type="stmt"/>
        <line num="267" count="0" type="stmt"/>
        <line num="272" count="0" type="cond" truecount="0" falsecount="2"/>
        <line num="273" count="0" type="stmt"/>
        <line num="274" count="0" type="stmt"/>
        <line num="277" count="0" type="cond" truecount="0" falsecount="2"/>
        <line num="278" count="0" type="stmt"/>
        <line num="279" count="0" type="stmt"/>
        <line num="283" count="0" type="stmt"/>
        <line num="288" count="0" type="cond" truecount="0" falsecount="2"/>
        <line num="289" count="0" type="stmt"/>
        <line num="290" count="0" type="stmt"/>
        <line num="294" count="0" type="cond" truecount="0" falsecount="2"/>
        <line num="295" count="0" type="stmt"/>
        <line num="296" count="0" type="stmt"/>
        <line num="300" count="0" type="stmt"/>
        <line num="302" count="0" type="stmt"/>
        <line num="312" count="0" type="stmt"/>
        <line num="314" count="0" type="stmt"/>
        <line num="318" count="5" type="stmt"/>
        <line num="321" count="5" type="cond" truecount="2" falsecount="2"/>
        <line num="322" count="0" type="stmt"/>
        <line num="334" count="5" type="stmt"/>
        <line num="335" count="5" type="stmt"/>
        <line num="336" count="5" type="cond" truecount="2" falsecount="2"/>
        <line num="338" count="0" type="cond" truecount="0" falsecount="2"/>
        <line num="339" count="0" type="stmt"/>
        <line num="350" count="5" type="stmt"/>
        <line num="358" count="5" type="stmt"/>
        <line num="381" count="5" type="stmt"/>
        <line num="382" count="5" type="stmt"/>
        <line num="388" count="5" type="stmt"/>
        <line num="397" count="0" type="stmt"/>
        <line num="401" count="5" type="cond" truecount="2" falsecount="2"/>
        <line num="402" count="0" type="stmt"/>
        <line num="403" count="0" type="stmt"/>
        <line num="411" count="0" type="stmt"/>
        <line num="415" count="0" type="stmt"/>
        <line num="417" count="0" type="stmt"/>
        <line num="418" count="0" type="stmt"/>
        <line num="419" count="0" type="stmt"/>
        <line num="424" count="5" type="stmt"/>
        <line num="425" count="5" type="stmt"/>
        <line num="426" count="5" type="stmt"/>
        <line num="430" count="0" type="stmt"/>
        <line num="434" count="5" type="stmt"/>
        <line num="437" count="5" type="stmt"/>
        <line num="438" count="5" type="stmt"/>
        <line num="440" count="5" type="stmt"/>
        <line num="443" count="5" type="stmt"/>
        <line num="444" count="5" type="stmt"/>
        <line num="445" count="5" type="stmt"/>
        <line num="447" count="5" type="stmt"/>
        <line num="448" count="0" type="cond" truecount="0" falsecount="2"/>
        <line num="450" count="0" type="stmt"/>
        <line num="452" count="0" type="cond" truecount="0" falsecount="2"/>
        <line num="453" count="0" type="stmt"/>
        <line num="460" count="0" type="stmt"/>
        <line num="461" count="0" type="stmt"/>
        <line num="462" count="0" type="stmt"/>
        <line num="477" count="0" type="stmt"/>
        <line num="480" count="5" type="stmt"/>
        <line num="484" count="0" type="stmt"/>
        <line num="487" count="5" type="stmt"/>
        <line num="496" count="3" type="stmt"/>
        <line num="497" count="0" type="stmt"/>
        <line num="500" count="0" type="cond" truecount="0" falsecount="2"/>
        <line num="501" count="0" type="cond" truecount="0" falsecount="2"/>
        <line num="502" count="0" type="stmt"/>
        <line num="503" count="0" type="stmt"/>
        <line num="505" count="0" type="stmt"/>
        <line num="506" count="0" type="cond" truecount="0" falsecount="2"/>
        <line num="508" count="0" type="cond" truecount="0" falsecount="2"/>
        <line num="509" count="0" type="stmt"/>
        <line num="513" count="0" type="stmt"/>
        <line num="516" count="0" type="stmt"/>
        <line num="526" count="0" type="stmt"/>
        <line num="535" count="3" type="stmt"/>
        <line num="536" count="0" type="stmt"/>
        <line num="542" count="0" type="cond" truecount="0" falsecount="2"/>
        <line num="543" count="0" type="stmt"/>
        <line num="544" count="0" type="stmt"/>
        <line num="548" count="0" type="cond" truecount="0" falsecount="4"/>
        <line num="549" count="0" type="stmt"/>
        <line num="550" count="0" type="stmt"/>
        <line num="553" count="0" type="stmt"/>
        <line num="562" count="3" type="stmt"/>
        <line num="563" count="0" type="stmt"/>
        <line num="565" count="0" type="stmt"/>
        <line num="567" count="0" type="cond" truecount="0" falsecount="2"/>
        <line num="568" count="0" type="stmt"/>
        <line num="569" count="0" type="stmt"/>
        <line num="573" count="0" type="cond" truecount="0" falsecount="2"/>
        <line num="574" count="0" type="cond" truecount="0" falsecount="4"/>
        <line num="575" count="0" type="stmt"/>
        <line num="576" count="0" type="stmt"/>
        <line num="581" count="0" type="cond" truecount="0" falsecount="4"/>
        <line num="582" count="0" type="stmt"/>
        <line num="583" count="0" type="stmt"/>
        <line num="587" count="0" type="cond" truecount="0" falsecount="6"/>
        <line num="588" count="0" type="stmt"/>
        <line num="589" count="0" type="stmt"/>
        <line num="592" count="0" type="stmt"/>
        <line num="595" count="0" type="stmt"/>
        <line num="596" count="0" type="stmt"/>
        <line num="598" count="0" type="cond" truecount="0" falsecount="2"/>
        <line num="599" count="0" type="cond" truecount="0" falsecount="2"/>
        <line num="600" count="0" type="cond" truecount="0" falsecount="2"/>
        <line num="601" count="0" type="cond" truecount="0" falsecount="2"/>
        <line num="602" count="0" type="cond" truecount="0" falsecount="2"/>
        <line num="603" count="0" type="cond" truecount="0" falsecount="2"/>
        <line num="604" count="0" type="stmt"/>
        <line num="605" count="0" type="stmt"/>
        <line num="609" count="0" type="cond" truecount="0" falsecount="2"/>
        <line num="610" count="0" type="stmt"/>
        <line num="611" count="0" type="cond" truecount="0" falsecount="4"/>
        <line num="614" count="0" type="stmt"/>
        <line num="616" count="0" type="cond" truecount="0" falsecount="4"/>
        <line num="617" count="0" type="stmt"/>
        <line num="618" count="0" type="stmt"/>
        <line num="619" count="0" type="cond" truecount="0" falsecount="2"/>
        <line num="621" count="0" type="stmt"/>
        <line num="622" count="0" type="stmt"/>
        <line num="624" count="0" type="stmt"/>
        <line num="626" count="0" type="stmt"/>
        <line num="629" count="0" type="stmt"/>
        <line num="634" count="0" type="cond" truecount="0" falsecount="4"/>
        <line num="635" count="0" type="stmt"/>
        <line num="636" count="0" type="stmt"/>
        <line num="637" count="0" type="stmt"/>
        <line num="639" count="0" type="stmt"/>
        <line num="644" count="0" type="stmt"/>
        <line num="648" count="0" type="stmt"/>
        <line num="649" count="0" type="stmt"/>
        <line num="657" count="0" type="stmt"/>
        <line num="662" count="0" type="cond" truecount="0" falsecount="4"/>
        <line num="663" count="0" type="stmt"/>
        <line num="666" count="0" type="stmt"/>
        <line num="669" count="0" type="stmt"/>
        <line num="672" count="0" type="stmt"/>
        <line num="674" count="0" type="stmt"/>
        <line num="683" count="0" type="stmt"/>
        <line num="684" count="0" type="stmt"/>
        <line num="687" count="0" type="cond" truecount="0" falsecount="2"/>
        <line num="688" count="0" type="stmt"/>
        <line num="689" count="0" type="stmt"/>
        <line num="693" count="0" type="stmt"/>
        <line num="694" count="0" type="stmt"/>
        <line num="696" count="0" type="stmt"/>
        <line num="705" count="3" type="stmt"/>
        <line num="706" count="0" type="stmt"/>
        <line num="711" count="0" type="cond" truecount="0" falsecount="2"/>
        <line num="712" count="0" type="stmt"/>
        <line num="713" count="0" type="stmt"/>
        <line num="716" count="0" type="stmt"/>
        <line num="725" count="3" type="stmt"/>
        <line num="726" count="0" type="stmt"/>
        <line num="730" count="0" type="cond" truecount="0" falsecount="2"/>
        <line num="731" count="0" type="stmt"/>
        <line num="732" count="0" type="stmt"/>
        <line num="735" count="0" type="cond" truecount="0" falsecount="2"/>
        <line num="736" count="0" type="stmt"/>
        <line num="737" count="0" type="stmt"/>
        <line num="740" count="0" type="cond" truecount="0" falsecount="2"/>
        <line num="741" count="0" type="stmt"/>
        <line num="742" count="0" type="stmt"/>
        <line num="746" count="0" type="cond" truecount="0" falsecount="2"/>
        <line num="747" count="0" type="stmt"/>
        <line num="748" count="0" type="stmt"/>
        <line num="751" count="0" type="stmt"/>
        <line num="752" count="0" type="stmt"/>
        <line num="753" count="0" type="stmt"/>
        <line num="754" count="0" type="cond" truecount="0" falsecount="2"/>
        <line num="757" count="0" type="stmt"/>
        <line num="759" count="0" type="cond" truecount="0" falsecount="4"/>
        <line num="760" count="0" type="stmt"/>
        <line num="761" count="0" type="cond" truecount="0" falsecount="2"/>
        <line num="762" count="0" type="stmt"/>
        <line num="763" count="0" type="stmt"/>
        <line num="768" count="0" type="cond" truecount="0" falsecount="4"/>
        <line num="769" count="0" type="stmt"/>
        <line num="770" count="0" type="stmt"/>
        <line num="776" count="0" type="stmt"/>
        <line num="780" count="0" type="stmt"/>
        <line num="781" count="0" type="stmt"/>
        <line num="789" count="0" type="stmt"/>
        <line num="793" count="0" type="stmt"/>
        <line num="795" count="0" type="stmt"/>
        <line num="798" count="0" type="stmt"/>
        <line num="799" count="0" type="stmt"/>
        <line num="800" count="0" type="stmt"/>
        <line num="809" count="0" type="stmt"/>
        <line num="810" count="0" type="stmt"/>
        <line num="812" count="0" type="cond" truecount="0" falsecount="4"/>
        <line num="813" count="0" type="stmt"/>
        <line num="821" count="0" type="stmt"/>
        <line num="824" count="0" type="stmt"/>
        <line num="835" count="3" type="stmt"/>
        <line num="836" count="0" type="stmt"/>
        <line num="844" count="0" type="stmt"/>
        <line num="853" count="3" type="stmt"/>
        <line num="854" count="0" type="stmt"/>
        <line num="857" count="0" type="cond" truecount="0" falsecount="2"/>
        <line num="858" count="0" type="stmt"/>
        <line num="859" count="0" type="stmt"/>
        <line num="863" count="0" type="cond" truecount="0" falsecount="2"/>
        <line num="864" count="0" type="stmt"/>
        <line num="865" count="0" type="stmt"/>
        <line num="869" count="0" type="cond" truecount="0" falsecount="2"/>
        <line num="870" count="0" type="stmt"/>
        <line num="871" count="0" type="stmt"/>
        <line num="875" count="0" type="stmt"/>
        <line num="876" count="0" type="stmt"/>
        <line num="877" count="0" type="stmt"/>
        <line num="880" count="0" type="cond" truecount="0" falsecount="2"/>
        <line num="881" count="0" type="stmt"/>
        <line num="882" count="0" type="stmt"/>
        <line num="884" count="0" type="cond" truecount="0" falsecount="2"/>
        <line num="885" count="0" type="stmt"/>
        <line num="886" count="0" type="stmt"/>
        <line num="887" count="0" type="cond" truecount="0" falsecount="2"/>
        <line num="888" count="0" type="stmt"/>
        <line num="891" count="0" type="stmt"/>
        <line num="892" count="0" type="cond" truecount="0" falsecount="2"/>
        <line num="893" count="0" type="stmt"/>
        <line num="899" count="0" type="stmt"/>
        <line num="908" count="0" type="cond" truecount="0" falsecount="2"/>
        <line num="909" count="0" type="stmt"/>
        <line num="923" count="0" type="stmt"/>
        <line num="924" count="0" type="stmt"/>
        <line num="926" count="0" type="stmt"/>
        <line num="936" count="3" type="stmt"/>
        <line num="937" count="0" type="stmt"/>
        <line num="940" count="0" type="cond" truecount="0" falsecount="2"/>
        <line num="941" count="0" type="stmt"/>
        <line num="942" count="0" type="stmt"/>
        <line num="945" count="0" type="stmt"/>
        <line num="950" count="0" type="cond" truecount="0" falsecount="2"/>
        <line num="951" count="0" type="stmt"/>
        <line num="952" count="0" type="stmt"/>
        <line num="956" count="0" type="cond" truecount="0" falsecount="2"/>
        <line num="957" count="0" type="stmt"/>
        <line num="958" count="0" type="stmt"/>
        <line num="962" count="0" type="cond" truecount="0" falsecount="2"/>
        <line num="963" count="0" type="stmt"/>
        <line num="964" count="0" type="stmt"/>
        <line num="968" count="0" type="cond" truecount="0" falsecount="4"/>
        <line num="969" count="0" type="stmt"/>
        <line num="970" count="0" type="stmt"/>
        <line num="974" count="0" type="cond" truecount="0" falsecount="4"/>
        <line num="975" count="0" type="stmt"/>
        <line num="976" count="0" type="stmt"/>
        <line num="980" count="0" type="cond" truecount="0" falsecount="4"/>
        <line num="981" count="0" type="stmt"/>
        <line num="989" count="0" type="stmt"/>
        <line num="990" count="0" type="stmt"/>
        <line num="991" count="0" type="stmt"/>
        <line num="993" count="0" type="stmt"/>
        <line num="996" count="0" type="stmt"/>
        <line num="997" count="0" type="cond" truecount="0" falsecount="2"/>
        <line num="999" count="0" type="stmt"/>
        <line num="1011" count="0" type="stmt"/>
        <line num="1012" count="0" type="stmt"/>
        <line num="1015" count="0" type="stmt"/>
        <line num="1018" count="0" type="stmt"/>
        <line num="1028" count="0" type="stmt"/>
        <line num="1041" count="0" type="stmt"/>
        <line num="1043" count="0" type="stmt"/>
        <line num="1050" count="3" type="stmt"/>
        <line num="1055" count="3" type="stmt"/>
        <line num="1056" count="0" type="stmt"/>
        <line num="1058" count="0" type="cond" truecount="0" falsecount="4"/>
        <line num="1059" count="0" type="stmt"/>
        <line num="1060" count="0" type="stmt"/>
        <line num="1064" count="0" type="stmt"/>
        <line num="1065" count="0" type="cond" truecount="0" falsecount="5"/>
        <line num="1066" count="0" type="stmt"/>
        <line num="1067" count="0" type="stmt"/>
        <line num="1069" count="0" type="stmt"/>
        <line num="1072" count="0" type="stmt"/>
        <line num="1073" count="0" type="cond" truecount="0" falsecount="2"/>
        <line num="1074" count="0" type="stmt"/>
        <line num="1075" count="0" type="stmt"/>
        <line num="1077" count="0" type="stmt"/>
        <line num="1080" count="0" type="stmt"/>
        <line num="1081" count="0" type="stmt"/>
        <line num="1082" count="0" type="stmt"/>
        <line num="1085" count="0" type="stmt"/>
        <line num="1087" count="0" type="stmt"/>
        <line num="1099" count="3" type="stmt"/>
      </file>
      <file name="paymentController.js" path="C:\Users\ADMIN\Desktop\FOODFAST\server_app\API\Controllers\paymentController.js">
        <metrics statements="266" coveredstatements="187" conditionals="93" coveredconditionals="52" methods="14" coveredmethods="10"/>
        <line num="1" count="4" type="stmt"/>
        <line num="2" count="4" type="stmt"/>
        <line num="3" count="4" type="stmt"/>
        <line num="4" count="4" type="stmt"/>
        <line num="7" count="4" type="stmt"/>
        <line num="8" count="4" type="cond" truecount="1" falsecount="1"/>
        <line num="9" count="0" type="stmt"/>
        <line num="12" count="4" type="cond" truecount="1" falsecount="1"/>
        <line num="13" count="0" type="stmt"/>
        <line num="16" count="4" type="cond" truecount="1" falsecount="1"/>
        <line num="17" count="0" type="stmt"/>
        <line num="20" count="4" type="stmt"/>
        <line num="24" count="4" type="stmt"/>
        <line num="35" count="4" type="stmt"/>
        <line num="36" count="4" type="stmt"/>
        <line num="38" count="4" type="stmt"/>
        <line num="39" count="4" type="stmt"/>
        <line num="41" count="4" type="stmt"/>
        <line num="43" count="4" type="cond" truecount="2" falsecount="0"/>
        <line num="44" count="1" type="stmt"/>
        <line num="45" count="1" type="stmt"/>
        <line num="48" count="3" type="cond" truecount="2" falsecount="0"/>
        <line num="49" count="1" type="stmt"/>
        <line num="50" count="1" type="stmt"/>
        <line num="53" count="2" type="stmt"/>
        <line num="54" count="2" type="stmt"/>
        <line num="55" count="2" type="cond" truecount="2" falsecount="2"/>
        <line num="60" count="2" type="stmt"/>
        <line num="61" count="2" type="stmt"/>
        <line num="62" count="2" type="stmt"/>
        <line num="64" count="2" type="stmt"/>
        <line num="65" count="2" type="stmt"/>
        <line num="66" count="2" type="stmt"/>
        <line num="67" count="2" type="stmt"/>
        <line num="68" count="2" type="stmt"/>
        <line num="69" count="2" type="stmt"/>
        <line num="70" count="2" type="stmt"/>
        <line num="71" count="2" type="cond" truecount="1" falsecount="1"/>
        <line num="72" count="2" type="stmt"/>
        <line num="73" count="2" type="stmt"/>
        <line num="74" count="2" type="stmt"/>
        <line num="75" count="2" type="stmt"/>
        <line num="76" count="2" type="stmt"/>
        <line num="77" count="2" type="cond" truecount="4" falsecount="1"/>
        <line num="78" count="0" type="stmt"/>
        <line num="81" count="2" type="stmt"/>
        <line num="83" count="2" type="stmt"/>
        <line num="84" count="2" type="stmt"/>
        <line num="85" count="2" type="stmt"/>
        <line num="86" count="2" type="stmt"/>
        <line num="88" count="2" type="stmt"/>
        <line num="91" count="2" type="stmt"/>
        <line num="95" count="2" type="stmt"/>
        <line num="97" count="2" type="stmt"/>
        <line num="109" count="4" type="stmt"/>
        <line num="110" count="3" type="stmt"/>
        <line num="112" count="3" type="stmt"/>
        <line num="114" count="3" type="stmt"/>
        <line num="115" count="3" type="stmt"/>
        <line num="117" count="3" type="stmt"/>
        <line num="119" count="3" type="stmt"/>
        <line num="120" count="3" type="stmt"/>
        <line num="121" count="3" type="stmt"/>
        <line num="123" count="3" type="cond" truecount="2" falsecount="0"/>
        <line num="125" count="2" type="stmt"/>
        <line num="128" count="2" type="stmt"/>
        <line num="132" count="2" type="cond" truecount="2" falsecount="0"/>
        <line num="134" count="1" type="stmt"/>
        <line num="135" count="0" type="stmt"/>
        <line num="165" count="0" type="cond" truecount="0" falsecount="2"/>
        <line num="168" count="1" type="stmt"/>
        <line num="169" count="0" type="stmt"/>
        <line num="179" count="0" type="cond" truecount="0" falsecount="2"/>
        <line num="183" count="1" type="stmt"/>
        <line num="184" count="1" type="cond" truecount="1" falsecount="1"/>
        <line num="187" count="1" type="stmt"/>
        <line num="188" count="1" type="stmt"/>
        <line num="191" count="1" type="cond" truecount="1" falsecount="1"/>
        <line num="192" count="1" type="stmt"/>
        <line num="193" count="1" type="stmt"/>
        <line num="194" count="1" type="stmt"/>
        <line num="197" count="1" type="stmt"/>
        <line num="200" count="1" type="stmt"/>
        <line num="201" count="1" type="stmt"/>
        <line num="202" count="1" type="stmt"/>
        <line num="203" count="1" type="stmt"/>
        <line num="210" count="1" type="cond" truecount="1" falsecount="1"/>
        <line num="211" count="0" type="stmt"/>
        <line num="212" count="0" type="stmt"/>
        <line num="213" count="0" type="stmt"/>
        <line num="214" count="0" type="stmt"/>
        <line num="217" count="0" type="stmt"/>
        <line num="221" count="0" type="stmt"/>
        <line num="222" count="0" type="stmt"/>
        <line num="223" count="0" type="stmt"/>
        <line num="226" count="0" type="stmt"/>
        <line num="227" count="0" type="cond" truecount="0" falsecount="2"/>
        <line num="228" count="0" type="stmt"/>
        <line num="231" count="0" type="stmt"/>
        <line num="232" count="0" type="stmt"/>
        <line num="233" count="0" type="stmt"/>
        <line num="236" count="0" type="cond" truecount="0" falsecount="2"/>
        <line num="237" count="0" type="stmt"/>
        <line num="239" count="0" type="stmt"/>
        <line num="240" count="0" type="stmt"/>
        <line num="241" count="0" type="stmt"/>
        <line num="242" count="0" type="stmt"/>
        <line num="244" count="0" type="stmt"/>
        <line num="247" count="0" type="stmt"/>
        <line num="248" count="0" type="stmt"/>
        <line num="249" count="0" type="stmt"/>
        <line num="250" count="0" type="stmt"/>
        <line num="258" count="0" type="cond" truecount="0" falsecount="2"/>
        <line num="259" count="0" type="stmt"/>
        <line num="260" count="0" type="stmt"/>
        <line num="261" count="0" type="stmt"/>
        <line num="262" count="0" type="stmt"/>
        <line num="265" count="0" type="stmt"/>
        <line num="269" count="0" type="stmt"/>
        <line num="272" count="1" type="stmt"/>
        <line num="285" count="1" type="stmt"/>
        <line num="292" count="1" type="stmt"/>
        <line num="303" count="4" type="stmt"/>
        <line num="304" count="4" type="stmt"/>
        <line num="305" count="4" type="stmt"/>
        <line num="307" count="4" type="stmt"/>
        <line num="308" count="4" type="stmt"/>
        <line num="310" count="4" type="stmt"/>
        <line num="311" count="4" type="stmt"/>
        <line num="313" count="4" type="stmt"/>
        <line num="315" count="4" type="stmt"/>
        <line num="316" count="4" type="stmt"/>
        <line num="317" count="4" type="stmt"/>
        <line num="319" count="4" type="stmt"/>
        <line num="321" count="4" type="stmt"/>
        <line num="322" count="4" type="stmt"/>
        <line num="323" count="4" type="stmt"/>
        <line num="325" count="4" type="cond" truecount="2" falsecount="0"/>
        <line num="327" count="3" type="stmt"/>
        <line num="331" count="3" type="cond" truecount="2" falsecount="0"/>
        <line num="332" count="2" type="stmt"/>
        <line num="334" count="2" type="stmt"/>
        <line num="335" count="2" type="cond" truecount="2" falsecount="0"/>
        <line num="336" count="1" type="stmt"/>
        <line num="337" count="1" type="cond" truecount="1" falsecount="1"/>
        <line num="339" count="1" type="cond" truecount="1" falsecount="1"/>
        <line num="341" count="1" type="stmt"/>
        <line num="342" count="1" type="stmt"/>
        <line num="345" count="1" type="cond" truecount="1" falsecount="1"/>
        <line num="346" count="1" type="stmt"/>
        <line num="347" count="1" type="stmt"/>
        <line num="350" count="1" type="stmt"/>
        <line num="353" count="1" type="stmt"/>
        <line num="354" count="1" type="stmt"/>
        <line num="355" count="1" type="stmt"/>
        <line num="356" count="1" type="stmt"/>
        <line num="363" count="1" type="cond" truecount="1" falsecount="1"/>
        <line num="364" count="0" type="stmt"/>
        <line num="365" count="0" type="stmt"/>
        <line num="366" count="0" type="stmt"/>
        <line num="367" count="0" type="stmt"/>
        <line num="370" count="0" type="stmt"/>
        <line num="373" count="1" type="stmt"/>
        <line num="376" count="0" type="stmt"/>
        <line num="377" count="0" type="stmt"/>
        <line num="407" count="0" type="cond" truecount="0" falsecount="2"/>
        <line num="410" count="0" type="stmt"/>
        <line num="411" count="0" type="stmt"/>
        <line num="421" count="0" type="cond" truecount="0" falsecount="2"/>
        <line num="424" count="0" type="stmt"/>
        <line num="425" count="0" type="stmt"/>
        <line num="426" count="0" type="stmt"/>
        <line num="429" count="0" type="stmt"/>
        <line num="430" count="0" type="cond" truecount="0" falsecount="2"/>
        <line num="431" count="0" type="stmt"/>
        <line num="434" count="0" type="stmt"/>
        <line num="435" count="0" type="stmt"/>
        <line num="436" count="0" type="stmt"/>
        <line num="439" count="0" type="cond" truecount="0" falsecount="2"/>
        <line num="440" count="0" type="stmt"/>
        <line num="442" count="0" type="stmt"/>
        <line num="443" count="0" type="stmt"/>
        <line num="444" count="0" type="stmt"/>
        <line num="445" count="0" type="stmt"/>
        <line num="447" count="0" type="stmt"/>
        <line num="450" count="0" type="stmt"/>
        <line num="451" count="0" type="stmt"/>
        <line num="452" count="0" type="stmt"/>
        <line num="453" count="0" type="stmt"/>
        <line num="461" count="0" type="cond" truecount="0" falsecount="2"/>
        <line num="462" count="0" type="stmt"/>
        <line num="463" count="0" type="stmt"/>
        <line num="464" count="0" type="stmt"/>
        <line num="465" count="0" type="stmt"/>
        <line num="468" count="0" type="stmt"/>
        <line num="471" count="0" type="stmt"/>
        <line num="474" count="0" type="stmt"/>
        <line num="480" count="1" type="stmt"/>
        <line num="481" count="1" type="stmt"/>
        <line num="484" count="1" type="stmt"/>
        <line num="485" count="1" type="stmt"/>
        <line num="488" count="1" type="stmt"/>
        <line num="495" count="4" type="stmt"/>
        <line num="496" count="1" type="stmt"/>
        <line num="497" count="1" type="stmt"/>
        <line num="499" count="1" type="stmt"/>
        <line num="501" count="1" type="stmt"/>
        <line num="502" count="1" type="stmt"/>
        <line num="503" count="1" type="stmt"/>
        <line num="504" count="1" type="stmt"/>
        <line num="505" count="1" type="stmt"/>
        <line num="506" count="1" type="stmt"/>
        <line num="507" count="1" type="stmt"/>
        <line num="510" count="1" type="cond" truecount="2" falsecount="2"/>
        <line num="515" count="1" type="stmt"/>
        <line num="518" count="1" type="stmt"/>
        <line num="536" count="1" type="stmt"/>
        <line num="537" count="1" type="stmt"/>
        <line num="539" count="1" type="stmt"/>
        <line num="552" count="1" type="stmt"/>
        <line num="562" count="4" type="stmt"/>
        <line num="563" count="1" type="stmt"/>
        <line num="564" count="1" type="stmt"/>
        <line num="566" count="1" type="stmt"/>
        <line num="568" count="1" type="stmt"/>
        <line num="569" count="1" type="stmt"/>
        <line num="570" count="1" type="stmt"/>
        <line num="571" count="1" type="stmt"/>
        <line num="572" count="1" type="stmt"/>
        <line num="573" count="1" type="stmt"/>
        <line num="574" count="1" type="stmt"/>
        <line num="575" count="1" type="stmt"/>
        <line num="576" count="1" type="stmt"/>
        <line num="578" count="1" type="stmt"/>
        <line num="581" count="1" type="cond" truecount="2" falsecount="2"/>
        <line num="586" count="1" type="stmt"/>
        <line num="587" count="1" type="stmt"/>
        <line num="590" count="1" type="stmt"/>
        <line num="616" count="1" type="stmt"/>
        <line num="617" count="1" type="stmt"/>
        <line num="619" count="1" type="stmt"/>
        <line num="636" count="1" type="stmt"/>
        <line num="646" count="4" type="stmt"/>
        <line num="650" count="1" type="stmt"/>
        <line num="659" count="4" type="stmt"/>
        <line num="660" count="1" type="stmt"/>
        <line num="669" count="4" type="stmt"/>
        <line num="670" count="4" type="stmt"/>
        <line num="672" count="4" type="stmt"/>
        <line num="674" count="4" type="cond" truecount="2" falsecount="0"/>
        <line num="675" count="1" type="stmt"/>
        <line num="676" count="1" type="stmt"/>
        <line num="679" count="3" type="cond" truecount="2" falsecount="0"/>
        <line num="683" count="1" type="stmt"/>
        <line num="684" count="1" type="stmt"/>
        <line num="687" count="2" type="stmt"/>
        <line num="701" count="9" type="stmt"/>
        <line num="702" count="9" type="stmt"/>
        <line num="704" count="9" type="stmt"/>
        <line num="705" count="43" type="cond" truecount="1" falsecount="1"/>
        <line num="706" count="43" type="stmt"/>
        <line num="709" count="9" type="stmt"/>
        <line num="710" count="9" type="stmt"/>
        <line num="711" count="43" type="stmt"/>
        <line num="713" count="9" type="stmt"/>
        <line num="716" count="4" type="stmt"/>
      </file>
      <file name="productController.js" path="C:\Users\ADMIN\Desktop\FOODFAST\server_app\API\Controllers\productController.js">
        <metrics statements="102" coveredstatements="68" conditionals="52" coveredconditionals="33" methods="8" coveredmethods="6"/>
        <line num="1" count="4" type="stmt"/>
        <line num="2" count="4" type="stmt"/>
        <line num="3" count="4" type="stmt"/>
        <line num="8" count="4" type="stmt"/>
        <line num="9" count="4" type="stmt"/>
        <line num="11" count="4" type="stmt"/>
        <line num="14" count="4" type="cond" truecount="2" falsecount="2"/>
        <line num="15" count="0" type="cond" truecount="0" falsecount="2"/>
        <line num="16" count="0" type="stmt"/>
        <line num="17" count="0" type="stmt"/>
        <line num="19" count="0" type="stmt"/>
        <line num="22" count="4" type="stmt"/>
        <line num="26" count="4" type="cond" truecount="1" falsecount="1"/>
        <line num="27" count="0" type="stmt"/>
        <line num="31" count="4" type="cond" truecount="2" falsecount="0"/>
        <line num="32" count="1" type="stmt"/>
        <line num="36" count="4" type="cond" truecount="4" falsecount="0"/>
        <line num="37" count="1" type="stmt"/>
        <line num="41" count="4" type="cond" truecount="4" falsecount="0"/>
        <line num="42" count="1" type="stmt"/>
        <line num="43" count="1" type="cond" truecount="1" falsecount="1"/>
        <line num="44" count="1" type="cond" truecount="1" falsecount="1"/>
        <line num="48" count="4" type="stmt"/>
        <line num="49" count="4" type="cond" truecount="1" falsecount="1"/>
        <line num="50" count="4" type="cond" truecount="1" falsecount="1"/>
        <line num="51" count="4" type="cond" truecount="1" falsecount="1"/>
        <line num="52" count="4" type="cond" truecount="1" falsecount="1"/>
        <line num="54" count="4" type="stmt"/>
        <line num="60" count="4" type="stmt"/>
        <line num="61" count="4" type="stmt"/>
        <line num="62" count="3" type="stmt"/>
        <line num="65" count="3" type="stmt"/>
        <line num="73" count="3" type="cond" truecount="1" falsecount="1"/>
        <line num="74" count="0" type="stmt"/>
        <line num="75" count="0" type="stmt"/>
        <line num="76" count="0" type="stmt"/>
        <line num="78" count="0" type="stmt"/>
        <line num="85" count="0" type="stmt"/>
        <line num="88" count="3" type="stmt"/>
        <line num="91" count="4" type="stmt"/>
        <line num="101" count="4" type="stmt"/>
        <line num="102" count="2" type="stmt"/>
        <line num="106" count="2" type="cond" truecount="2" falsecount="0"/>
        <line num="107" count="1" type="stmt"/>
        <line num="108" count="1" type="stmt"/>
        <line num="111" count="1" type="stmt"/>
        <line num="114" count="1" type="stmt"/>
        <line num="115" count="1" type="stmt"/>
        <line num="123" count="1" type="cond" truecount="1" falsecount="1"/>
        <line num="124" count="0" type="stmt"/>
        <line num="125" count="0" type="stmt"/>
        <line num="126" count="0" type="stmt"/>
        <line num="128" count="0" type="stmt"/>
        <line num="135" count="0" type="stmt"/>
        <line num="138" count="1" type="stmt"/>
        <line num="147" count="4" type="stmt"/>
        <line num="149" count="3" type="cond" truecount="1" falsecount="1"/>
        <line num="150" count="0" type="stmt"/>
        <line num="151" count="0" type="stmt"/>
        <line num="154" count="3" type="stmt"/>
        <line num="160" count="3" type="cond" truecount="1" falsecount="1"/>
        <line num="161" count="0" type="stmt"/>
        <line num="164" count="3" type="stmt"/>
        <line num="167" count="1" type="stmt"/>
        <line num="168" count="1" type="stmt"/>
        <line num="170" count="1" type="stmt"/>
        <line num="179" count="4" type="stmt"/>
        <line num="180" count="2" type="stmt"/>
        <line num="182" count="2" type="cond" truecount="2" falsecount="0"/>
        <line num="183" count="1" type="stmt"/>
        <line num="184" count="1" type="stmt"/>
        <line num="188" count="1" type="cond" truecount="3" falsecount="1"/>
        <line num="190" count="0" type="stmt"/>
        <line num="191" count="0" type="stmt"/>
        <line num="194" count="1" type="stmt"/>
        <line num="197" count="1" type="cond" truecount="1" falsecount="1"/>
        <line num="198" count="0" type="stmt"/>
        <line num="201" count="1" type="stmt"/>
        <line num="204" count="1" type="stmt"/>
        <line num="211" count="1" type="stmt"/>
        <line num="220" count="4" type="stmt"/>
        <line num="221" count="2" type="stmt"/>
        <line num="223" count="2" type="cond" truecount="2" falsecount="0"/>
        <line num="224" count="1" type="stmt"/>
        <line num="225" count="1" type="stmt"/>
        <line num="228" count="1" type="stmt"/>
        <line num="230" count="1" type="stmt"/>
        <line num="239" count="4" type="stmt"/>
        <line num="240" count="0" type="stmt"/>
        <line num="247" count="0" type="stmt"/>
        <line num="248" count="0" type="stmt"/>
        <line num="249" count="0" type="stmt"/>
        <line num="252" count="0" type="stmt"/>
        <line num="260" count="0" type="cond" truecount="0" falsecount="2"/>
        <line num="261" count="0" type="stmt"/>
        <line num="262" count="0" type="stmt"/>
        <line num="263" count="0" type="stmt"/>
        <line num="265" count="0" type="stmt"/>
        <line num="272" count="0" type="stmt"/>
        <line num="275" count="0" type="stmt"/>
        <line num="278" count="0" type="stmt"/>
        <line num="284" count="4" type="stmt"/>
      </file>
      <file name="promotionController.js" path="C:\Users\ADMIN\Desktop\FOODFAST\server_app\API\Controllers\promotionController.js">
        <metrics statements="100" coveredstatements="38" conditionals="38" coveredconditionals="3" methods="9" coveredmethods="5"/>
        <line num="1" count="4" type="stmt"/>
        <line num="2" count="4" type="stmt"/>
        <line num="3" count="4" type="stmt"/>
        <line num="6" count="4" type="stmt"/>
        <line num="7" count="0" type="stmt"/>
        <line num="8" count="0" type="stmt"/>
        <line num="10" count="0" type="cond" truecount="0" falsecount="2"/>
        <line num="11" count="0" type="stmt"/>
        <line num="17" count="0" type="stmt"/>
        <line num="21" count="0" type="stmt"/>
        <line num="26" count="0" type="stmt"/>
        <line num="27" count="0" type="stmt"/>
        <line num="36" count="4" type="stmt"/>
        <line num="37" count="2" type="stmt"/>
        <line num="38" count="2" type="stmt"/>
        <line num="39" count="2" type="stmt"/>
        <line num="41" count="2" type="stmt"/>
        <line num="48" count="2" type="stmt"/>
        <line num="53" count="0" type="stmt"/>
        <line num="54" count="0" type="stmt"/>
        <line num="63" count="4" type="stmt"/>
        <line num="64" count="1" type="stmt"/>
        <line num="65" count="1" type="stmt"/>
        <line num="67" count="1" type="cond" truecount="1" falsecount="1"/>
        <line num="68" count="0" type="stmt"/>
        <line num="74" count="1" type="stmt"/>
        <line num="77" count="1" type="cond" truecount="1" falsecount="1"/>
        <line num="78" count="1" type="stmt"/>
        <line num="84" count="0" type="stmt"/>
        <line num="94" count="0" type="stmt"/>
        <line num="96" count="0" type="stmt"/>
        <line num="102" count="0" type="stmt"/>
        <line num="103" count="0" type="stmt"/>
        <line num="112" count="4" type="stmt"/>
        <line num="113" count="0" type="stmt"/>
        <line num="114" count="0" type="stmt"/>
        <line num="115" count="0" type="stmt"/>
        <line num="117" count="0" type="cond" truecount="0" falsecount="2"/>
        <line num="118" count="0" type="stmt"/>
        <line num="124" count="0" type="stmt"/>
        <line num="129" count="0" type="cond" truecount="0" falsecount="2"/>
        <line num="130" count="0" type="stmt"/>
        <line num="136" count="0" type="stmt"/>
        <line num="139" count="0" type="cond" truecount="0" falsecount="2"/>
        <line num="140" count="0" type="cond" truecount="0" falsecount="2"/>
        <line num="142" count="0" type="cond" truecount="0" falsecount="2"/>
        <line num="143" count="0" type="stmt"/>
        <line num="149" count="0" type="stmt"/>
        <line num="159" count="0" type="stmt"/>
        <line num="160" count="0" type="stmt"/>
        <line num="162" count="0" type="stmt"/>
        <line num="168" count="0" type="stmt"/>
        <line num="169" count="0" type="stmt"/>
        <line num="178" count="4" type="stmt"/>
        <line num="179" count="0" type="stmt"/>
        <line num="180" count="0" type="stmt"/>
        <line num="181" count="0" type="stmt"/>
        <line num="183" count="0" type="cond" truecount="0" falsecount="2"/>
        <line num="184" count="0" type="stmt"/>
        <line num="190" count="0" type="stmt"/>
        <line num="195" count="0" type="cond" truecount="0" falsecount="2"/>
        <line num="196" count="0" type="stmt"/>
        <line num="202" count="0" type="stmt"/>
        <line num="207" count="0" type="stmt"/>
        <line num="208" count="0" type="stmt"/>
        <line num="217" count="4" type="stmt"/>
        <line num="218" count="0" type="stmt"/>
        <line num="219" count="0" type="stmt"/>
        <line num="220" count="0" type="stmt"/>
        <line num="222" count="0" type="cond" truecount="0" falsecount="2"/>
        <line num="223" count="0" type="stmt"/>
        <line num="229" count="0" type="stmt"/>
        <line num="234" count="0" type="cond" truecount="0" falsecount="2"/>
        <line num="235" count="0" type="stmt"/>
        <line num="241" count="0" type="stmt"/>
        <line num="242" count="0" type="stmt"/>
        <line num="243" count="0" type="stmt"/>
        <line num="245" count="0" type="stmt"/>
        <line num="251" count="0" type="stmt"/>
        <line num="252" count="0" type="stmt"/>
        <line num="261" count="4" type="stmt"/>
        <line num="262" count="2" type="stmt"/>
        <line num="263" count="2" type="stmt"/>
        <line num="264" count="2" type="stmt"/>
        <line num="267" count="2" type="stmt"/>
        <line num="275" count="2" type="stmt"/>
        <line num="279" count="2" type="stmt"/>
        <line num="280" count="2" type="stmt"/>
        <line num="281" count="2" type="stmt"/>
        <line num="282" count="2" type="stmt"/>
        <line num="285" count="2" type="cond" truecount="1" falsecount="1"/>
        <line num="286" count="2" type="stmt"/>
        <line num="287" count="2" type="stmt"/>
        <line num="288" count="2" type="stmt"/>
        <line num="290" count="2" type="stmt"/>
        <line num="297" count="2" type="stmt"/>
        <line num="300" count="2" type="stmt"/>
        <line num="303" count="2" type="stmt"/>
        <line num="308" count="0" type="stmt"/>
        <line num="309" count="0" type="stmt"/>
      </file>
      <file name="restaurantController.js" path="C:\Users\ADMIN\Desktop\FOODFAST\server_app\API\Controllers\restaurantController.js">
        <metrics statements="185" coveredstatements="16" conditionals="143" coveredconditionals="0" methods="14" coveredmethods="0"/>
        <line num="1" count="3" type="stmt"/>
        <line num="2" count="3" type="stmt"/>
        <line num="3" count="3" type="stmt"/>
        <line num="4" count="3" type="stmt"/>
        <line num="9" count="3" type="stmt"/>
        <line num="10" count="0" type="stmt"/>
        <line num="12" count="0" type="stmt"/>
        <line num="15" count="0" type="cond" truecount="0" falsecount="2"/>
        <line num="16" count="0" type="stmt"/>
        <line num="20" count="0" type="cond" truecount="0" falsecount="2"/>
        <line num="21" count="0" type="stmt"/>
        <line num="25" count="0" type="cond" truecount="0" falsecount="2"/>
        <line num="26" count="0" type="stmt"/>
        <line num="29" count="0" type="stmt"/>
        <line num="33" count="0" type="stmt"/>
        <line num="43" count="3" type="stmt"/>
        <line num="44" count="0" type="stmt"/>
        <line num="47" count="0" type="cond" truecount="0" falsecount="2"/>
        <line num="48" count="0" type="stmt"/>
        <line num="49" count="0" type="stmt"/>
        <line num="52" count="0" type="stmt"/>
        <line num="61" count="3" type="stmt"/>
        <line num="62" count="0" type="cond" truecount="0" falsecount="1"/>
        <line num="64" count="0" type="cond" truecount="0" falsecount="4"/>
        <line num="65" count="0" type="stmt"/>
        <line num="66" count="0" type="stmt"/>
        <line num="69" count="0" type="stmt"/>
        <line num="82" count="0" type="stmt"/>
        <line num="92" count="3" type="stmt"/>
        <line num="93" count="0" type="stmt"/>
        <line num="95" count="0" type="stmt"/>
        <line num="104" count="3" type="stmt"/>
        <line num="123" count="0" type="stmt"/>
        <line num="126" count="0" type="cond" truecount="0" falsecount="6"/>
        <line num="127" count="0" type="stmt"/>
        <line num="128" count="0" type="stmt"/>
        <line num="132" count="0" type="stmt"/>
        <line num="133" count="0" type="cond" truecount="0" falsecount="2"/>
        <line num="134" count="0" type="stmt"/>
        <line num="135" count="0" type="stmt"/>
        <line num="140" count="0" type="stmt"/>
        <line num="150" count="0" type="stmt"/>
        <line num="166" count="0" type="cond" truecount="0" falsecount="4"/>
        <line num="167" count="0" type="stmt"/>
        <line num="173" count="0" type="stmt"/>
        <line num="179" count="0" type="stmt"/>
        <line num="182" count="0" type="stmt"/>
        <line num="184" count="0" type="stmt"/>
        <line num="187" count="0" type="stmt"/>
        <line num="204" count="3" type="stmt"/>
        <line num="205" count="0" type="stmt"/>
        <line num="207" count="0" type="cond" truecount="0" falsecount="2"/>
        <line num="208" count="0" type="stmt"/>
        <line num="209" count="0" type="stmt"/>
        <line num="213" count="0" type="cond" truecount="0" falsecount="2"/>
        <line num="217" count="0" type="stmt"/>
        <line num="218" count="0" type="stmt"/>
        <line num="222" count="0" type="stmt"/>
        <line num="225" count="0" type="cond" truecount="0" falsecount="4"/>
        <line num="226" count="0" type="stmt"/>
        <line num="227" count="0" type="stmt"/>
        <line num="230" count="0" type="stmt"/>
        <line num="235" count="0" type="cond" truecount="0" falsecount="4"/>
        <line num="236" count="0" type="stmt"/>
        <line num="238" count="0" type="stmt"/>
        <line num="239" count="0" type="cond" truecount="0" falsecount="2"/>
        <line num="240" count="0" type="stmt"/>
        <line num="250" count="0" type="cond" truecount="0" falsecount="4"/>
        <line num="251" count="0" type="stmt"/>
        <line num="253" count="0" type="cond" truecount="0" falsecount="2"/>
        <line num="254" count="0" type="stmt"/>
        <line num="257" count="0" type="cond" truecount="0" falsecount="2"/>
        <line num="258" count="0" type="stmt"/>
        <line num="261" count="0" type="cond" truecount="0" falsecount="4"/>
        <line num="262" count="0" type="stmt"/>
        <line num="265" count="0" type="cond" truecount="0" falsecount="2"/>
        <line num="267" count="0" type="stmt"/>
        <line num="272" count="0" type="cond" truecount="0" falsecount="2"/>
        <line num="273" count="0" type="stmt"/>
        <line num="276" count="0" type="stmt"/>
        <line num="284" count="0" type="stmt"/>
        <line num="293" count="3" type="stmt"/>
        <line num="294" count="0" type="stmt"/>
        <line num="296" count="0" type="cond" truecount="0" falsecount="2"/>
        <line num="297" count="0" type="stmt"/>
        <line num="298" count="0" type="stmt"/>
        <line num="301" count="0" type="stmt"/>
        <line num="303" count="0" type="stmt"/>
        <line num="312" count="3" type="stmt"/>
        <line num="313" count="0" type="stmt"/>
        <line num="315" count="0" type="stmt"/>
        <line num="317" count="0" type="cond" truecount="0" falsecount="2"/>
        <line num="318" count="0" type="stmt"/>
        <line num="319" count="0" type="stmt"/>
        <line num="322" count="0" type="stmt"/>
        <line num="329" count="0" type="stmt"/>
        <line num="341" count="3" type="stmt"/>
        <line num="342" count="0" type="stmt"/>
        <line num="344" count="0" type="stmt"/>
        <line num="346" count="0" type="cond" truecount="0" falsecount="2"/>
        <line num="347" count="0" type="stmt"/>
        <line num="348" count="0" type="stmt"/>
        <line num="352" count="0" type="cond" truecount="0" falsecount="2"/>
        <line num="356" count="0" type="stmt"/>
        <line num="357" count="0" type="stmt"/>
        <line num="360" count="0" type="stmt"/>
        <line num="363" count="0" type="stmt"/>
        <line num="366" count="0" type="cond" truecount="0" falsecount="2"/>
        <line num="367" count="0" type="stmt"/>
        <line num="371" count="0" type="cond" truecount="0" falsecount="4"/>
        <line num="372" count="0" type="stmt"/>
        <line num="373" count="0" type="cond" truecount="0" falsecount="2"/>
        <line num="374" count="0" type="cond" truecount="0" falsecount="2"/>
        <line num="375" count="0" type="stmt"/>
        <line num="376" count="0" type="stmt"/>
        <line num="377" count="0" type="stmt"/>
        <line num="381" count="0" type="stmt"/>
        <line num="394" count="0" type="stmt"/>
        <line num="404" count="3" type="stmt"/>
        <line num="405" count="0" type="stmt"/>
        <line num="407" count="0" type="cond" truecount="0" falsecount="2"/>
        <line num="408" count="0" type="stmt"/>
        <line num="409" count="0" type="stmt"/>
        <line num="413" count="0" type="cond" truecount="0" falsecount="2"/>
        <line num="417" count="0" type="stmt"/>
        <line num="418" count="0" type="stmt"/>
        <line num="421" count="0" type="stmt"/>
        <line num="422" count="0" type="stmt"/>
        <line num="424" count="0" type="stmt"/>
        <line num="433" count="3" type="stmt"/>
        <line num="434" count="0" type="stmt"/>
        <line num="435" count="0" type="stmt"/>
        <line num="437" count="0" type="stmt"/>
        <line num="439" count="0" type="cond" truecount="0" falsecount="2"/>
        <line num="440" count="0" type="stmt"/>
        <line num="441" count="0" type="stmt"/>
        <line num="445" count="0" type="cond" truecount="0" falsecount="2"/>
        <line num="449" count="0" type="stmt"/>
        <line num="450" count="0" type="stmt"/>
        <line num="454" count="0" type="stmt"/>
        <line num="455" count="0" type="stmt"/>
        <line num="456" count="0" type="cond" truecount="0" falsecount="4"/>
        <line num="457" count="0" type="stmt"/>
        <line num="458" count="0" type="cond" truecount="0" falsecount="2"/>
        <line num="459" count="0" type="cond" truecount="0" falsecount="2"/>
        <line num="460" count="0" type="stmt"/>
        <line num="461" count="0" type="stmt"/>
        <line num="462" count="0" type="stmt"/>
        <line num="467" count="0" type="stmt"/>
        <line num="473" count="0" type="stmt"/>
        <line num="479" count="0" type="stmt"/>
        <line num="493" count="0" type="stmt"/>
        <line num="494" count="0" type="stmt"/>
        <line num="495" count="0" type="stmt"/>
        <line num="499" count="0" type="stmt"/>
        <line num="515" count="0" type="cond" truecount="0" falsecount="2"/>
        <line num="516" count="0" type="cond" truecount="0" falsecount="2"/>
        <line num="517" count="0" type="cond" truecount="0" falsecount="2"/>
        <line num="520" count="0" type="stmt"/>
        <line num="521" count="0" type="cond" truecount="0" falsecount="4"/>
        <line num="522" count="0" type="stmt"/>
        <line num="523" count="0" type="stmt"/>
        <line num="524" count="0" type="stmt"/>
        <line num="526" count="0" type="stmt"/>
        <line num="527" count="0" type="stmt"/>
        <line num="528" count="0" type="stmt"/>
        <line num="529" count="0" type="stmt"/>
        <line num="531" count="0" type="stmt"/>
        <line num="549" count="0" type="cond" truecount="0" falsecount="2"/>
        <line num="550" count="0" type="cond" truecount="0" falsecount="2"/>
        <line num="551" count="0" type="stmt"/>
        <line num="556" count="0" type="stmt"/>
        <line num="561" count="0" type="stmt"/>
        <line num="562" count="0" type="stmt"/>
        <line num="564" count="0" type="stmt"/>
        <line num="570" count="0" type="stmt"/>
        <line num="586" count="0" type="cond" truecount="0" falsecount="2"/>
        <line num="589" count="0" type="stmt"/>
        <line num="604" count="0" type="stmt"/>
        <line num="605" count="0" type="stmt"/>
        <line num="606" count="0" type="stmt"/>
        <line num="613" count="0" type="stmt"/>
        <line num="632" count="0" type="stmt"/>
        <line num="665" count="0" type="stmt"/>
        <line num="694" count="3" type="stmt"/>
      </file>
      <file name="userController.js" path="C:\Users\ADMIN\Desktop\FOODFAST\server_app\API\Controllers\userController.js">
        <metrics statements="61" coveredstatements="10" conditionals="20" coveredconditionals="0" methods="7" coveredmethods="0"/>
        <line num="1" count="3" type="stmt"/>
        <line num="2" count="3" type="stmt"/>
        <line num="7" count="3" type="stmt"/>
        <line num="8" count="0" type="stmt"/>
        <line num="10" count="0" type="stmt"/>
        <line num="12" count="0" type="cond" truecount="0" falsecount="2"/>
        <line num="13" count="0" type="stmt"/>
        <line num="16" count="0" type="cond" truecount="0" falsecount="2"/>
        <line num="17" count="0" type="stmt"/>
        <line num="23" count="0" type="stmt"/>
        <line num="25" count="0" type="stmt"/>
        <line num="35" count="3" type="stmt"/>
        <line num="36" count="0" type="stmt"/>
        <line num="38" count="0" type="cond" truecount="0" falsecount="2"/>
        <line num="39" count="0" type="stmt"/>
        <line num="40" count="0" type="stmt"/>
        <line num="43" count="0" type="stmt"/>
        <line num="52" count="3" type="stmt"/>
        <line num="53" count="0" type="stmt"/>
        <line num="55" count="0" type="cond" truecount="0" falsecount="2"/>
        <line num="56" count="0" type="stmt"/>
        <line num="57" count="0" type="stmt"/>
        <line num="61" count="0" type="cond" truecount="0" falsecount="2"/>
        <line num="62" count="0" type="stmt"/>
        <line num="65" count="0" type="stmt"/>
        <line num="70" count="0" type="stmt"/>
        <line num="79" count="3" type="stmt"/>
        <line num="80" count="0" type="stmt"/>
        <line num="82" count="0" type="cond" truecount="0" falsecount="2"/>
        <line num="83" count="0" type="stmt"/>
        <line num="84" count="0" type="stmt"/>
        <line num="87" count="0" type="stmt"/>
        <line num="89" count="0" type="stmt"/>
        <line num="98" count="3" type="stmt"/>
        <line num="99" count="0" type="stmt"/>
        <line num="100" count="0" type="stmt"/>
        <line num="101" count="0" type="stmt"/>
        <line num="104" count="0" type="stmt"/>
        <line num="105" count="0" type="stmt"/>
        <line num="106" count="0" type="stmt"/>
        <line num="108" count="0" type="stmt"/>
        <line num="113" count="0" type="stmt"/>
        <line num="127" count="3" type="stmt"/>
        <line num="128" count="0" type="stmt"/>
        <line num="130" count="0" type="stmt"/>
        <line num="132" count="0" type="cond" truecount="0" falsecount="2"/>
        <line num="133" count="0" type="stmt"/>
        <line num="134" count="0" type="stmt"/>
        <line num="138" count="0" type="cond" truecount="0" falsecount="2"/>
        <line num="142" count="0" type="stmt"/>
        <line num="143" count="0" type="stmt"/>
        <line num="146" count="0" type="stmt"/>
        <line num="151" count="0" type="stmt"/>
        <line num="161" count="3" type="stmt"/>
        <line num="162" count="0" type="stmt"/>
        <line num="164" count="0" type="cond" truecount="0" falsecount="2"/>
        <line num="165" count="0" type="stmt"/>
        <line num="166" count="0" type="stmt"/>
        <line num="169" count="0" type="stmt"/>
        <line num="171" count="0" type="stmt"/>
        <line num="177" count="3" type="stmt"/>
      </file>
    </package>
    <package name="Middleware">
      <metrics statements="50" coveredstatements="46" conditionals="26" coveredconditionals="22" methods="8" coveredmethods="7"/>
      <file name="asyncHandler.js" path="C:\Users\ADMIN\Desktop\FOODFAST\server_app\API\Middleware\asyncHandler.js">
        <metrics statements="3" coveredstatements="3" conditionals="0" coveredconditionals="0" methods="2" coveredmethods="2"/>
        <line num="1" count="208" type="stmt"/>
        <line num="2" count="74" type="stmt"/>
        <line num="4" count="7" type="stmt"/>
      </file>
      <file name="authMiddleware.js" path="C:\Users\ADMIN\Desktop\FOODFAST\server_app\API\Middleware\authMiddleware.js">
        <metrics statements="31" coveredstatements="27" conditionals="14" coveredconditionals="10" methods="4" coveredmethods="3"/>
        <line num="1" count="4" type="stmt"/>
        <line num="2" count="4" type="stmt"/>
        <line num="3" count="4" type="stmt"/>
        <line num="5" count="4" type="stmt"/>
        <line num="8" count="21" type="cond" truecount="4" falsecount="0"/>
        <line num="9" count="18" type="stmt"/>
        <line num="11" count="18" type="stmt"/>
        <line num="14" count="18" type="stmt"/>
        <line num="17" count="17" type="stmt"/>
        <line num="19" count="17" type="cond" truecount="2" falsecount="0"/>
        <line num="20" count="1" type="stmt"/>
        <line num="21" count="1" type="stmt"/>
        <line num="24" count="16" type="stmt"/>
        <line num="26" count="2" type="stmt"/>
        <line num="27" count="2" type="stmt"/>
        <line num="28" count="2" type="stmt"/>
        <line num="32" count="19" type="cond" truecount="2" falsecount="0"/>
        <line num="33" count="3" type="stmt"/>
        <line num="34" count="3" type="stmt"/>
        <line num="38" count="4" type="stmt"/>
        <line num="39" count="98" type="stmt"/>
        <line num="40" count="2" type="cond" truecount="2" falsecount="0"/>
        <line num="41" count="1" type="stmt"/>
        <line num="42" count="1" type="stmt"/>
        <line num="44" count="1" type="stmt"/>
        <line num="49" count="4" type="stmt"/>
        <line num="50" count="0" type="cond" truecount="0" falsecount="4"/>
        <line num="51" count="0" type="stmt"/>
        <line num="53" count="0" type="stmt"/>
        <line num="54" count="0" type="stmt"/>
        <line num="58" count="4" type="stmt"/>
      </file>
      <file name="errorMiddleware.js" path="C:\Users\ADMIN\Desktop\FOODFAST\server_app\API\Middleware\errorMiddleware.js">
        <metrics statements="16" coveredstatements="16" conditionals="12" coveredconditionals="12" methods="2" coveredmethods="2"/>
        <line num="1" count="4" type="stmt"/>
        <line num="3" count="4" type="stmt"/>
        <line num="4" count="13" type="stmt"/>
        <line num="6" count="13" type="stmt"/>
        <line num="7" count="13" type="stmt"/>
        <line num="10" count="13" type="cond" truecount="2" falsecount="0"/>
        <line num="11" count="1" type="stmt"/>
        <line num="12" count="1" type="stmt"/>
        <line num="16" count="13" type="cond" truecount="2" falsecount="0"/>
        <line num="17" count="1" type="stmt"/>
        <line num="18" count="1" type="stmt"/>
        <line num="22" count="13" type="cond" truecount="2" falsecount="0"/>
        <line num="23" count="2" type="stmt"/>
        <line num="24" count="1" type="stmt"/>
        <line num="27" count="13" type="cond" truecount="3" falsecount="0"/>
        <line num="33" count="4" type="stmt"/>
      </file>
    </package>
    <package name="Routers">
      <metrics statements="113" coveredstatements="113" conditionals="0" coveredconditionals="0" methods="1" coveredmethods="1"/>
      <file name="authRouter.js" path="C:\Users\ADMIN\Desktop\FOODFAST\server_app\API\Routers\authRouter.js">
        <metrics statements="11" coveredstatements="11" conditionals="0" coveredconditionals="0" methods="0" coveredmethods="0"/>
        <line num="1" count="3" type="stmt"/>
        <line num="2" count="3" type="stmt"/>
        <line num="9" count="3" type="stmt"/>
        <line num="10" count="3" type="stmt"/>
        <line num="12" count="3" type="stmt"/>
        <line num="13" count="3" type="stmt"/>
        <line num="14" count="3" type="stmt"/>
        <line num="15" count="3" type="stmt"/>
        <line num="16" count="3" type="stmt"/>
        <line num="17" count="3" type="stmt"/>
        <line num="19" count="3" type="stmt"/>
      </file>
      <file name="droneRouter.js" path="C:\Users\ADMIN\Desktop\FOODFAST\server_app\API\Routers\droneRouter.js">
        <metrics statements="20" coveredstatements="20" conditionals="0" coveredconditionals="0" methods="0" coveredmethods="0"/>
        <line num="1" count="3" type="stmt"/>
        <line num="2" count="3" type="stmt"/>
        <line num="15" count="3" type="stmt"/>
        <line num="20" count="3" type="stmt"/>
        <line num="21" count="3" type="stmt"/>
        <line num="23" count="3" type="stmt"/>
        <line num="24" count="3" type="stmt"/>
        <line num="25" count="3" type="stmt"/>
        <line num="26" count="3" type="stmt"/>
        <line num="27" count="3" type="stmt"/>
        <line num="28" count="3" type="stmt"/>
        <line num="29" count="3" type="stmt"/>
        <line num="30" count="3" type="stmt"/>
        <line num="31" count="3" type="stmt"/>
        <line num="32" count="3" type="stmt"/>
        <line num="33" count="3" type="stmt"/>
        <line num="34" count="3" type="stmt"/>
        <line num="35" count="3" type="stmt"/>
        <line num="36" count="3" type="stmt"/>
        <line num="38" count="3" type="stmt"/>
      </file>
      <file name="orderRouter.js" path="C:\Users\ADMIN\Desktop\FOODFAST\server_app\API\Routers\orderRouter.js">
        <metrics statements="15" coveredstatements="15" conditionals="0" coveredconditionals="0" methods="0" coveredmethods="0"/>
        <line num="1" count="3" type="stmt"/>
        <line num="2" count="3" type="stmt"/>
        <line num="14" count="3" type="stmt"/>
        <line num="15" count="3" type="stmt"/>
        <line num="17" count="3" type="stmt"/>
        <line num="18" count="3" type="stmt"/>
        <line num="19" count="3" type="stmt"/>
        <line num="21" count="3" type="stmt"/>
        <line num="25" count="3" type="stmt"/>
        <line num="28" count="3" type="stmt"/>
        <line num="29" count="3" type="stmt"/>
        <line num="30" count="3" type="stmt"/>
        <line num="31" count="3" type="stmt"/>
        <line num="32" count="3" type="stmt"/>
        <line num="34" count="3" type="stmt"/>
      </file>
      <file name="paymentRouter.js" path="C:\Users\ADMIN\Desktop\FOODFAST\server_app\API\Routers\paymentRouter.js">
        <metrics statements="15" coveredstatements="15" conditionals="0" coveredconditionals="0" methods="1" coveredmethods="1"/>
        <line num="1" count="3" type="stmt"/>
        <line num="2" count="3" type="stmt"/>
        <line num="12" count="3" type="stmt"/>
        <line num="13" count="3" type="stmt"/>
        <line num="16" count="3" type="stmt"/>
        <line num="17" count="3" type="stmt"/>
        <line num="18" count="3" type="stmt"/>
        <line num="19" count="3" type="stmt"/>
        <line num="20" count="3" type="stmt"/>
        <line num="23" count="3" type="stmt"/>
        <line num="24" count="3" type="stmt"/>
        <line num="28" count="3" type="stmt"/>
        <line num="29" count="1" type="stmt"/>
        <line num="40" count="3" type="stmt"/>
        <line num="42" count="3" type="stmt"/>
      </file>
      <file name="productRouter.js" path="C:\Users\ADMIN\Desktop\FOODFAST\server_app\API\Routers\productRouter.js">
        <metrics statements="10" coveredstatements="10" conditionals="0" coveredconditionals="0" methods="0" coveredmethods="0"/>
        <line num="1" count="3" type="stmt"/>
        <line num="2" count="3" type="stmt"/>
        <line num="3" count="3" type="stmt"/>
        <line num="11" count="3" type="stmt"/>
        <line num="12" count="3" type="stmt"/>
        <line num="14" count="3" type="stmt"/>
        <line num="15" count="3" type="stmt"/>
        <line num="17" count="3" type="stmt"/>
        <line num="21" count="3" type="stmt"/>
        <line num="26" count="3" type="stmt"/>
      </file>
      <file name="promotionRouter.js" path="C:\Users\ADMIN\Desktop\FOODFAST\server_app\API\Routers\promotionRouter.js">
        <metrics statements="13" coveredstatements="13" conditionals="0" coveredconditionals="0" methods="0" coveredmethods="0"/>
        <line num="1" count="3" type="stmt"/>
        <line num="2" count="3" type="stmt"/>
        <line num="11" count="3" type="stmt"/>
        <line num="12" count="3" type="stmt"/>
        <line num="15" count="3" type="stmt"/>
        <line num="16" count="3" type="stmt"/>
        <line num="19" count="3" type="stmt"/>
        <line num="20" count="3" type="stmt"/>
        <line num="21" count="3" type="stmt"/>
        <line num="22" count="3" type="stmt"/>
        <line num="23" count="3" type="stmt"/>
        <line num="24" count="3" type="stmt"/>
        <line num="26" count="3" type="stmt"/>
      </file>
      <file name="restaurantRouter.js" path="C:\Users\ADMIN\Desktop\FOODFAST\server_app\API\Routers\restaurantRouter.js">
        <metrics statements="17" coveredstatements="17" conditionals="0" coveredconditionals="0" methods="0" coveredmethods="0"/>
        <line num="1" count="3" type="stmt"/>
        <line num="2" count="3" type="stmt"/>
        <line num="3" count="3" type="stmt"/>
        <line num="16" count="3" type="stmt"/>
        <line num="17" count="3" type="stmt"/>
        <line num="19" count="3" type="stmt"/>
        <line num="20" count="3" type="stmt"/>
        <line num="21" count="3" type="stmt"/>
        <line num="22" count="3" type="stmt"/>
        <line num="23" count="3" type="stmt"/>
        <line num="24" count="3" type="stmt"/>
        <line num="25" count="3" type="stmt"/>
        <line num="26" count="3" type="stmt"/>
        <line num="27" count="3" type="stmt"/>
        <line num="28" count="3" type="stmt"/>
        <line num="29" count="3" type="stmt"/>
        <line num="31" count="3" type="stmt"/>
      </file>
      <file name="userRouter.js" path="C:\Users\ADMIN\Desktop\FOODFAST\server_app\API\Routers\userRouter.js">
        <metrics statements="12" coveredstatements="12" conditionals="0" coveredconditionals="0" methods="0" coveredmethods="0"/>
        <line num="1" count="3" type="stmt"/>
        <line num="2" count="3" type="stmt"/>
        <line num="11" count="3" type="stmt"/>
        <line num="12" count="3" type="stmt"/>
        <line num="14" count="3" type="stmt"/>
        <line num="15" count="3" type="stmt"/>
        <line num="16" count="3" type="stmt"/>
        <line num="17" count="3" type="stmt"/>
        <line num="18" count="3" type="stmt"/>
        <line num="19" count="3" type="stmt"/>
        <line num="20" count="3" type="stmt"/>
        <line num="22" count="3" type="stmt"/>
      </file>
    </package>
    <package name="Utils">
      <metrics statements="5" coveredstatements="5" conditionals="2" coveredconditionals="1" methods="0" coveredmethods="0"/>
      <file name="logger.js" path="C:\Users\ADMIN\Desktop\FOODFAST\server_app\API\Utils\logger.js">
        <metrics statements="5" coveredstatements="5" conditionals="2" coveredconditionals="1" methods="0" coveredmethods="0"/>
        <line num="1" count="3" type="stmt"/>
        <line num="3" count="3" type="stmt"/>
        <line num="15" count="3" type="cond" truecount="1" falsecount="1"/>
        <line num="16" count="3" type="stmt"/>
        <line num="21" count="3" type="stmt"/>
      </file>
    </package>
  </project>
</coverage>
