<?xml version="1.0" encoding="UTF-8"?>
<coverage generated="1762877814150" clover="3.2.0">
  <project timestamp="1762877814151" name="All files">
    <metrics statements="827" coveredstatements="280" conditionals="437" coveredconditionals="94" methods="52" coveredmethods="23" elements="1316" coveredelements="397" complexity="0" loc="827" ncloc="827" packages="3" files="10" classes="10"/>
    <package name="Controllers">
      <metrics statements="732" coveredstatements="189" conditionals="411" coveredconditionals="72" methods="44" coveredmethods="16"/>
      <file name="droneController.js" path="D:\TESTFOOD\FOODFAST\server_app\API\Controllers\droneController.js">
        <metrics statements="128" coveredstatements="19" conditionals="49" coveredconditionals="5" methods="11" coveredmethods="1"/>
        <line num="1" count="1" type="stmt"/>
        <line num="2" count="1" type="stmt"/>
        <line num="7" count="1" type="stmt"/>
        <line num="8" count="0" type="stmt"/>
        <line num="10" count="0" type="stmt"/>
        <line num="13" count="0" type="cond" truecount="0" falsecount="2"/>
        <line num="14" count="0" type="stmt"/>
        <line num="18" count="0" type="cond" truecount="0" falsecount="2"/>
        <line num="19" count="0" type="stmt"/>
        <line num="22" count="0" type="stmt"/>
        <line num="24" count="0" type="stmt"/>
        <line num="34" count="1" type="stmt"/>
        <line num="35" count="0" type="stmt"/>
        <line num="37" count="0" type="cond" truecount="0" falsecount="2"/>
        <line num="38" count="0" type="stmt"/>
        <line num="39" count="0" type="stmt"/>
        <line num="42" count="0" type="stmt"/>
        <line num="51" count="1" type="stmt"/>
        <line num="53" count="0" type="cond" truecount="0" falsecount="4"/>
        <line num="54" count="0" type="stmt"/>
        <line num="60" count="0" type="stmt"/>
        <line num="63" count="0" type="stmt"/>
        <line num="64" count="0" type="cond" truecount="0" falsecount="2"/>
        <line num="65" count="0" type="stmt"/>
        <line num="71" count="0" type="stmt"/>
        <line num="80" count="1" type="stmt"/>
        <line num="81" count="0" type="stmt"/>
        <line num="83" count="0" type="cond" truecount="0" falsecount="2"/>
        <line num="84" count="0" type="stmt"/>
        <line num="85" count="0" type="stmt"/>
        <line num="88" count="0" type="stmt"/>
        <line num="94" count="0" type="stmt"/>
        <line num="95" count="0" type="cond" truecount="0" falsecount="2"/>
        <line num="96" count="0" type="stmt"/>
        <line num="102" count="0" type="stmt"/>
        <line num="111" count="1" type="stmt"/>
        <line num="112" count="0" type="stmt"/>
        <line num="114" count="0" type="cond" truecount="0" falsecount="2"/>
        <line num="115" count="0" type="stmt"/>
        <line num="116" count="0" type="stmt"/>
        <line num="120" count="0" type="cond" truecount="0" falsecount="2"/>
        <line num="121" count="0" type="stmt"/>
        <line num="122" count="0" type="stmt"/>
        <line num="125" count="0" type="stmt"/>
        <line num="127" count="0" type="stmt"/>
        <line num="130" count="0" type="stmt"/>
        <line num="131" count="0" type="cond" truecount="0" falsecount="2"/>
        <line num="132" count="0" type="stmt"/>
        <line num="139" count="0" type="stmt"/>
        <line num="149" count="1" type="stmt"/>
        <line num="150" count="0" type="stmt"/>
        <line num="152" count="0" type="stmt"/>
        <line num="154" count="0" type="cond" truecount="0" falsecount="2"/>
        <line num="155" count="0" type="stmt"/>
        <line num="156" count="0" type="stmt"/>
        <line num="159" count="0" type="stmt"/>
        <line num="164" count="0" type="stmt"/>
        <line num="167" count="0" type="stmt"/>
        <line num="168" count="0" type="stmt"/>
        <line num="174" count="0" type="stmt"/>
        <line num="183" count="1" type="stmt"/>
        <line num="184" count="0" type="stmt"/>
        <line num="186" count="0" type="stmt"/>
        <line num="188" count="0" type="cond" truecount="0" falsecount="2"/>
        <line num="189" count="0" type="stmt"/>
        <line num="190" count="0" type="stmt"/>
        <line num="193" count="0" type="stmt"/>
        <line num="194" count="0" type="stmt"/>
        <line num="196" count="0" type="stmt"/>
        <line num="205" count="1" type="stmt"/>
        <line num="206" count="0" type="stmt"/>
        <line num="208" count="0" type="stmt"/>
        <line num="210" count="0" type="cond" truecount="0" falsecount="2"/>
        <line num="211" count="0" type="stmt"/>
        <line num="212" count="0" type="stmt"/>
        <line num="215" count="0" type="stmt"/>
        <line num="218" count="0" type="cond" truecount="0" falsecount="2"/>
        <line num="219" count="0" type="stmt"/>
        <line num="222" count="0" type="stmt"/>
        <line num="224" count="0" type="stmt"/>
        <line num="233" count="1" type="stmt"/>
        <line num="234" count="0" type="stmt"/>
        <line num="235" count="0" type="stmt"/>
        <line num="237" count="0" type="stmt"/>
        <line num="239" count="0" type="cond" truecount="0" falsecount="2"/>
        <line num="240" count="0" type="stmt"/>
        <line num="241" count="0" type="stmt"/>
        <line num="244" count="0" type="cond" truecount="0" falsecount="2"/>
        <line num="245" count="0" type="stmt"/>
        <line num="246" count="0" type="stmt"/>
        <line num="249" count="0" type="cond" truecount="0" falsecount="2"/>
        <line num="250" count="0" type="stmt"/>
        <line num="251" count="0" type="stmt"/>
        <line num="254" count="0" type="stmt"/>
        <line num="256" count="0" type="cond" truecount="0" falsecount="2"/>
        <line num="257" count="0" type="stmt"/>
        <line num="258" count="0" type="stmt"/>
        <line num="264" count="0" type="stmt"/>
        <line num="267" count="0" type="stmt"/>
        <line num="270" count="0" type="stmt"/>
        <line num="271" count="0" type="stmt"/>
        <line num="272" count="0" type="stmt"/>
        <line num="275" count="0" type="stmt"/>
        <line num="276" count="0" type="cond" truecount="0" falsecount="2"/>
        <line num="278" count="0" type="stmt"/>
        <line num="283" count="0" type="stmt"/>
        <line num="296" count="0" type="stmt"/>
        <line num="304" count="0" type="stmt"/>
        <line num="305" count="0" type="stmt"/>
        <line num="308" count="0" type="stmt"/>
        <line num="320" count="1" type="stmt"/>
        <line num="321" count="2" type="cond" truecount="1" falsecount="0"/>
        <line num="323" count="2" type="cond" truecount="4" falsecount="0"/>
        <line num="324" count="1" type="stmt"/>
        <line num="325" count="1" type="stmt"/>
        <line num="328" count="1" type="stmt"/>
        <line num="342" count="0" type="stmt"/>
        <line num="352" count="1" type="stmt"/>
        <line num="353" count="0" type="stmt"/>
        <line num="355" count="0" type="stmt"/>
        <line num="357" count="0" type="cond" truecount="0" falsecount="2"/>
        <line num="358" count="0" type="stmt"/>
        <line num="359" count="0" type="stmt"/>
        <line num="363" count="0" type="stmt"/>
        <line num="369" count="0" type="stmt"/>
        <line num="375" count="0" type="cond" truecount="0" falsecount="2"/>
        <line num="377" count="0" type="stmt"/>
        <line num="390" count="1" type="stmt"/>
      </file>
      <file name="orderController.js" path="D:\TESTFOOD\FOODFAST\server_app\API\Controllers\orderController.js">
        <metrics statements="441" coveredstatements="38" conditionals="290" coveredconditionals="12" methods="18" coveredmethods="2"/>
        <line num="1" count="1" type="stmt"/>
        <line num="2" count="1" type="stmt"/>
        <line num="3" count="1" type="stmt"/>
        <line num="4" count="1" type="stmt"/>
        <line num="5" count="1" type="stmt"/>
        <line num="6" count="1" type="stmt"/>
        <line num="7" count="1" type="stmt"/>
        <line num="8" count="1" type="stmt"/>
        <line num="9" count="1" type="stmt"/>
        <line num="10" count="1" type="stmt"/>
        <line num="11" count="1" type="stmt"/>
        <line num="12" count="1" type="stmt"/>
        <line num="13" count="1" type="stmt"/>
        <line num="18" count="1" type="stmt"/>
        <line num="19" count="0" type="stmt"/>
        <line num="20" count="0" type="stmt"/>
        <line num="22" count="0" type="cond" truecount="0" falsecount="2"/>
        <line num="23" count="0" type="stmt"/>
        <line num="25" count="0" type="stmt"/>
        <line num="27" count="0" type="stmt"/>
        <line num="41" count="0" type="cond" truecount="0" falsecount="4"/>
        <line num="43" count="0" type="stmt"/>
        <line num="52" count="0" type="stmt"/>
        <line num="54" count="0" type="stmt"/>
        <line num="55" count="0" type="stmt"/>
        <line num="56" count="0" type="stmt"/>
        <line num="63" count="0" type="stmt"/>
        <line num="65" count="0" type="cond" truecount="0" falsecount="2"/>
        <line num="66" count="0" type="stmt"/>
        <line num="70" count="0" type="stmt"/>
        <line num="73" count="0" type="stmt"/>
        <line num="79" count="1" type="stmt"/>
        <line num="88" count="5" type="stmt"/>
        <line num="90" count="5" type="stmt"/>
        <line num="92" count="5" type="cond" truecount="4" falsecount="0"/>
        <line num="93" count="1" type="stmt"/>
        <line num="94" count="1" type="stmt"/>
        <line num="98" count="4" type="cond" truecount="5" falsecount="1"/>
        <line num="99" count="4" type="stmt"/>
        <line num="100" count="4" type="stmt"/>
        <line num="105" count="0" type="stmt"/>
        <line num="106" count="0" type="stmt"/>
        <line num="109" count="0" type="stmt"/>
        <line num="111" count="0" type="stmt"/>
        <line num="113" count="0" type="stmt"/>
        <line num="114" count="0" type="stmt"/>
        <line num="115" count="0" type="cond" truecount="0" falsecount="2"/>
        <line num="116" count="0" type="stmt"/>
        <line num="117" count="0" type="stmt"/>
        <line num="120" count="0" type="cond" truecount="0" falsecount="4"/>
        <line num="121" count="0" type="cond" truecount="0" falsecount="2"/>
        <line num="122" count="0" type="stmt"/>
        <line num="123" count="0" type="stmt"/>
        <line num="127" count="0" type="cond" truecount="0" falsecount="2"/>
        <line num="128" count="0" type="stmt"/>
        <line num="132" count="0" type="cond" truecount="0" falsecount="4"/>
        <line num="133" count="0" type="stmt"/>
        <line num="134" count="0" type="stmt"/>
        <line num="138" count="0" type="stmt"/>
        <line num="139" count="0" type="stmt"/>
        <line num="140" count="0" type="stmt"/>
        <line num="141" count="0" type="stmt"/>
        <line num="146" count="0" type="stmt"/>
        <line num="148" count="0" type="cond" truecount="0" falsecount="2"/>
        <line num="149" count="0" type="stmt"/>
        <line num="150" count="0" type="stmt"/>
        <line num="158" count="0" type="cond" truecount="0" falsecount="2"/>
        <line num="159" count="0" type="stmt"/>
        <line num="160" count="0" type="stmt"/>
        <line num="163" count="0" type="stmt"/>
        <line num="170" count="0" type="stmt"/>
        <line num="179" count="0" type="cond" truecount="0" falsecount="2"/>
        <line num="180" count="0" type="cond" truecount="0" falsecount="2"/>
        <line num="181" count="0" type="cond" truecount="0" falsecount="2"/>
        <line num="182" count="0" type="stmt"/>
        <line num="183" count="0" type="stmt"/>
        <line num="185" count="0" type="stmt"/>
        <line num="194" count="0" type="stmt"/>
        <line num="196" count="0" type="stmt"/>
        <line num="197" count="0" type="stmt"/>
        <line num="199" count="0" type="cond" truecount="0" falsecount="2"/>
        <line num="200" count="0" type="stmt"/>
        <line num="202" count="0" type="stmt"/>
        <line num="203" count="0" type="stmt"/>
        <line num="209" count="0" type="stmt"/>
        <line num="212" count="0" type="stmt"/>
        <line num="222" count="0" type="cond" truecount="0" falsecount="2"/>
        <line num="223" count="0" type="stmt"/>
        <line num="224" count="0" type="stmt"/>
        <line num="228" count="0" type="stmt"/>
        <line num="229" count="0" type="cond" truecount="0" falsecount="5"/>
        <line num="230" count="0" type="stmt"/>
        <line num="231" count="0" type="stmt"/>
        <line num="233" count="0" type="stmt"/>
        <line num="235" count="0" type="stmt"/>
        <line num="236" count="0" type="cond" truecount="0" falsecount="2"/>
        <line num="237" count="0" type="stmt"/>
        <line num="238" count="0" type="stmt"/>
        <line num="240" count="0" type="stmt"/>
        <line num="243" count="0" type="stmt"/>
        <line num="244" count="0" type="stmt"/>
        <line num="245" count="0" type="stmt"/>
        <line num="246" count="0" type="stmt"/>
        <line num="248" count="0" type="stmt"/>
        <line num="249" count="0" type="stmt"/>
        <line num="252" count="0" type="stmt"/>
        <line num="253" count="0" type="cond" truecount="0" falsecount="2"/>
        <line num="254" count="0" type="stmt"/>
        <line num="255" count="0" type="cond" truecount="0" falsecount="2"/>
        <line num="256" count="0" type="stmt"/>
        <line num="258" count="0" type="stmt"/>
        <line num="263" count="0" type="stmt"/>
        <line num="264" count="0" type="stmt"/>
        <line num="265" count="0" type="stmt"/>
        <line num="267" count="0" type="cond" truecount="0" falsecount="2"/>
        <line num="268" count="0" type="stmt"/>
        <line num="270" count="0" type="stmt"/>
        <line num="275" count="0" type="cond" truecount="0" falsecount="2"/>
        <line num="276" count="0" type="stmt"/>
        <line num="277" count="0" type="stmt"/>
        <line num="280" count="0" type="cond" truecount="0" falsecount="2"/>
        <line num="281" count="0" type="stmt"/>
        <line num="282" count="0" type="stmt"/>
        <line num="286" count="0" type="stmt"/>
        <line num="291" count="0" type="cond" truecount="0" falsecount="2"/>
        <line num="292" count="0" type="stmt"/>
        <line num="293" count="0" type="stmt"/>
        <line num="297" count="0" type="cond" truecount="0" falsecount="2"/>
        <line num="298" count="0" type="stmt"/>
        <line num="299" count="0" type="stmt"/>
        <line num="303" count="0" type="stmt"/>
        <line num="305" count="0" type="stmt"/>
        <line num="315" count="0" type="stmt"/>
        <line num="317" count="0" type="stmt"/>
        <line num="321" count="0" type="stmt"/>
        <line num="324" count="0" type="cond" truecount="0" falsecount="4"/>
        <line num="325" count="0" type="stmt"/>
        <line num="337" count="0" type="stmt"/>
        <line num="338" count="0" type="stmt"/>
        <line num="339" count="0" type="cond" truecount="0" falsecount="4"/>
        <line num="341" count="0" type="cond" truecount="0" falsecount="2"/>
        <line num="342" count="0" type="stmt"/>
        <line num="353" count="0" type="stmt"/>
        <line num="361" count="0" type="stmt"/>
        <line num="386" count="0" type="stmt"/>
        <line num="387" count="0" type="stmt"/>
        <line num="393" count="0" type="stmt"/>
        <line num="402" count="0" type="stmt"/>
        <line num="406" count="0" type="cond" truecount="0" falsecount="4"/>
        <line num="407" count="0" type="stmt"/>
        <line num="408" count="0" type="stmt"/>
        <line num="416" count="0" type="stmt"/>
        <line num="420" count="0" type="stmt"/>
        <line num="422" count="0" type="stmt"/>
        <line num="423" count="0" type="stmt"/>
        <line num="424" count="0" type="stmt"/>
        <line num="429" count="0" type="stmt"/>
        <line num="430" count="0" type="stmt"/>
        <line num="431" count="0" type="stmt"/>
        <line num="435" count="0" type="stmt"/>
        <line num="439" count="0" type="stmt"/>
        <line num="442" count="0" type="stmt"/>
        <line num="443" count="0" type="stmt"/>
        <line num="445" count="0" type="stmt"/>
        <line num="448" count="0" type="stmt"/>
        <line num="449" count="0" type="stmt"/>
        <line num="450" count="0" type="stmt"/>
        <line num="452" count="0" type="stmt"/>
        <line num="453" count="0" type="cond" truecount="0" falsecount="2"/>
        <line num="455" count="0" type="stmt"/>
        <line num="457" count="0" type="cond" truecount="0" falsecount="2"/>
        <line num="458" count="0" type="stmt"/>
        <line num="465" count="0" type="stmt"/>
        <line num="466" count="0" type="stmt"/>
        <line num="467" count="0" type="stmt"/>
        <line num="482" count="0" type="stmt"/>
        <line num="485" count="0" type="stmt"/>
        <line num="489" count="0" type="stmt"/>
        <line num="492" count="0" type="stmt"/>
        <line num="501" count="1" type="stmt"/>
        <line num="502" count="0" type="stmt"/>
        <line num="505" count="0" type="cond" truecount="0" falsecount="2"/>
        <line num="506" count="0" type="cond" truecount="0" falsecount="2"/>
        <line num="507" count="0" type="stmt"/>
        <line num="508" count="0" type="stmt"/>
        <line num="510" count="0" type="stmt"/>
        <line num="511" count="0" type="cond" truecount="0" falsecount="2"/>
        <line num="513" count="0" type="cond" truecount="0" falsecount="2"/>
        <line num="514" count="0" type="stmt"/>
        <line num="518" count="0" type="stmt"/>
        <line num="521" count="0" type="stmt"/>
        <line num="531" count="0" type="stmt"/>
        <line num="540" count="1" type="stmt"/>
        <line num="541" count="0" type="stmt"/>
        <line num="547" count="0" type="cond" truecount="0" falsecount="2"/>
        <line num="548" count="0" type="stmt"/>
        <line num="549" count="0" type="stmt"/>
        <line num="553" count="0" type="cond" truecount="0" falsecount="4"/>
        <line num="554" count="0" type="stmt"/>
        <line num="555" count="0" type="stmt"/>
        <line num="558" count="0" type="stmt"/>
        <line num="567" count="1" type="stmt"/>
        <line num="568" count="0" type="stmt"/>
        <line num="570" count="0" type="stmt"/>
        <line num="572" count="0" type="cond" truecount="0" falsecount="2"/>
        <line num="573" count="0" type="stmt"/>
        <line num="574" count="0" type="stmt"/>
        <line num="578" count="0" type="cond" truecount="0" falsecount="2"/>
        <line num="579" count="0" type="cond" truecount="0" falsecount="4"/>
        <line num="580" count="0" type="stmt"/>
        <line num="581" count="0" type="stmt"/>
        <line num="586" count="0" type="cond" truecount="0" falsecount="4"/>
        <line num="587" count="0" type="stmt"/>
        <line num="588" count="0" type="stmt"/>
        <line num="592" count="0" type="cond" truecount="0" falsecount="6"/>
        <line num="593" count="0" type="stmt"/>
        <line num="594" count="0" type="stmt"/>
        <line num="597" count="0" type="stmt"/>
        <line num="600" count="0" type="stmt"/>
        <line num="601" count="0" type="stmt"/>
        <line num="603" count="0" type="cond" truecount="0" falsecount="2"/>
        <line num="604" count="0" type="cond" truecount="0" falsecount="2"/>
        <line num="605" count="0" type="cond" truecount="0" falsecount="2"/>
        <line num="606" count="0" type="cond" truecount="0" falsecount="2"/>
        <line num="607" count="0" type="cond" truecount="0" falsecount="2"/>
        <line num="608" count="0" type="cond" truecount="0" falsecount="2"/>
        <line num="609" count="0" type="stmt"/>
        <line num="610" count="0" type="stmt"/>
        <line num="614" count="0" type="cond" truecount="0" falsecount="2"/>
        <line num="615" count="0" type="stmt"/>
        <line num="616" count="0" type="cond" truecount="0" falsecount="4"/>
        <line num="619" count="0" type="stmt"/>
        <line num="621" count="0" type="cond" truecount="0" falsecount="4"/>
        <line num="622" count="0" type="stmt"/>
        <line num="623" count="0" type="stmt"/>
        <line num="624" count="0" type="cond" truecount="0" falsecount="2"/>
        <line num="626" count="0" type="stmt"/>
        <line num="627" count="0" type="stmt"/>
        <line num="629" count="0" type="stmt"/>
        <line num="631" count="0" type="stmt"/>
        <line num="634" count="0" type="stmt"/>
        <line num="639" count="0" type="cond" truecount="0" falsecount="4"/>
        <line num="640" count="0" type="stmt"/>
        <line num="641" count="0" type="stmt"/>
        <line num="642" count="0" type="stmt"/>
        <line num="644" count="0" type="stmt"/>
        <line num="649" count="0" type="stmt"/>
        <line num="653" count="0" type="stmt"/>
        <line num="654" count="0" type="stmt"/>
        <line num="662" count="0" type="stmt"/>
        <line num="667" count="0" type="cond" truecount="0" falsecount="4"/>
        <line num="668" count="0" type="stmt"/>
        <line num="671" count="0" type="stmt"/>
        <line num="674" count="0" type="stmt"/>
        <line num="677" count="0" type="stmt"/>
        <line num="679" count="0" type="stmt"/>
        <line num="688" count="0" type="stmt"/>
        <line num="689" count="0" type="stmt"/>
        <line num="692" count="0" type="cond" truecount="0" falsecount="2"/>
        <line num="693" count="0" type="stmt"/>
        <line num="694" count="0" type="stmt"/>
        <line num="698" count="0" type="stmt"/>
        <line num="699" count="0" type="stmt"/>
        <line num="701" count="0" type="stmt"/>
        <line num="710" count="1" type="stmt"/>
        <line num="711" count="0" type="stmt"/>
        <line num="716" count="0" type="cond" truecount="0" falsecount="2"/>
        <line num="717" count="0" type="stmt"/>
        <line num="718" count="0" type="stmt"/>
        <line num="721" count="0" type="stmt"/>
        <line num="730" count="1" type="stmt"/>
        <line num="731" count="0" type="stmt"/>
        <line num="735" count="0" type="cond" truecount="0" falsecount="2"/>
        <line num="736" count="0" type="stmt"/>
        <line num="737" count="0" type="stmt"/>
        <line num="740" count="0" type="cond" truecount="0" falsecount="2"/>
        <line num="741" count="0" type="stmt"/>
        <line num="742" count="0" type="stmt"/>
        <line num="745" count="0" type="cond" truecount="0" falsecount="2"/>
        <line num="746" count="0" type="stmt"/>
        <line num="747" count="0" type="stmt"/>
        <line num="751" count="0" type="cond" truecount="0" falsecount="2"/>
        <line num="752" count="0" type="stmt"/>
        <line num="753" count="0" type="stmt"/>
        <line num="756" count="0" type="stmt"/>
        <line num="757" count="0" type="stmt"/>
        <line num="758" count="0" type="stmt"/>
        <line num="759" count="0" type="cond" truecount="0" falsecount="2"/>
        <line num="762" count="0" type="stmt"/>
        <line num="764" count="0" type="cond" truecount="0" falsecount="4"/>
        <line num="765" count="0" type="stmt"/>
        <line num="766" count="0" type="cond" truecount="0" falsecount="2"/>
        <line num="767" count="0" type="stmt"/>
        <line num="768" count="0" type="stmt"/>
        <line num="773" count="0" type="cond" truecount="0" falsecount="4"/>
        <line num="774" count="0" type="stmt"/>
        <line num="775" count="0" type="stmt"/>
        <line num="781" count="0" type="stmt"/>
        <line num="785" count="0" type="stmt"/>
        <line num="786" count="0" type="stmt"/>
        <line num="794" count="0" type="stmt"/>
        <line num="798" count="0" type="stmt"/>
        <line num="800" count="0" type="stmt"/>
        <line num="803" count="0" type="stmt"/>
        <line num="804" count="0" type="stmt"/>
        <line num="805" count="0" type="stmt"/>
        <line num="814" count="0" type="stmt"/>
        <line num="815" count="0" type="stmt"/>
        <line num="817" count="0" type="cond" truecount="0" falsecount="4"/>
        <line num="818" count="0" type="stmt"/>
        <line num="826" count="0" type="stmt"/>
        <line num="829" count="0" type="stmt"/>
        <line num="840" count="1" type="stmt"/>
        <line num="841" count="0" type="stmt"/>
        <line num="849" count="0" type="stmt"/>
        <line num="858" count="1" type="stmt"/>
        <line num="859" count="0" type="stmt"/>
        <line num="862" count="0" type="cond" truecount="0" falsecount="2"/>
        <line num="863" count="0" type="stmt"/>
        <line num="864" count="0" type="stmt"/>
        <line num="868" count="0" type="cond" truecount="0" falsecount="2"/>
        <line num="869" count="0" type="stmt"/>
        <line num="870" count="0" type="stmt"/>
        <line num="874" count="0" type="cond" truecount="0" falsecount="4"/>
        <line num="875" count="0" type="stmt"/>
        <line num="876" count="0" type="stmt"/>
        <line num="880" count="0" type="stmt"/>
        <line num="881" count="0" type="stmt"/>
        <line num="882" count="0" type="stmt"/>
        <line num="885" count="0" type="cond" truecount="0" falsecount="2"/>
        <line num="886" count="0" type="stmt"/>
        <line num="887" count="0" type="stmt"/>
        <line num="889" count="0" type="cond" truecount="0" falsecount="2"/>
        <line num="890" count="0" type="stmt"/>
        <line num="891" count="0" type="stmt"/>
        <line num="892" count="0" type="cond" truecount="0" falsecount="2"/>
        <line num="893" count="0" type="stmt"/>
        <line num="896" count="0" type="stmt"/>
        <line num="897" count="0" type="cond" truecount="0" falsecount="2"/>
        <line num="898" count="0" type="stmt"/>
        <line num="904" count="0" type="stmt"/>
        <line num="913" count="0" type="cond" truecount="0" falsecount="2"/>
        <line num="914" count="0" type="stmt"/>
        <line num="928" count="0" type="stmt"/>
        <line num="929" count="0" type="stmt"/>
        <line num="931" count="0" type="stmt"/>
        <line num="941" count="1" type="stmt"/>
        <line num="942" count="0" type="stmt"/>
        <line num="945" count="0" type="cond" truecount="0" falsecount="2"/>
        <line num="946" count="0" type="stmt"/>
        <line num="947" count="0" type="stmt"/>
        <line num="950" count="0" type="stmt"/>
        <line num="955" count="0" type="cond" truecount="0" falsecount="2"/>
        <line num="956" count="0" type="stmt"/>
        <line num="957" count="0" type="stmt"/>
        <line num="961" count="0" type="cond" truecount="0" falsecount="2"/>
        <line num="962" count="0" type="stmt"/>
        <line num="963" count="0" type="stmt"/>
        <line num="967" count="0" type="cond" truecount="0" falsecount="2"/>
        <line num="968" count="0" type="stmt"/>
        <line num="969" count="0" type="stmt"/>
        <line num="973" count="0" type="cond" truecount="0" falsecount="4"/>
        <line num="974" count="0" type="stmt"/>
        <line num="975" count="0" type="stmt"/>
        <line num="979" count="0" type="cond" truecount="0" falsecount="4"/>
        <line num="980" count="0" type="stmt"/>
        <line num="981" count="0" type="stmt"/>
        <line num="985" count="0" type="cond" truecount="0" falsecount="4"/>
        <line num="986" count="0" type="stmt"/>
        <line num="994" count="0" type="stmt"/>
        <line num="995" count="0" type="stmt"/>
        <line num="996" count="0" type="stmt"/>
        <line num="998" count="0" type="stmt"/>
        <line num="1001" count="0" type="stmt"/>
        <line num="1002" count="0" type="stmt"/>
        <line num="1004" count="0" type="stmt"/>
        <line num="1005" count="0" type="cond" truecount="0" falsecount="4"/>
        <line num="1006" count="0" type="stmt"/>
        <line num="1007" count="0" type="stmt"/>
        <line num="1010" count="0" type="stmt"/>
        <line num="1011" count="0" type="stmt"/>
        <line num="1012" count="0" type="stmt"/>
        <line num="1014" count="0" type="stmt"/>
        <line num="1017" count="0" type="cond" truecount="0" falsecount="4"/>
        <line num="1018" count="0" type="stmt"/>
        <line num="1024" count="0" type="stmt"/>
        <line num="1033" count="0" type="stmt"/>
        <line num="1034" count="0" type="stmt"/>
        <line num="1035" count="0" type="stmt"/>
        <line num="1036" count="0" type="cond" truecount="0" falsecount="4"/>
        <line num="1037" count="0" type="stmt"/>
        <line num="1038" count="0" type="stmt"/>
        <line num="1042" count="0" type="stmt"/>
        <line num="1044" count="0" type="stmt"/>
        <line num="1045" count="0" type="stmt"/>
        <line num="1046" count="0" type="stmt"/>
        <line num="1049" count="0" type="cond" truecount="0" falsecount="2"/>
        <line num="1050" count="0" type="stmt"/>
        <line num="1051" count="0" type="stmt"/>
        <line num="1052" count="0" type="cond" truecount="0" falsecount="2"/>
        <line num="1053" count="0" type="stmt"/>
        <line num="1054" count="0" type="stmt"/>
        <line num="1055" count="0" type="stmt"/>
        <line num="1056" count="0" type="stmt"/>
        <line num="1061" count="0" type="cond" truecount="0" falsecount="4"/>
        <line num="1062" count="0" type="stmt"/>
        <line num="1067" count="0" type="stmt"/>
        <line num="1074" count="0" type="stmt"/>
        <line num="1079" count="0" type="stmt"/>
        <line num="1084" count="0" type="stmt"/>
        <line num="1085" count="0" type="cond" truecount="0" falsecount="2"/>
        <line num="1087" count="0" type="stmt"/>
        <line num="1099" count="0" type="stmt"/>
        <line num="1100" count="0" type="stmt"/>
        <line num="1103" count="0" type="stmt"/>
        <line num="1106" count="0" type="stmt"/>
        <line num="1116" count="0" type="stmt"/>
        <line num="1129" count="0" type="stmt"/>
        <line num="1131" count="0" type="stmt"/>
        <line num="1138" count="1" type="stmt"/>
        <line num="1143" count="1" type="stmt"/>
        <line num="1144" count="2" type="stmt"/>
        <line num="1146" count="2" type="cond" truecount="3" falsecount="1"/>
        <line num="1147" count="2" type="stmt"/>
        <line num="1148" count="2" type="stmt"/>
        <line num="1152" count="0" type="stmt"/>
        <line num="1153" count="0" type="cond" truecount="0" falsecount="5"/>
        <line num="1154" count="0" type="stmt"/>
        <line num="1155" count="0" type="stmt"/>
        <line num="1157" count="0" type="stmt"/>
        <line num="1160" count="0" type="stmt"/>
        <line num="1161" count="0" type="cond" truecount="0" falsecount="2"/>
        <line num="1162" count="0" type="stmt"/>
        <line num="1163" count="0" type="stmt"/>
        <line num="1165" count="0" type="stmt"/>
        <line num="1168" count="0" type="stmt"/>
        <line num="1169" count="0" type="stmt"/>
        <line num="1170" count="0" type="stmt"/>
        <line num="1173" count="0" type="stmt"/>
        <line num="1175" count="0" type="stmt"/>
        <line num="1189" count="1" type="stmt"/>
      </file>
      <file name="productController.js" path="D:\TESTFOOD\FOODFAST\server_app\API\Controllers\productController.js">
        <metrics statements="102" coveredstatements="73" conditionals="52" coveredconditionals="37" methods="8" coveredmethods="6"/>
        <line num="1" count="1" type="stmt"/>
        <line num="2" count="1" type="stmt"/>
        <line num="3" count="1" type="stmt"/>
        <line num="8" count="1" type="stmt"/>
        <line num="9" count="5" type="stmt"/>
        <line num="11" count="5" type="stmt"/>
        <line num="14" count="5" type="cond" truecount="4" falsecount="0"/>
        <line num="15" count="1" type="cond" truecount="1" falsecount="1"/>
        <line num="16" count="0" type="stmt"/>
        <line num="17" count="0" type="stmt"/>
        <line num="19" count="1" type="stmt"/>
        <line num="22" count="4" type="stmt"/>
        <line num="26" count="5" type="cond" truecount="2" falsecount="0"/>
        <line num="27" count="1" type="stmt"/>
        <line num="31" count="5" type="cond" truecount="2" falsecount="0"/>
        <line num="32" count="1" type="stmt"/>
        <line num="36" count="5" type="cond" truecount="2" falsecount="2"/>
        <line num="37" count="0" type="stmt"/>
        <line num="41" count="5" type="cond" truecount="4" falsecount="0"/>
        <line num="42" count="1" type="stmt"/>
        <line num="43" count="1" type="cond" truecount="1" falsecount="1"/>
        <line num="44" count="1" type="cond" truecount="1" falsecount="1"/>
        <line num="48" count="5" type="stmt"/>
        <line num="49" count="5" type="cond" truecount="1" falsecount="1"/>
        <line num="50" count="5" type="cond" truecount="1" falsecount="1"/>
        <line num="51" count="5" type="cond" truecount="1" falsecount="1"/>
        <line num="52" count="5" type="cond" truecount="1" falsecount="1"/>
        <line num="54" count="5" type="stmt"/>
        <line num="60" count="5" type="stmt"/>
        <line num="61" count="5" type="stmt"/>
        <line num="62" count="1" type="stmt"/>
        <line num="65" count="1" type="stmt"/>
        <line num="73" count="1" type="cond" truecount="1" falsecount="1"/>
        <line num="74" count="0" type="stmt"/>
        <line num="75" count="0" type="stmt"/>
        <line num="76" count="0" type="stmt"/>
        <line num="78" count="0" type="stmt"/>
        <line num="85" count="0" type="stmt"/>
        <line num="88" count="1" type="stmt"/>
        <line num="91" count="5" type="stmt"/>
        <line num="101" count="1" type="stmt"/>
        <line num="102" count="2" type="stmt"/>
        <line num="106" count="2" type="cond" truecount="2" falsecount="0"/>
        <line num="107" count="1" type="stmt"/>
        <line num="108" count="1" type="stmt"/>
        <line num="111" count="1" type="stmt"/>
        <line num="114" count="1" type="stmt"/>
        <line num="115" count="1" type="stmt"/>
        <line num="123" count="1" type="cond" truecount="1" falsecount="1"/>
        <line num="124" count="0" type="stmt"/>
        <line num="125" count="0" type="stmt"/>
        <line num="126" count="0" type="stmt"/>
        <line num="128" count="0" type="stmt"/>
        <line num="135" count="0" type="stmt"/>
        <line num="138" count="1" type="stmt"/>
        <line num="147" count="1" type="stmt"/>
        <line num="149" count="3" type="cond" truecount="2" falsecount="0"/>
        <line num="150" count="1" type="stmt"/>
        <line num="151" count="1" type="stmt"/>
        <line num="154" count="2" type="stmt"/>
        <line num="160" count="2" type="cond" truecount="2" falsecount="0"/>
        <line num="161" count="1" type="stmt"/>
        <line num="164" count="2" type="stmt"/>
        <line num="167" count="2" type="stmt"/>
        <line num="168" count="2" type="stmt"/>
        <line num="170" count="2" type="stmt"/>
        <line num="179" count="1" type="stmt"/>
        <line num="180" count="2" type="stmt"/>
        <line num="182" count="2" type="cond" truecount="2" falsecount="0"/>
        <line num="183" count="1" type="stmt"/>
        <line num="184" count="1" type="stmt"/>
        <line num="188" count="1" type="cond" truecount="3" falsecount="1"/>
        <line num="190" count="0" type="stmt"/>
        <line num="191" count="0" type="stmt"/>
        <line num="194" count="1" type="stmt"/>
        <line num="197" count="1" type="cond" truecount="1" falsecount="1"/>
        <line num="198" count="0" type="stmt"/>
        <line num="201" count="1" type="stmt"/>
        <line num="204" count="1" type="stmt"/>
        <line num="211" count="1" type="stmt"/>
        <line num="220" count="1" type="stmt"/>
        <line num="221" count="2" type="stmt"/>
        <line num="223" count="2" type="cond" truecount="2" falsecount="0"/>
        <line num="224" count="1" type="stmt"/>
        <line num="225" count="1" type="stmt"/>
        <line num="228" count="1" type="stmt"/>
        <line num="230" count="1" type="stmt"/>
        <line num="239" count="1" type="stmt"/>
        <line num="240" count="0" type="stmt"/>
        <line num="247" count="0" type="stmt"/>
        <line num="248" count="0" type="stmt"/>
        <line num="249" count="0" type="stmt"/>
        <line num="252" count="0" type="stmt"/>
        <line num="260" count="0" type="cond" truecount="0" falsecount="2"/>
        <line num="261" count="0" type="stmt"/>
        <line num="262" count="0" type="stmt"/>
        <line num="263" count="0" type="stmt"/>
        <line num="265" count="0" type="stmt"/>
        <line num="272" count="0" type="stmt"/>
        <line num="275" count="0" type="stmt"/>
        <line num="278" count="0" type="stmt"/>
        <line num="284" count="1" type="stmt"/>
      </file>
      <file name="userController.js" path="D:\TESTFOOD\FOODFAST\server_app\API\Controllers\userController.js">
        <metrics statements="61" coveredstatements="59" conditionals="20" coveredconditionals="18" methods="7" coveredmethods="7"/>
        <line num="1" count="1" type="stmt"/>
        <line num="2" count="1" type="stmt"/>
        <line num="7" count="1" type="stmt"/>
        <line num="8" count="3" type="stmt"/>
        <line num="10" count="3" type="stmt"/>
        <line num="12" count="3" type="cond" truecount="2" falsecount="0"/>
        <line num="13" count="1" type="stmt"/>
        <line num="16" count="3" type="cond" truecount="2" falsecount="0"/>
        <line num="17" count="1" type="stmt"/>
        <line num="23" count="3" type="stmt"/>
        <line num="25" count="3" type="stmt"/>
        <line num="35" count="1" type="stmt"/>
        <line num="36" count="2" type="stmt"/>
        <line num="38" count="2" type="cond" truecount="2" falsecount="0"/>
        <line num="39" count="1" type="stmt"/>
        <line num="40" count="1" type="stmt"/>
        <line num="43" count="1" type="stmt"/>
        <line num="52" count="1" type="stmt"/>
        <line num="53" count="3" type="stmt"/>
        <line num="55" count="3" type="cond" truecount="2" falsecount="0"/>
        <line num="56" count="1" type="stmt"/>
        <line num="57" count="1" type="stmt"/>
        <line num="61" count="2" type="cond" truecount="2" falsecount="0"/>
        <line num="62" count="1" type="stmt"/>
        <line num="65" count="2" type="stmt"/>
        <line num="70" count="2" type="stmt"/>
        <line num="79" count="1" type="stmt"/>
        <line num="80" count="2" type="stmt"/>
        <line num="82" count="2" type="cond" truecount="2" falsecount="0"/>
        <line num="83" count="1" type="stmt"/>
        <line num="84" count="1" type="stmt"/>
        <line num="87" count="1" type="stmt"/>
        <line num="89" count="1" type="stmt"/>
        <line num="98" count="1" type="stmt"/>
        <line num="99" count="1" type="stmt"/>
        <line num="100" count="1" type="stmt"/>
        <line num="101" count="1" type="stmt"/>
        <line num="104" count="1" type="stmt"/>
        <line num="105" count="1" type="stmt"/>
        <line num="106" count="1" type="stmt"/>
        <line num="108" count="1" type="stmt"/>
        <line num="113" count="1" type="stmt"/>
        <line num="127" count="1" type="stmt"/>
        <line num="128" count="2" type="stmt"/>
        <line num="130" count="2" type="stmt"/>
        <line num="132" count="2" type="cond" truecount="2" falsecount="0"/>
        <line num="133" count="1" type="stmt"/>
        <line num="134" count="1" type="stmt"/>
        <line num="138" count="1" type="cond" truecount="1" falsecount="1"/>
        <line num="142" count="0" type="stmt"/>
        <line num="143" count="0" type="stmt"/>
        <line num="146" count="1" type="stmt"/>
        <line num="151" count="1" type="stmt"/>
        <line num="161" count="1" type="stmt"/>
        <line num="162" count="3" type="stmt"/>
        <line num="164" count="3" type="cond" truecount="2" falsecount="0"/>
        <line num="165" count="1" type="stmt"/>
        <line num="166" count="1" type="stmt"/>
        <line num="169" count="2" type="stmt"/>
        <line num="171" count="2" type="stmt"/>
        <line num="177" count="1" type="stmt"/>
      </file>
    </package>
    <package name="Middleware">
      <metrics statements="50" coveredstatements="46" conditionals="26" coveredconditionals="22" methods="8" coveredmethods="7"/>
      <file name="asyncHandler.js" path="D:\TESTFOOD\FOODFAST\server_app\API\Middleware\asyncHandler.js">
        <metrics statements="3" coveredstatements="3" conditionals="0" coveredconditionals="0" methods="2" coveredmethods="2"/>
        <line num="1" count="37" type="stmt"/>
        <line num="2" count="42" type="stmt"/>
        <line num="4" count="5" type="stmt"/>
      </file>
      <file name="authMiddleware.js" path="D:\TESTFOOD\FOODFAST\server_app\API\Middleware\authMiddleware.js">
        <metrics statements="31" coveredstatements="27" conditionals="14" coveredconditionals="10" methods="4" coveredmethods="3"/>
        <line num="1" count="1" type="stmt"/>
        <line num="2" count="1" type="stmt"/>
        <line num="3" count="1" type="stmt"/>
        <line num="5" count="1" type="stmt"/>
        <line num="8" count="4" type="cond" truecount="4" falsecount="0"/>
        <line num="9" count="3" type="stmt"/>
        <line num="11" count="3" type="stmt"/>
        <line num="14" count="3" type="stmt"/>
        <line num="17" count="2" type="stmt"/>
        <line num="19" count="2" type="cond" truecount="2" falsecount="0"/>
        <line num="20" count="1" type="stmt"/>
        <line num="21" count="1" type="stmt"/>
        <line num="24" count="1" type="stmt"/>
        <line num="26" count="2" type="stmt"/>
        <line num="27" count="2" type="stmt"/>
        <line num="28" count="2" type="stmt"/>
        <line num="32" count="2" type="cond" truecount="2" falsecount="0"/>
        <line num="33" count="1" type="stmt"/>
        <line num="34" count="1" type="stmt"/>
        <line num="38" count="1" type="stmt"/>
        <line num="39" count="2" type="stmt"/>
        <line num="40" count="2" type="cond" truecount="2" falsecount="0"/>
        <line num="41" count="1" type="stmt"/>
        <line num="42" count="1" type="stmt"/>
        <line num="44" count="1" type="stmt"/>
        <line num="49" count="1" type="stmt"/>
        <line num="50" count="0" type="cond" truecount="0" falsecount="4"/>
        <line num="51" count="0" type="stmt"/>
        <line num="53" count="0" type="stmt"/>
        <line num="54" count="0" type="stmt"/>
        <line num="58" count="1" type="stmt"/>
      </file>
      <file name="errorMiddleware.js" path="D:\TESTFOOD\FOODFAST\server_app\API\Middleware\errorMiddleware.js">
        <metrics statements="16" coveredstatements="16" conditionals="12" coveredconditionals="12" methods="2" coveredmethods="2"/>
        <line num="1" count="1" type="stmt"/>
        <line num="3" count="1" type="stmt"/>
        <line num="4" count="6" type="stmt"/>
        <line num="6" count="6" type="stmt"/>
        <line num="7" count="6" type="stmt"/>
        <line num="10" count="6" type="cond" truecount="2" falsecount="0"/>
        <line num="11" count="1" type="stmt"/>
        <line num="12" count="1" type="stmt"/>
        <line num="16" count="6" type="cond" truecount="2" falsecount="0"/>
        <line num="17" count="1" type="stmt"/>
        <line num="18" count="1" type="stmt"/>
        <line num="22" count="6" type="cond" truecount="2" falsecount="0"/>
        <line num="23" count="2" type="stmt"/>
        <line num="24" count="1" type="stmt"/>
        <line num="27" count="6" type="cond" truecount="3" falsecount="0"/>
        <line num="33" count="1" type="stmt"/>
      </file>
    </package>
    <package name="Routers">
      <metrics statements="45" coveredstatements="45" conditionals="0" coveredconditionals="0" methods="0" coveredmethods="0"/>
      <file name="droneRouter.js" path="D:\TESTFOOD\FOODFAST\server_app\API\Routers\droneRouter.js">
        <metrics statements="20" coveredstatements="20" conditionals="0" coveredconditionals="0" methods="0" coveredmethods="0"/>
        <line num="1" count="1" type="stmt"/>
        <line num="2" count="1" type="stmt"/>
        <line num="15" count="1" type="stmt"/>
        <line num="20" count="1" type="stmt"/>
        <line num="21" count="1" type="stmt"/>
        <line num="23" count="1" type="stmt"/>
        <line num="24" count="1" type="stmt"/>
        <line num="25" count="1" type="stmt"/>
        <line num="26" count="1" type="stmt"/>
        <line num="27" count="1" type="stmt"/>
        <line num="28" count="1" type="stmt"/>
        <line num="29" count="1" type="stmt"/>
        <line num="30" count="1" type="stmt"/>
        <line num="31" count="1" type="stmt"/>
        <line num="32" count="1" type="stmt"/>
        <line num="33" count="1" type="stmt"/>
        <line num="34" count="1" type="stmt"/>
        <line num="35" count="1" type="stmt"/>
        <line num="36" count="1" type="stmt"/>
        <line num="38" count="1" type="stmt"/>
      </file>
      <file name="orderRouter.js" path="D:\TESTFOOD\FOODFAST\server_app\API\Routers\orderRouter.js">
        <metrics statements="15" coveredstatements="15" conditionals="0" coveredconditionals="0" methods="0" coveredmethods="0"/>
        <line num="1" count="1" type="stmt"/>
        <line num="2" count="1" type="stmt"/>
        <line num="14" count="1" type="stmt"/>
        <line num="15" count="1" type="stmt"/>
        <line num="17" count="1" type="stmt"/>
        <line num="18" count="1" type="stmt"/>
        <line num="19" count="1" type="stmt"/>
        <line num="21" count="1" type="stmt"/>
        <line num="25" count="1" type="stmt"/>
        <line num="28" count="1" type="stmt"/>
        <line num="29" count="1" type="stmt"/>
        <line num="30" count="1" type="stmt"/>
        <line num="31" count="1" type="stmt"/>
        <line num="32" count="1" type="stmt"/>
        <line num="34" count="1" type="stmt"/>
      </file>
      <file name="productRouter.js" path="D:\TESTFOOD\FOODFAST\server_app\API\Routers\productRouter.js">
        <metrics statements="10" coveredstatements="10" conditionals="0" coveredconditionals="0" methods="0" coveredmethods="0"/>
        <line num="1" count="1" type="stmt"/>
        <line num="2" count="1" type="stmt"/>
        <line num="3" count="1" type="stmt"/>
        <line num="11" count="1" type="stmt"/>
        <line num="12" count="1" type="stmt"/>
        <line num="14" count="1" type="stmt"/>
        <line num="15" count="1" type="stmt"/>
        <line num="17" count="1" type="stmt"/>
        <line num="21" count="1" type="stmt"/>
        <line num="26" count="1" type="stmt"/>
      </file>
    </package>
  </project>
</coverage>
