{"C:\\Users\\ADMIN\\Desktop\\FOODFAST\\server_app\\API\\Controllers\\adminController.js": {"path":"C:\\Users\\ADMIN\\Desktop\\FOODFAST\\server_app\\API\\Controllers\\adminController.js","statementMap":{"0":{"start":{"line":1,"column":14},"end":{"line":1,"column":40}},"1":{"start":{"line":2,"column":14},"end":{"line":2,"column":40}},"2":{"start":{"line":3,"column":13},"end":{"line":3,"column":38}},"3":{"start":{"line":8,"column":0},"end":{"line":32,"column":2}},"4":{"start":{"line":9,"column":4},"end":{"line":31,"column":5}},"5":{"start":{"line":12,"column":23},"end":{"line":19,"column":36}},"6":{"start":{"line":21,"column":8},"end":{"line":25,"column":11}},"7":{"start":{"line":27,"column":8},"end":{"line":30,"column":11}},"8":{"start":{"line":37,"column":0},"end":{"line":95,"column":2}},"9":{"start":{"line":38,"column":4},"end":{"line":94,"column":5}},"10":{"start":{"line":39,"column":23},"end":{"line":43,"column":39}},"11":{"start":{"line":46,"column":29},"end":{"line":46,"column":38}},"12":{"start":{"line":48,"column":8},"end":{"line":82,"column":9}},"13":{"start":{"line":49,"column":35},"end":{"line":49,"column":69}},"14":{"start":{"line":52,"column":39},"end":{"line":68,"column":14}},"15":{"start":{"line":53,"column":16},"end":{"line":63,"column":17}},"16":{"start":{"line":54,"column":42},"end":{"line":54,"column":75}},"17":{"start":{"line":55,"column":37},"end":{"line":58,"column":21}},"18":{"start":{"line":59,"column":20},"end":{"line":62,"column":22}},"19":{"start":{"line":64,"column":16},"end":{"line":67,"column":18}},"20":{"start":{"line":71,"column":12},"end":{"line":75,"column":15}},"21":{"start":{"line":72,"column":16},"end":{"line":72,"column":50}},"22":{"start":{"line":72,"column":41},"end":{"line":72,"column":50}},"23":{"start":{"line":73,"column":16},"end":{"line":73,"column":51}},"24":{"start":{"line":73,"column":41},"end":{"line":73,"column":51}},"25":{"start":{"line":74,"column":16},"end":{"line":74,"column":47}},"26":{"start":{"line":77,"column":12},"end":{"line":81,"column":15}},"27":{"start":{"line":84,"column":8},"end":{"line":88,"column":11}},"28":{"start":{"line":90,"column":8},"end":{"line":93,"column":11}},"29":{"start":{"line":100,"column":0},"end":{"line":180,"column":2}},"30":{"start":{"line":101,"column":4},"end":{"line":179,"column":5}},"31":{"start":{"line":102,"column":37},"end":{"line":102,"column":45}},"32":{"start":{"line":104,"column":8},"end":{"line":109,"column":9}},"33":{"start":{"line":105,"column":12},"end":{"line":108,"column":15}},"34":{"start":{"line":111,"column":22},"end":{"line":111,"column":51}},"35":{"start":{"line":112,"column":22},"end":{"line":112,"column":51}},"36":{"start":{"line":114,"column":8},"end":{"line":119,"column":9}},"37":{"start":{"line":115,"column":12},"end":{"line":118,"column":15}},"38":{"start":{"line":121,"column":8},"end":{"line":126,"column":9}},"39":{"start":{"line":122,"column":12},"end":{"line":125,"column":15}},"40":{"start":{"line":129,"column":8},"end":{"line":134,"column":9}},"41":{"start":{"line":130,"column":12},"end":{"line":133,"column":15}},"42":{"start":{"line":137,"column":8},"end":{"line":142,"column":9}},"43":{"start":{"line":138,"column":12},"end":{"line":141,"column":15}},"44":{"start":{"line":145,"column":8},"end":{"line":145,"column":30}},"45":{"start":{"line":146,"column":8},"end":{"line":146,"column":36}},"46":{"start":{"line":147,"column":8},"end":{"line":147,"column":40}},"47":{"start":{"line":148,"column":8},"end":{"line":148,"column":27}},"48":{"start":{"line":151,"column":8},"end":{"line":151,"column":30}},"49":{"start":{"line":152,"column":8},"end":{"line":152,"column":37}},"50":{"start":{"line":153,"column":8},"end":{"line":153,"column":27}},"51":{"start":{"line":156,"column":30},"end":{"line":156,"column":58}},"52":{"start":{"line":157,"column":8},"end":{"line":159,"column":9}},"53":{"start":{"line":158,"column":12},"end":{"line":158,"column":77}},"54":{"start":{"line":162,"column":29},"end":{"line":162,"column":117}},"55":{"start":{"line":163,"column":29},"end":{"line":163,"column":111}},"56":{"start":{"line":165,"column":8},"end":{"line":172,"column":11}},"57":{"start":{"line":174,"column":8},"end":{"line":174,"column":54}},"58":{"start":{"line":175,"column":8},"end":{"line":178,"column":11}},"59":{"start":{"line":185,"column":0},"end":{"line":255,"column":2}},"60":{"start":{"line":186,"column":4},"end":{"line":254,"column":5}},"61":{"start":{"line":187,"column":56},"end":{"line":187,"column":64}},"62":{"start":{"line":189,"column":8},"end":{"line":194,"column":9}},"63":{"start":{"line":190,"column":12},"end":{"line":193,"column":15}},"64":{"start":{"line":196,"column":22},"end":{"line":196,"column":51}},"65":{"start":{"line":197,"column":25},"end":{"line":197,"column":54}},"66":{"start":{"line":199,"column":8},"end":{"line":204,"column":9}},"67":{"start":{"line":200,"column":12},"end":{"line":203,"column":15}},"68":{"start":{"line":207,"column":8},"end":{"line":214,"column":9}},"69":{"start":{"line":208,"column":29},"end":{"line":208,"column":60}},"70":{"start":{"line":209,"column":12},"end":{"line":213,"column":13}},"71":{"start":{"line":210,"column":16},"end":{"line":210,"column":46}},"72":{"start":{"line":211,"column":16},"end":{"line":211,"column":45}},"73":{"start":{"line":212,"column":16},"end":{"line":212,"column":38}},"74":{"start":{"line":217,"column":8},"end":{"line":217,"column":30}},"75":{"start":{"line":218,"column":8},"end":{"line":218,"column":27}},"76":{"start":{"line":221,"column":8},"end":{"line":221,"column":33}},"77":{"start":{"line":222,"column":8},"end":{"line":222,"column":40}},"78":{"start":{"line":223,"column":8},"end":{"line":223,"column":30}},"79":{"start":{"line":226,"column":30},"end":{"line":226,"column":58}},"80":{"start":{"line":227,"column":8},"end":{"line":234,"column":9}},"81":{"start":{"line":228,"column":12},"end":{"line":233,"column":15}},"82":{"start":{"line":237,"column":29},"end":{"line":237,"column":117}},"83":{"start":{"line":238,"column":29},"end":{"line":238,"column":111}},"84":{"start":{"line":240,"column":8},"end":{"line":247,"column":11}},"85":{"start":{"line":249,"column":8},"end":{"line":249,"column":56}},"86":{"start":{"line":250,"column":8},"end":{"line":253,"column":11}},"87":{"start":{"line":260,"column":0},"end":{"line":332,"column":2}},"88":{"start":{"line":261,"column":4},"end":{"line":331,"column":5}},"89":{"start":{"line":262,"column":28},"end":{"line":262,"column":56}},"90":{"start":{"line":263,"column":27},"end":{"line":263,"column":78}},"91":{"start":{"line":264,"column":27},"end":{"line":264,"column":73}},"92":{"start":{"line":265,"column":30},"end":{"line":265,"column":79}},"93":{"start":{"line":266,"column":34},"end":{"line":266,"column":87}},"94":{"start":{"line":267,"column":31},"end":{"line":267,"column":81}},"95":{"start":{"line":270,"column":30},"end":{"line":273,"column":10}},"96":{"start":{"line":276,"column":29},"end":{"line":279,"column":10}},"97":{"start":{"line":281,"column":32},"end":{"line":286,"column":10}},"98":{"start":{"line":289,"column":29},"end":{"line":303,"column":10}},"99":{"start":{"line":305,"column":8},"end":{"line":325,"column":11}},"100":{"start":{"line":327,"column":8},"end":{"line":330,"column":11}},"101":{"start":{"line":337,"column":0},"end":{"line":354,"column":2}},"102":{"start":{"line":338,"column":4},"end":{"line":353,"column":5}},"103":{"start":{"line":339,"column":23},"end":{"line":341,"column":89}},"104":{"start":{"line":343,"column":8},"end":{"line":347,"column":11}},"105":{"start":{"line":349,"column":8},"end":{"line":352,"column":11}},"106":{"start":{"line":359,"column":0},"end":{"line":432,"column":2}},"107":{"start":{"line":360,"column":4},"end":{"line":431,"column":5}},"108":{"start":{"line":361,"column":23},"end":{"line":362,"column":68}},"109":{"start":{"line":365,"column":27},"end":{"line":413,"column":9}},"110":{"start":{"line":367,"column":35},"end":{"line":370,"column":18}},"111":{"start":{"line":372,"column":40},"end":{"line":372,"column":57}},"112":{"start":{"line":373,"column":36},"end":{"line":373,"column":65}},"113":{"start":{"line":376,"column":38},"end":{"line":376,"column":39}},"114":{"start":{"line":377,"column":16},"end":{"line":386,"column":17}},"115":{"start":{"line":378,"column":38},"end":{"line":384,"column":25}},"116":{"start":{"line":379,"column":24},"end":{"line":382,"column":25}},"117":{"start":{"line":380,"column":41},"end":{"line":380,"column":88}},"118":{"start":{"line":381,"column":28},"end":{"line":381,"column":46}},"119":{"start":{"line":383,"column":24},"end":{"line":383,"column":35}},"120":{"start":{"line":385,"column":20},"end":{"line":385,"column":79}},"121":{"start":{"line":389,"column":41},"end":{"line":389,"column":73}},"122":{"start":{"line":389,"column":64},"end":{"line":389,"column":72}},"123":{"start":{"line":390,"column":34},"end":{"line":392,"column":21}},"124":{"start":{"line":391,"column":57},"end":{"line":391,"column":71}},"125":{"start":{"line":395,"column":27},"end":{"line":395,"column":35}},"126":{"start":{"line":396,"column":16},"end":{"line":397,"column":80}},"127":{"start":{"line":396,"column":59},"end":{"line":396,"column":73}},"128":{"start":{"line":397,"column":21},"end":{"line":397,"column":80}},"129":{"start":{"line":397,"column":64},"end":{"line":397,"column":80}},"130":{"start":{"line":399,"column":16},"end":{"line":411,"column":18}},"131":{"start":{"line":416,"column":8},"end":{"line":420,"column":11}},"132":{"start":{"line":417,"column":27},"end":{"line":417,"column":82}},"133":{"start":{"line":418,"column":27},"end":{"line":418,"column":82}},"134":{"start":{"line":419,"column":12},"end":{"line":419,"column":35}},"135":{"start":{"line":422,"column":8},"end":{"line":425,"column":11}},"136":{"start":{"line":427,"column":8},"end":{"line":430,"column":11}},"137":{"start":{"line":436,"column":25},"end":{"line":436,"column":31}},"138":{"start":{"line":437,"column":25},"end":{"line":437,"column":31}},"139":{"start":{"line":439,"column":14},"end":{"line":439,"column":18}},"140":{"start":{"line":440,"column":17},"end":{"line":440,"column":46}},"141":{"start":{"line":441,"column":17},"end":{"line":441,"column":46}},"142":{"start":{"line":443,"column":14},"end":{"line":445,"column":47}},"143":{"start":{"line":447,"column":14},"end":{"line":447,"column":60}},"144":{"start":{"line":448,"column":21},"end":{"line":448,"column":26}},"145":{"start":{"line":450,"column":4},"end":{"line":450,"column":20}}},"fnMap":{"0":{"name":"(anonymous_0)","decl":{"start":{"line":8,"column":27},"end":{"line":8,"column":28}},"loc":{"start":{"line":8,"column":46},"end":{"line":32,"column":1}},"line":8},"1":{"name":"(anonymous_1)","decl":{"start":{"line":37,"column":29},"end":{"line":37,"column":30}},"loc":{"start":{"line":37,"column":48},"end":{"line":95,"column":1}},"line":37},"2":{"name":"(anonymous_2)","decl":{"start":{"line":52,"column":50},"end":{"line":52,"column":51}},"loc":{"start":{"line":52,"column":59},"end":{"line":68,"column":13}},"line":52},"3":{"name":"(anonymous_3)","decl":{"start":{"line":71,"column":36},"end":{"line":71,"column":37}},"loc":{"start":{"line":71,"column":46},"end":{"line":75,"column":13}},"line":71},"4":{"name":"(anonymous_4)","decl":{"start":{"line":100,"column":22},"end":{"line":100,"column":23}},"loc":{"start":{"line":100,"column":41},"end":{"line":180,"column":1}},"line":100},"5":{"name":"(anonymous_5)","decl":{"start":{"line":185,"column":24},"end":{"line":185,"column":25}},"loc":{"start":{"line":185,"column":43},"end":{"line":255,"column":1}},"line":185},"6":{"name":"(anonymous_6)","decl":{"start":{"line":260,"column":24},"end":{"line":260,"column":25}},"loc":{"start":{"line":260,"column":43},"end":{"line":332,"column":1}},"line":260},"7":{"name":"(anonymous_7)","decl":{"start":{"line":337,"column":22},"end":{"line":337,"column":23}},"loc":{"start":{"line":337,"column":41},"end":{"line":354,"column":1}},"line":337},"8":{"name":"(anonymous_8)","decl":{"start":{"line":359,"column":30},"end":{"line":359,"column":31}},"loc":{"start":{"line":359,"column":49},"end":{"line":432,"column":1}},"line":359},"9":{"name":"(anonymous_9)","decl":{"start":{"line":366,"column":23},"end":{"line":366,"column":24}},"loc":{"start":{"line":366,"column":39},"end":{"line":412,"column":13}},"line":366},"10":{"name":"(anonymous_10)","decl":{"start":{"line":378,"column":56},"end":{"line":378,"column":57}},"loc":{"start":{"line":378,"column":72},"end":{"line":384,"column":21}},"line":378},"11":{"name":"(anonymous_11)","decl":{"start":{"line":389,"column":59},"end":{"line":389,"column":60}},"loc":{"start":{"line":389,"column":64},"end":{"line":389,"column":72}},"line":389},"12":{"name":"(anonymous_12)","decl":{"start":{"line":391,"column":45},"end":{"line":391,"column":46}},"loc":{"start":{"line":391,"column":57},"end":{"line":391,"column":71}},"line":391},"13":{"name":"(anonymous_13)","decl":{"start":{"line":416,"column":24},"end":{"line":416,"column":25}},"loc":{"start":{"line":416,"column":34},"end":{"line":420,"column":9}},"line":416},"14":{"name":"calculateDistance","decl":{"start":{"line":435,"column":9},"end":{"line":435,"column":26}},"loc":{"start":{"line":435,"column":43},"end":{"line":451,"column":1}},"line":435}},"branchMap":{"0":{"loc":{"start":{"line":48,"column":8},"end":{"line":82,"column":9}},"type":"if","locations":[{"start":{"line":48,"column":8},"end":{"line":82,"column":9}},{"start":{},"end":{}}],"line":48},"1":{"loc":{"start":{"line":48,"column":12},"end":{"line":48,"column":22}},"type":"binary-expr","locations":[{"start":{"line":48,"column":12},"end":{"line":48,"column":15}},{"start":{"line":48,"column":19},"end":{"line":48,"column":22}}],"line":48},"2":{"loc":{"start":{"line":53,"column":16},"end":{"line":63,"column":17}},"type":"if","locations":[{"start":{"line":53,"column":16},"end":{"line":63,"column":17}},{"start":{},"end":{}}],"line":53},"3":{"loc":{"start":{"line":53,"column":20},"end":{"line":53,"column":78}},"type":"binary-expr","locations":[{"start":{"line":53,"column":20},"end":{"line":53,"column":41}},{"start":{"line":53,"column":45},"end":{"line":53,"column":78}}],"line":53},"4":{"loc":{"start":{"line":72,"column":16},"end":{"line":72,"column":50}},"type":"if","locations":[{"start":{"line":72,"column":16},"end":{"line":72,"column":50}},{"start":{},"end":{}}],"line":72},"5":{"loc":{"start":{"line":73,"column":16},"end":{"line":73,"column":51}},"type":"if","locations":[{"start":{"line":73,"column":16},"end":{"line":73,"column":51}},{"start":{},"end":{}}],"line":73},"6":{"loc":{"start":{"line":104,"column":8},"end":{"line":109,"column":9}},"type":"if","locations":[{"start":{"line":104,"column":8},"end":{"line":109,"column":9}},{"start":{},"end":{}}],"line":104},"7":{"loc":{"start":{"line":104,"column":12},"end":{"line":104,"column":32}},"type":"binary-expr","locations":[{"start":{"line":104,"column":12},"end":{"line":104,"column":20}},{"start":{"line":104,"column":24},"end":{"line":104,"column":32}}],"line":104},"8":{"loc":{"start":{"line":114,"column":8},"end":{"line":119,"column":9}},"type":"if","locations":[{"start":{"line":114,"column":8},"end":{"line":119,"column":9}},{"start":{},"end":{}}],"line":114},"9":{"loc":{"start":{"line":121,"column":8},"end":{"line":126,"column":9}},"type":"if","locations":[{"start":{"line":121,"column":8},"end":{"line":126,"column":9}},{"start":{},"end":{}}],"line":121},"10":{"loc":{"start":{"line":129,"column":8},"end":{"line":134,"column":9}},"type":"if","locations":[{"start":{"line":129,"column":8},"end":{"line":134,"column":9}},{"start":{},"end":{}}],"line":129},"11":{"loc":{"start":{"line":129,"column":12},"end":{"line":129,"column":67}},"type":"binary-expr","locations":[{"start":{"line":129,"column":12},"end":{"line":129,"column":35}},{"start":{"line":129,"column":39},"end":{"line":129,"column":67}}],"line":129},"12":{"loc":{"start":{"line":137,"column":8},"end":{"line":142,"column":9}},"type":"if","locations":[{"start":{"line":137,"column":8},"end":{"line":142,"column":9}},{"start":{},"end":{}}],"line":137},"13":{"loc":{"start":{"line":157,"column":8},"end":{"line":159,"column":9}},"type":"if","locations":[{"start":{"line":157,"column":8},"end":{"line":159,"column":9}},{"start":{},"end":{}}],"line":157},"14":{"loc":{"start":{"line":189,"column":8},"end":{"line":194,"column":9}},"type":"if","locations":[{"start":{"line":189,"column":8},"end":{"line":194,"column":9}},{"start":{},"end":{}}],"line":189},"15":{"loc":{"start":{"line":189,"column":12},"end":{"line":189,"column":32}},"type":"binary-expr","locations":[{"start":{"line":189,"column":12},"end":{"line":189,"column":20}},{"start":{"line":189,"column":24},"end":{"line":189,"column":32}}],"line":189},"16":{"loc":{"start":{"line":199,"column":8},"end":{"line":204,"column":9}},"type":"if","locations":[{"start":{"line":199,"column":8},"end":{"line":204,"column":9}},{"start":{},"end":{}}],"line":199},"17":{"loc":{"start":{"line":199,"column":12},"end":{"line":199,"column":31}},"type":"binary-expr","locations":[{"start":{"line":199,"column":12},"end":{"line":199,"column":18}},{"start":{"line":199,"column":22},"end":{"line":199,"column":31}}],"line":199},"18":{"loc":{"start":{"line":207,"column":8},"end":{"line":214,"column":9}},"type":"if","locations":[{"start":{"line":207,"column":8},"end":{"line":214,"column":9}},{"start":{},"end":{}}],"line":207},"19":{"loc":{"start":{"line":209,"column":12},"end":{"line":213,"column":13}},"type":"if","locations":[{"start":{"line":209,"column":12},"end":{"line":213,"column":13}},{"start":{},"end":{}}],"line":209},"20":{"loc":{"start":{"line":227,"column":8},"end":{"line":234,"column":9}},"type":"if","locations":[{"start":{"line":227,"column":8},"end":{"line":234,"column":9}},{"start":{},"end":{}}],"line":227},"21":{"loc":{"start":{"line":322,"column":27},"end":{"line":322,"column":74}},"type":"binary-expr","locations":[{"start":{"line":322,"column":28},"end":{"line":322,"column":43}},{"start":{"line":322,"column":47},"end":{"line":322,"column":68}},{"start":{"line":322,"column":73},"end":{"line":322,"column":74}}],"line":322},"22":{"loc":{"start":{"line":373,"column":36},"end":{"line":373,"column":65}},"type":"cond-expr","locations":[{"start":{"line":373,"column":58},"end":{"line":373,"column":61}},{"start":{"line":373,"column":64},"end":{"line":373,"column":65}}],"line":373},"23":{"loc":{"start":{"line":377,"column":16},"end":{"line":386,"column":17}},"type":"if","locations":[{"start":{"line":377,"column":16},"end":{"line":386,"column":17}},{"start":{},"end":{}}],"line":377},"24":{"loc":{"start":{"line":379,"column":24},"end":{"line":382,"column":25}},"type":"if","locations":[{"start":{"line":379,"column":24},"end":{"line":382,"column":25}},{"start":{},"end":{}}],"line":379},"25":{"loc":{"start":{"line":379,"column":28},"end":{"line":379,"column":66}},"type":"binary-expr","locations":[{"start":{"line":379,"column":28},"end":{"line":379,"column":45}},{"start":{"line":379,"column":49},"end":{"line":379,"column":66}}],"line":379},"26":{"loc":{"start":{"line":390,"column":34},"end":{"line":392,"column":21}},"type":"cond-expr","locations":[{"start":{"line":391,"column":20},"end":{"line":391,"column":113}},{"start":{"line":392,"column":20},"end":{"line":392,"column":21}}],"line":390},"27":{"loc":{"start":{"line":396,"column":16},"end":{"line":397,"column":80}},"type":"if","locations":[{"start":{"line":396,"column":16},"end":{"line":397,"column":80}},{"start":{"line":397,"column":21},"end":{"line":397,"column":80}}],"line":396},"28":{"loc":{"start":{"line":396,"column":20},"end":{"line":396,"column":57}},"type":"binary-expr","locations":[{"start":{"line":396,"column":20},"end":{"line":396,"column":37}},{"start":{"line":396,"column":41},"end":{"line":396,"column":57}}],"line":396},"29":{"loc":{"start":{"line":397,"column":21},"end":{"line":397,"column":80}},"type":"if","locations":[{"start":{"line":397,"column":21},"end":{"line":397,"column":80}},{"start":{},"end":{}}],"line":397},"30":{"loc":{"start":{"line":397,"column":25},"end":{"line":397,"column":62}},"type":"binary-expr","locations":[{"start":{"line":397,"column":25},"end":{"line":397,"column":42}},{"start":{"line":397,"column":46},"end":{"line":397,"column":62}}],"line":397},"31":{"loc":{"start":{"line":408,"column":37},"end":{"line":408,"column":59}},"type":"binary-expr","locations":[{"start":{"line":408,"column":37},"end":{"line":408,"column":54}},{"start":{"line":408,"column":58},"end":{"line":408,"column":59}}],"line":408}},"s":{"0":0,"1":0,"2":0,"3":0,"4":0,"5":0,"6":0,"7":0,"8":0,"9":0,"10":0,"11":0,"12":0,"13":0,"14":0,"15":0,"16":0,"17":0,"18":0,"19":0,"20":0,"21":0,"22":0,"23":0,"24":0,"25":0,"26":0,"27":0,"28":0,"29":0,"30":0,"31":0,"32":0,"33":0,"34":0,"35":0,"36":0,"37":0,"38":0,"39":0,"40":0,"41":0,"42":0,"43":0,"44":0,"45":0,"46":0,"47":0,"48":0,"49":0,"50":0,"51":0,"52":0,"53":0,"54":0,"55":0,"56":0,"57":0,"58":0,"59":0,"60":0,"61":0,"62":0,"63":0,"64":0,"65":0,"66":0,"67":0,"68":0,"69":0,"70":0,"71":0,"72":0,"73":0,"74":0,"75":0,"76":0,"77":0,"78":0,"79":0,"80":0,"81":0,"82":0,"83":0,"84":0,"85":0,"86":0,"87":0,"88":0,"89":0,"90":0,"91":0,"92":0,"93":0,"94":0,"95":0,"96":0,"97":0,"98":0,"99":0,"100":0,"101":0,"102":0,"103":0,"104":0,"105":0,"106":0,"107":0,"108":0,"109":0,"110":0,"111":0,"112":0,"113":0,"114":0,"115":0,"116":0,"117":0,"118":0,"119":0,"120":0,"121":0,"122":0,"123":0,"124":0,"125":0,"126":0,"127":0,"128":0,"129":0,"130":0,"131":0,"132":0,"133":0,"134":0,"135":0,"136":0,"137":0,"138":0,"139":0,"140":0,"141":0,"142":0,"143":0,"144":0,"145":0},"f":{"0":0,"1":0,"2":0,"3":0,"4":0,"5":0,"6":0,"7":0,"8":0,"9":0,"10":0,"11":0,"12":0,"13":0,"14":0},"b":{"0":[0,0],"1":[0,0],"2":[0,0],"3":[0,0],"4":[0,0],"5":[0,0],"6":[0,0],"7":[0,0],"8":[0,0],"9":[0,0],"10":[0,0],"11":[0,0],"12":[0,0],"13":[0,0],"14":[0,0],"15":[0,0],"16":[0,0],"17":[0,0],"18":[0,0],"19":[0,0],"20":[0,0],"21":[0,0,0],"22":[0,0],"23":[0,0],"24":[0,0],"25":[0,0],"26":[0,0],"27":[0,0],"28":[0,0],"29":[0,0],"30":[0,0],"31":[0,0]}}
,"C:\\Users\\ADMIN\\Desktop\\FOODFAST\\server_app\\API\\Controllers\\authController.js": {"path":"C:\\Users\\ADMIN\\Desktop\\FOODFAST\\server_app\\API\\Controllers\\authController.js","statementMap":{"0":{"start":{"line":1,"column":12},"end":{"line":1,"column":35}},"1":{"start":{"line":2,"column":21},"end":{"line":2,"column":58}},"2":{"start":{"line":3,"column":13},"end":{"line":3,"column":38}},"3":{"start":{"line":6,"column":22},"end":{"line":10,"column":1}},"4":{"start":{"line":7,"column":4},"end":{"line":9,"column":6}},"5":{"start":{"line":15,"column":17},"end":{"line":51,"column":2}},"6":{"start":{"line":16,"column":45},"end":{"line":16,"column":53}},"7":{"start":{"line":19,"column":23},"end":{"line":19,"column":52}},"8":{"start":{"line":20,"column":4},"end":{"line":23,"column":5}},"9":{"start":{"line":21,"column":8},"end":{"line":21,"column":23}},"10":{"start":{"line":22,"column":8},"end":{"line":22,"column":46}},"11":{"start":{"line":26,"column":17},"end":{"line":31,"column":6}},"12":{"start":{"line":33,"column":4},"end":{"line":50,"column":5}},"13":{"start":{"line":34,"column":8},"end":{"line":46,"column":10}},"14":{"start":{"line":48,"column":8},"end":{"line":48,"column":23}},"15":{"start":{"line":49,"column":8},"end":{"line":49,"column":44}},"16":{"start":{"line":56,"column":14},"end":{"line":81,"column":2}},"17":{"start":{"line":57,"column":32},"end":{"line":57,"column":40}},"18":{"start":{"line":60,"column":17},"end":{"line":60,"column":66}},"19":{"start":{"line":62,"column":4},"end":{"line":80,"column":5}},"20":{"start":{"line":63,"column":8},"end":{"line":76,"column":10}},"21":{"start":{"line":78,"column":8},"end":{"line":78,"column":23}},"22":{"start":{"line":79,"column":8},"end":{"line":79,"column":52}},"23":{"start":{"line":86,"column":19},"end":{"line":104,"column":2}},"24":{"start":{"line":87,"column":17},"end":{"line":88,"column":119}},"25":{"start":{"line":90,"column":4},"end":{"line":93,"column":5}},"26":{"start":{"line":91,"column":8},"end":{"line":91,"column":23}},"27":{"start":{"line":92,"column":8},"end":{"line":92,"column":41}},"28":{"start":{"line":95,"column":21},"end":{"line":95,"column":36}},"29":{"start":{"line":97,"column":4},"end":{"line":103,"column":6}},"30":{"start":{"line":109,"column":22},"end":{"line":141,"column":2}},"31":{"start":{"line":110,"column":17},"end":{"line":110,"column":50}},"32":{"start":{"line":112,"column":4},"end":{"line":140,"column":5}},"33":{"start":{"line":113,"column":8},"end":{"line":113,"column":46}},"34":{"start":{"line":114,"column":8},"end":{"line":114,"column":49}},"35":{"start":{"line":115,"column":8},"end":{"line":115,"column":49}},"36":{"start":{"line":116,"column":8},"end":{"line":116,"column":55}},"37":{"start":{"line":117,"column":8},"end":{"line":117,"column":52}},"38":{"start":{"line":119,"column":8},"end":{"line":121,"column":9}},"39":{"start":{"line":120,"column":12},"end":{"line":120,"column":45}},"40":{"start":{"line":123,"column":28},"end":{"line":123,"column":45}},"41":{"start":{"line":125,"column":8},"end":{"line":136,"column":10}},"42":{"start":{"line":138,"column":8},"end":{"line":138,"column":23}},"43":{"start":{"line":139,"column":8},"end":{"line":139,"column":41}},"44":{"start":{"line":146,"column":15},"end":{"line":152,"column":2}},"45":{"start":{"line":147,"column":4},"end":{"line":151,"column":6}},"46":{"start":{"line":154,"column":0},"end":{"line":160,"column":1}}},"fnMap":{"0":{"name":"(anonymous_0)","decl":{"start":{"line":6,"column":22},"end":{"line":6,"column":23}},"loc":{"start":{"line":6,"column":30},"end":{"line":10,"column":1}},"line":6},"1":{"name":"(anonymous_1)","decl":{"start":{"line":15,"column":30},"end":{"line":15,"column":31}},"loc":{"start":{"line":15,"column":49},"end":{"line":51,"column":1}},"line":15},"2":{"name":"(anonymous_2)","decl":{"start":{"line":56,"column":27},"end":{"line":56,"column":28}},"loc":{"start":{"line":56,"column":46},"end":{"line":81,"column":1}},"line":56},"3":{"name":"(anonymous_3)","decl":{"start":{"line":86,"column":32},"end":{"line":86,"column":33}},"loc":{"start":{"line":86,"column":51},"end":{"line":104,"column":1}},"line":86},"4":{"name":"(anonymous_4)","decl":{"start":{"line":109,"column":35},"end":{"line":109,"column":36}},"loc":{"start":{"line":109,"column":54},"end":{"line":141,"column":1}},"line":109},"5":{"name":"(anonymous_5)","decl":{"start":{"line":146,"column":28},"end":{"line":146,"column":29}},"loc":{"start":{"line":146,"column":47},"end":{"line":152,"column":1}},"line":146}},"branchMap":{"0":{"loc":{"start":{"line":8,"column":19},"end":{"line":8,"column":49}},"type":"binary-expr","locations":[{"start":{"line":8,"column":19},"end":{"line":8,"column":41}},{"start":{"line":8,"column":45},"end":{"line":8,"column":49}}],"line":8},"1":{"loc":{"start":{"line":20,"column":4},"end":{"line":23,"column":5}},"type":"if","locations":[{"start":{"line":20,"column":4},"end":{"line":23,"column":5}},{"start":{},"end":{}}],"line":20},"2":{"loc":{"start":{"line":33,"column":4},"end":{"line":50,"column":5}},"type":"if","locations":[{"start":{"line":33,"column":4},"end":{"line":50,"column":5}},{"start":{"line":47,"column":11},"end":{"line":50,"column":5}}],"line":33},"3":{"loc":{"start":{"line":62,"column":4},"end":{"line":80,"column":5}},"type":"if","locations":[{"start":{"line":62,"column":4},"end":{"line":80,"column":5}},{"start":{"line":77,"column":11},"end":{"line":80,"column":5}}],"line":62},"4":{"loc":{"start":{"line":62,"column":8},"end":{"line":62,"column":52}},"type":"binary-expr","locations":[{"start":{"line":62,"column":8},"end":{"line":62,"column":12}},{"start":{"line":62,"column":17},"end":{"line":62,"column":51}}],"line":62},"5":{"loc":{"start":{"line":90,"column":4},"end":{"line":93,"column":5}},"type":"if","locations":[{"start":{"line":90,"column":4},"end":{"line":93,"column":5}},{"start":{},"end":{}}],"line":90},"6":{"loc":{"start":{"line":101,"column":24},"end":{"line":101,"column":53}},"type":"binary-expr","locations":[{"start":{"line":101,"column":24},"end":{"line":101,"column":45}},{"start":{"line":101,"column":49},"end":{"line":101,"column":53}}],"line":101},"7":{"loc":{"start":{"line":112,"column":4},"end":{"line":140,"column":5}},"type":"if","locations":[{"start":{"line":112,"column":4},"end":{"line":140,"column":5}},{"start":{"line":137,"column":11},"end":{"line":140,"column":5}}],"line":112},"8":{"loc":{"start":{"line":113,"column":20},"end":{"line":113,"column":46}},"type":"binary-expr","locations":[{"start":{"line":113,"column":20},"end":{"line":113,"column":33}},{"start":{"line":113,"column":37},"end":{"line":113,"column":46}}],"line":113},"9":{"loc":{"start":{"line":114,"column":21},"end":{"line":114,"column":49}},"type":"binary-expr","locations":[{"start":{"line":114,"column":21},"end":{"line":114,"column":35}},{"start":{"line":114,"column":39},"end":{"line":114,"column":49}}],"line":114},"10":{"loc":{"start":{"line":115,"column":21},"end":{"line":115,"column":49}},"type":"binary-expr","locations":[{"start":{"line":115,"column":21},"end":{"line":115,"column":35}},{"start":{"line":115,"column":39},"end":{"line":115,"column":49}}],"line":115},"11":{"loc":{"start":{"line":116,"column":23},"end":{"line":116,"column":55}},"type":"binary-expr","locations":[{"start":{"line":116,"column":23},"end":{"line":116,"column":39}},{"start":{"line":116,"column":43},"end":{"line":116,"column":55}}],"line":116},"12":{"loc":{"start":{"line":117,"column":22},"end":{"line":117,"column":52}},"type":"binary-expr","locations":[{"start":{"line":117,"column":22},"end":{"line":117,"column":37}},{"start":{"line":117,"column":41},"end":{"line":117,"column":52}}],"line":117},"13":{"loc":{"start":{"line":119,"column":8},"end":{"line":121,"column":9}},"type":"if","locations":[{"start":{"line":119,"column":8},"end":{"line":121,"column":9}},{"start":{},"end":{}}],"line":119}},"s":{"0":0,"1":0,"2":0,"3":0,"4":0,"5":0,"6":0,"7":0,"8":0,"9":0,"10":0,"11":0,"12":0,"13":0,"14":0,"15":0,"16":0,"17":0,"18":0,"19":0,"20":0,"21":0,"22":0,"23":0,"24":0,"25":0,"26":0,"27":0,"28":0,"29":0,"30":0,"31":0,"32":0,"33":0,"34":0,"35":0,"36":0,"37":0,"38":0,"39":0,"40":0,"41":0,"42":0,"43":0,"44":0,"45":0,"46":0},"f":{"0":0,"1":0,"2":0,"3":0,"4":0,"5":0},"b":{"0":[0,0],"1":[0,0],"2":[0,0],"3":[0,0],"4":[0,0],"5":[0,0],"6":[0,0],"7":[0,0],"8":[0,0],"9":[0,0],"10":[0,0],"11":[0,0],"12":[0,0],"13":[0,0]}}
,"C:\\Users\\ADMIN\\Desktop\\FOODFAST\\server_app\\API\\Controllers\\categoryController.js": {"path":"C:\\Users\\ADMIN\\Desktop\\FOODFAST\\server_app\\API\\Controllers\\categoryController.js","statementMap":{"0":{"start":{"line":1,"column":21},"end":{"line":1,"column":58}},"1":{"start":{"line":2,"column":17},"end":{"line":2,"column":46}},"2":{"start":{"line":3,"column":16},"end":{"line":3,"column":44}},"3":{"start":{"line":4,"column":19},"end":{"line":4,"column":50}},"4":{"start":{"line":9,"column":22},"end":{"line":17,"column":2}},"5":{"start":{"line":10,"column":23},"end":{"line":10,"column":59}},"6":{"start":{"line":12,"column":4},"end":{"line":16,"column":6}},"7":{"start":{"line":22,"column":24},"end":{"line":34,"column":2}},"8":{"start":{"line":23,"column":21},"end":{"line":23,"column":59}},"9":{"start":{"line":25,"column":4},"end":{"line":28,"column":5}},"10":{"start":{"line":26,"column":8},"end":{"line":26,"column":23}},"11":{"start":{"line":27,"column":8},"end":{"line":27,"column":45}},"12":{"start":{"line":30,"column":4},"end":{"line":33,"column":6}},"13":{"start":{"line":39,"column":23},"end":{"line":46,"column":2}},"14":{"start":{"line":40,"column":21},"end":{"line":40,"column":52}},"15":{"start":{"line":42,"column":4},"end":{"line":45,"column":6}},"16":{"start":{"line":51,"column":23},"end":{"line":68,"column":2}},"17":{"start":{"line":52,"column":19},"end":{"line":52,"column":57}},"18":{"start":{"line":54,"column":4},"end":{"line":57,"column":5}},"19":{"start":{"line":55,"column":8},"end":{"line":55,"column":23}},"20":{"start":{"line":56,"column":8},"end":{"line":56,"column":45}},"21":{"start":{"line":59,"column":4},"end":{"line":62,"column":6}},"22":{"start":{"line":64,"column":4},"end":{"line":67,"column":6}},"23":{"start":{"line":73,"column":23},"end":{"line":87,"column":2}},"24":{"start":{"line":74,"column":21},"end":{"line":74,"column":59}},"25":{"start":{"line":76,"column":4},"end":{"line":79,"column":5}},"26":{"start":{"line":77,"column":8},"end":{"line":77,"column":23}},"27":{"start":{"line":78,"column":8},"end":{"line":78,"column":45}},"28":{"start":{"line":81,"column":4},"end":{"line":81,"column":30}},"29":{"start":{"line":83,"column":4},"end":{"line":86,"column":6}},"30":{"start":{"line":92,"column":28},"end":{"line":116,"column":2}},"31":{"start":{"line":93,"column":20},"end":{"line":93,"column":48}},"32":{"start":{"line":95,"column":21},"end":{"line":95,"column":59}},"33":{"start":{"line":97,"column":4},"end":{"line":100,"column":5}},"34":{"start":{"line":98,"column":8},"end":{"line":98,"column":23}},"35":{"start":{"line":99,"column":8},"end":{"line":99,"column":45}},"36":{"start":{"line":102,"column":21},"end":{"line":107,"column":27}},"37":{"start":{"line":109,"column":4},"end":{"line":115,"column":6}},"38":{"start":{"line":121,"column":34},"end":{"line":144,"column":2}},"39":{"start":{"line":123,"column":23},"end":{"line":123,"column":72}},"40":{"start":{"line":125,"column":4},"end":{"line":128,"column":5}},"41":{"start":{"line":126,"column":8},"end":{"line":126,"column":23}},"42":{"start":{"line":127,"column":8},"end":{"line":127,"column":47}},"43":{"start":{"line":131,"column":21},"end":{"line":133,"column":27}},"44":{"start":{"line":135,"column":23},"end":{"line":137,"column":19}},"45":{"start":{"line":139,"column":4},"end":{"line":143,"column":6}},"46":{"start":{"line":146,"column":0},"end":{"line":154,"column":1}}},"fnMap":{"0":{"name":"(anonymous_0)","decl":{"start":{"line":9,"column":35},"end":{"line":9,"column":36}},"loc":{"start":{"line":9,"column":55},"end":{"line":17,"column":1}},"line":9},"1":{"name":"(anonymous_1)","decl":{"start":{"line":22,"column":37},"end":{"line":22,"column":38}},"loc":{"start":{"line":22,"column":57},"end":{"line":34,"column":1}},"line":22},"2":{"name":"(anonymous_2)","decl":{"start":{"line":39,"column":36},"end":{"line":39,"column":37}},"loc":{"start":{"line":39,"column":56},"end":{"line":46,"column":1}},"line":39},"3":{"name":"(anonymous_3)","decl":{"start":{"line":51,"column":36},"end":{"line":51,"column":37}},"loc":{"start":{"line":51,"column":56},"end":{"line":68,"column":1}},"line":51},"4":{"name":"(anonymous_4)","decl":{"start":{"line":73,"column":36},"end":{"line":73,"column":37}},"loc":{"start":{"line":73,"column":56},"end":{"line":87,"column":1}},"line":73},"5":{"name":"(anonymous_5)","decl":{"start":{"line":92,"column":41},"end":{"line":92,"column":42}},"loc":{"start":{"line":92,"column":61},"end":{"line":116,"column":1}},"line":92},"6":{"name":"(anonymous_6)","decl":{"start":{"line":121,"column":47},"end":{"line":121,"column":48}},"loc":{"start":{"line":121,"column":67},"end":{"line":144,"column":1}},"line":121}},"branchMap":{"0":{"loc":{"start":{"line":25,"column":4},"end":{"line":28,"column":5}},"type":"if","locations":[{"start":{"line":25,"column":4},"end":{"line":28,"column":5}},{"start":{},"end":{}}],"line":25},"1":{"loc":{"start":{"line":54,"column":4},"end":{"line":57,"column":5}},"type":"if","locations":[{"start":{"line":54,"column":4},"end":{"line":57,"column":5}},{"start":{},"end":{}}],"line":54},"2":{"loc":{"start":{"line":76,"column":4},"end":{"line":79,"column":5}},"type":"if","locations":[{"start":{"line":76,"column":4},"end":{"line":79,"column":5}},{"start":{},"end":{}}],"line":76},"3":{"loc":{"start":{"line":97,"column":4},"end":{"line":100,"column":5}},"type":"if","locations":[{"start":{"line":97,"column":4},"end":{"line":100,"column":5}},{"start":{},"end":{}}],"line":97},"4":{"loc":{"start":{"line":125,"column":4},"end":{"line":128,"column":5}},"type":"if","locations":[{"start":{"line":125,"column":4},"end":{"line":128,"column":5}},{"start":{},"end":{}}],"line":125}},"s":{"0":0,"1":0,"2":0,"3":0,"4":0,"5":0,"6":0,"7":0,"8":0,"9":0,"10":0,"11":0,"12":0,"13":0,"14":0,"15":0,"16":0,"17":0,"18":0,"19":0,"20":0,"21":0,"22":0,"23":0,"24":0,"25":0,"26":0,"27":0,"28":0,"29":0,"30":0,"31":0,"32":0,"33":0,"34":0,"35":0,"36":0,"37":0,"38":0,"39":0,"40":0,"41":0,"42":0,"43":0,"44":0,"45":0,"46":0},"f":{"0":0,"1":0,"2":0,"3":0,"4":0,"5":0,"6":0},"b":{"0":[0,0],"1":[0,0],"2":[0,0],"3":[0,0],"4":[0,0]}}
,"C:\\Users\\ADMIN\\Desktop\\FOODFAST\\server_app\\API\\Controllers\\dashboardController.js": {"path":"C:\\Users\\ADMIN\\Desktop\\FOODFAST\\server_app\\API\\Controllers\\dashboardController.js","statementMap":{"0":{"start":{"line":1,"column":21},"end":{"line":1,"column":58}},"1":{"start":{"line":2,"column":13},"end":{"line":2,"column":38}},"2":{"start":{"line":3,"column":19},"end":{"line":3,"column":50}},"3":{"start":{"line":4,"column":14},"end":{"line":4,"column":40}},"4":{"start":{"line":5,"column":14},"end":{"line":5,"column":40}},"5":{"start":{"line":10,"column":26},"end":{"line":80,"column":2}},"6":{"start":{"line":12,"column":23},"end":{"line":12,"column":50}},"7":{"start":{"line":13,"column":29},"end":{"line":13,"column":62}},"8":{"start":{"line":14,"column":24},"end":{"line":14,"column":52}},"9":{"start":{"line":15,"column":24},"end":{"line":15,"column":52}},"10":{"start":{"line":18,"column":24},"end":{"line":18,"column":69}},"11":{"start":{"line":19,"column":30},"end":{"line":19,"column":81}},"12":{"start":{"line":20,"column":25},"end":{"line":20,"column":76}},"13":{"start":{"line":23,"column":26},"end":{"line":23,"column":75}},"14":{"start":{"line":24,"column":28},"end":{"line":24,"column":79}},"15":{"start":{"line":25,"column":28},"end":{"line":25,"column":79}},"16":{"start":{"line":28,"column":26},"end":{"line":31,"column":6}},"17":{"start":{"line":32,"column":25},"end":{"line":32,"column":78}},"18":{"start":{"line":35,"column":18},"end":{"line":35,"column":28}},"19":{"start":{"line":36,"column":4},"end":{"line":36,"column":30}},"20":{"start":{"line":38,"column":24},"end":{"line":40,"column":6}},"21":{"start":{"line":42,"column":25},"end":{"line":49,"column":6}},"22":{"start":{"line":50,"column":30},"end":{"line":50,"column":81}},"23":{"start":{"line":52,"column":4},"end":{"line":79,"column":6}},"24":{"start":{"line":85,"column":24},"end":{"line":98,"column":2}},"25":{"start":{"line":86,"column":18},"end":{"line":86,"column":49}},"26":{"start":{"line":88,"column":19},"end":{"line":92,"column":21}},"27":{"start":{"line":94,"column":4},"end":{"line":97,"column":6}},"28":{"start":{"line":103,"column":26},"end":{"line":115,"column":2}},"29":{"start":{"line":104,"column":18},"end":{"line":104,"column":48}},"30":{"start":{"line":106,"column":24},"end":{"line":109,"column":56}},"31":{"start":{"line":111,"column":4},"end":{"line":114,"column":6}},"32":{"start":{"line":120,"column":27},"end":{"line":160,"column":2}},"33":{"start":{"line":121,"column":17},"end":{"line":121,"column":46}},"34":{"start":{"line":123,"column":22},"end":{"line":123,"column":32}},"35":{"start":{"line":124,"column":4},"end":{"line":124,"column":49}},"36":{"start":{"line":125,"column":4},"end":{"line":125,"column":34}},"37":{"start":{"line":127,"column":18},"end":{"line":154,"column":6}},"38":{"start":{"line":156,"column":4},"end":{"line":159,"column":6}},"39":{"start":{"line":162,"column":0},"end":{"line":167,"column":1}}},"fnMap":{"0":{"name":"(anonymous_0)","decl":{"start":{"line":10,"column":39},"end":{"line":10,"column":40}},"loc":{"start":{"line":10,"column":58},"end":{"line":80,"column":1}},"line":10},"1":{"name":"(anonymous_1)","decl":{"start":{"line":85,"column":37},"end":{"line":85,"column":38}},"loc":{"start":{"line":85,"column":56},"end":{"line":98,"column":1}},"line":85},"2":{"name":"(anonymous_2)","decl":{"start":{"line":103,"column":39},"end":{"line":103,"column":40}},"loc":{"start":{"line":103,"column":58},"end":{"line":115,"column":1}},"line":103},"3":{"name":"(anonymous_3)","decl":{"start":{"line":120,"column":40},"end":{"line":120,"column":41}},"loc":{"start":{"line":120,"column":59},"end":{"line":160,"column":1}},"line":120}},"branchMap":{"0":{"loc":{"start":{"line":32,"column":25},"end":{"line":32,"column":78}},"type":"cond-expr","locations":[{"start":{"line":32,"column":52},"end":{"line":32,"column":74}},{"start":{"line":32,"column":77},"end":{"line":32,"column":78}}],"line":32},"1":{"loc":{"start":{"line":50,"column":30},"end":{"line":50,"column":81}},"type":"cond-expr","locations":[{"start":{"line":50,"column":56},"end":{"line":50,"column":77}},{"start":{"line":50,"column":80},"end":{"line":50,"column":81}}],"line":50},"2":{"loc":{"start":{"line":86,"column":18},"end":{"line":86,"column":49}},"type":"binary-expr","locations":[{"start":{"line":86,"column":18},"end":{"line":86,"column":43}},{"start":{"line":86,"column":47},"end":{"line":86,"column":49}}],"line":86},"3":{"loc":{"start":{"line":104,"column":18},"end":{"line":104,"column":48}},"type":"binary-expr","locations":[{"start":{"line":104,"column":18},"end":{"line":104,"column":43}},{"start":{"line":104,"column":47},"end":{"line":104,"column":48}}],"line":104},"4":{"loc":{"start":{"line":121,"column":17},"end":{"line":121,"column":46}},"type":"binary-expr","locations":[{"start":{"line":121,"column":17},"end":{"line":121,"column":41}},{"start":{"line":121,"column":45},"end":{"line":121,"column":46}}],"line":121}},"s":{"0":0,"1":0,"2":0,"3":0,"4":0,"5":0,"6":0,"7":0,"8":0,"9":0,"10":0,"11":0,"12":0,"13":0,"14":0,"15":0,"16":0,"17":0,"18":0,"19":0,"20":0,"21":0,"22":0,"23":0,"24":0,"25":0,"26":0,"27":0,"28":0,"29":0,"30":0,"31":0,"32":0,"33":0,"34":0,"35":0,"36":0,"37":0,"38":0,"39":0},"f":{"0":0,"1":0,"2":0,"3":0},"b":{"0":[0,0],"1":[0,0],"2":[0,0],"3":[0,0],"4":[0,0]}}
,"C:\\Users\\ADMIN\\Desktop\\FOODFAST\\server_app\\API\\Controllers\\droneController.js": {"path":"C:\\Users\\ADMIN\\Desktop\\FOODFAST\\server_app\\API\\Controllers\\droneController.js","statementMap":{"0":{"start":{"line":1,"column":21},"end":{"line":1,"column":58}},"1":{"start":{"line":2,"column":14},"end":{"line":2,"column":40}},"2":{"start":{"line":7,"column":18},"end":{"line":29,"column":2}},"3":{"start":{"line":8,"column":34},"end":{"line":8,"column":43}},"4":{"start":{"line":10,"column":16},"end":{"line":10,"column":18}},"5":{"start":{"line":13,"column":4},"end":{"line":15,"column":5}},"6":{"start":{"line":14,"column":8},"end":{"line":14,"column":29}},"7":{"start":{"line":18,"column":4},"end":{"line":20,"column":5}},"8":{"start":{"line":19,"column":8},"end":{"line":19,"column":34}},"9":{"start":{"line":22,"column":19},"end":{"line":22,"column":61}},"10":{"start":{"line":24,"column":4},"end":{"line":28,"column":6}},"11":{"start":{"line":34,"column":21},"end":{"line":46,"column":2}},"12":{"start":{"line":35,"column":18},"end":{"line":35,"column":53}},"13":{"start":{"line":37,"column":4},"end":{"line":40,"column":5}},"14":{"start":{"line":38,"column":8},"end":{"line":38,"column":23}},"15":{"start":{"line":39,"column":8},"end":{"line":39,"column":42}},"16":{"start":{"line":42,"column":4},"end":{"line":45,"column":6}},"17":{"start":{"line":51,"column":20},"end":{"line":75,"column":2}},"18":{"start":{"line":53,"column":4},"end":{"line":58,"column":5}},"19":{"start":{"line":54,"column":8},"end":{"line":57,"column":9}},"20":{"start":{"line":60,"column":18},"end":{"line":60,"column":46}},"21":{"start":{"line":63,"column":15},"end":{"line":63,"column":32}},"22":{"start":{"line":64,"column":4},"end":{"line":69,"column":5}},"23":{"start":{"line":65,"column":8},"end":{"line":68,"column":10}},"24":{"start":{"line":71,"column":4},"end":{"line":74,"column":6}},"25":{"start":{"line":80,"column":20},"end":{"line":106,"column":2}},"26":{"start":{"line":81,"column":16},"end":{"line":81,"column":51}},"27":{"start":{"line":83,"column":4},"end":{"line":86,"column":5}},"28":{"start":{"line":84,"column":8},"end":{"line":84,"column":23}},"29":{"start":{"line":85,"column":8},"end":{"line":85,"column":42}},"30":{"start":{"line":88,"column":4},"end":{"line":91,"column":6}},"31":{"start":{"line":94,"column":15},"end":{"line":94,"column":32}},"32":{"start":{"line":95,"column":4},"end":{"line":100,"column":5}},"33":{"start":{"line":96,"column":8},"end":{"line":99,"column":10}},"34":{"start":{"line":102,"column":4},"end":{"line":105,"column":6}},"35":{"start":{"line":111,"column":20},"end":{"line":144,"column":2}},"36":{"start":{"line":112,"column":18},"end":{"line":112,"column":53}},"37":{"start":{"line":114,"column":4},"end":{"line":117,"column":5}},"38":{"start":{"line":115,"column":8},"end":{"line":115,"column":23}},"39":{"start":{"line":116,"column":8},"end":{"line":116,"column":42}},"40":{"start":{"line":120,"column":4},"end":{"line":123,"column":5}},"41":{"start":{"line":121,"column":8},"end":{"line":121,"column":23}},"42":{"start":{"line":122,"column":8},"end":{"line":122,"column":85}},"43":{"start":{"line":125,"column":22},"end":{"line":125,"column":38}},"44":{"start":{"line":127,"column":4},"end":{"line":127,"column":27}},"45":{"start":{"line":130,"column":15},"end":{"line":130,"column":32}},"46":{"start":{"line":131,"column":4},"end":{"line":137,"column":5}},"47":{"start":{"line":132,"column":8},"end":{"line":136,"column":10}},"48":{"start":{"line":139,"column":4},"end":{"line":143,"column":6}},"49":{"start":{"line":149,"column":28},"end":{"line":178,"column":2}},"50":{"start":{"line":150,"column":36},"end":{"line":150,"column":44}},"51":{"start":{"line":152,"column":18},"end":{"line":152,"column":53}},"52":{"start":{"line":154,"column":4},"end":{"line":157,"column":5}},"53":{"start":{"line":155,"column":8},"end":{"line":155,"column":23}},"54":{"start":{"line":156,"column":8},"end":{"line":156,"column":42}},"55":{"start":{"line":159,"column":4},"end":{"line":162,"column":5}},"56":{"start":{"line":164,"column":4},"end":{"line":164,"column":22}},"57":{"start":{"line":167,"column":15},"end":{"line":167,"column":32}},"58":{"start":{"line":168,"column":4},"end":{"line":172,"column":6}},"59":{"start":{"line":174,"column":4},"end":{"line":177,"column":6}},"60":{"start":{"line":183,"column":26},"end":{"line":200,"column":2}},"61":{"start":{"line":184,"column":23},"end":{"line":184,"column":31}},"62":{"start":{"line":186,"column":18},"end":{"line":186,"column":53}},"63":{"start":{"line":188,"column":4},"end":{"line":191,"column":5}},"64":{"start":{"line":189,"column":8},"end":{"line":189,"column":23}},"65":{"start":{"line":190,"column":8},"end":{"line":190,"column":42}},"66":{"start":{"line":193,"column":4},"end":{"line":193,"column":25}},"67":{"start":{"line":194,"column":4},"end":{"line":194,"column":22}},"68":{"start":{"line":196,"column":4},"end":{"line":199,"column":6}},"69":{"start":{"line":205,"column":27},"end":{"line":228,"column":2}},"70":{"start":{"line":206,"column":29},"end":{"line":206,"column":37}},"71":{"start":{"line":208,"column":18},"end":{"line":208,"column":53}},"72":{"start":{"line":210,"column":4},"end":{"line":213,"column":5}},"73":{"start":{"line":211,"column":8},"end":{"line":211,"column":23}},"74":{"start":{"line":212,"column":8},"end":{"line":212,"column":42}},"75":{"start":{"line":215,"column":4},"end":{"line":215,"column":37}},"76":{"start":{"line":218,"column":4},"end":{"line":220,"column":5}},"77":{"start":{"line":219,"column":8},"end":{"line":219,"column":33}},"78":{"start":{"line":222,"column":4},"end":{"line":222,"column":22}},"79":{"start":{"line":224,"column":4},"end":{"line":227,"column":6}},"80":{"start":{"line":233,"column":27},"end":{"line":279,"column":2}},"81":{"start":{"line":234,"column":24},"end":{"line":234,"column":32}},"82":{"start":{"line":235,"column":18},"end":{"line":235,"column":44}},"83":{"start":{"line":237,"column":18},"end":{"line":237,"column":53}},"84":{"start":{"line":239,"column":4},"end":{"line":242,"column":5}},"85":{"start":{"line":240,"column":8},"end":{"line":240,"column":23}},"86":{"start":{"line":241,"column":8},"end":{"line":241,"column":42}},"87":{"start":{"line":244,"column":4},"end":{"line":247,"column":5}},"88":{"start":{"line":245,"column":8},"end":{"line":245,"column":23}},"89":{"start":{"line":246,"column":8},"end":{"line":246,"column":49}},"90":{"start":{"line":249,"column":4},"end":{"line":252,"column":5}},"91":{"start":{"line":250,"column":8},"end":{"line":250,"column":23}},"92":{"start":{"line":251,"column":8},"end":{"line":251,"column":48}},"93":{"start":{"line":254,"column":18},"end":{"line":254,"column":47}},"94":{"start":{"line":256,"column":4},"end":{"line":259,"column":5}},"95":{"start":{"line":257,"column":8},"end":{"line":257,"column":23}},"96":{"start":{"line":258,"column":8},"end":{"line":258,"column":42}},"97":{"start":{"line":262,"column":4},"end":{"line":262,"column":27}},"98":{"start":{"line":263,"column":4},"end":{"line":263,"column":31}},"99":{"start":{"line":264,"column":4},"end":{"line":264,"column":35}},"100":{"start":{"line":265,"column":4},"end":{"line":265,"column":22}},"101":{"start":{"line":268,"column":4},"end":{"line":268,"column":25}},"102":{"start":{"line":269,"column":4},"end":{"line":269,"column":34}},"103":{"start":{"line":270,"column":4},"end":{"line":270,"column":22}},"104":{"start":{"line":272,"column":4},"end":{"line":278,"column":6}},"105":{"start":{"line":284,"column":24},"end":{"line":311,"column":2}},"106":{"start":{"line":285,"column":45},"end":{"line":285,"column":54}},"107":{"start":{"line":287,"column":4},"end":{"line":290,"column":5}},"108":{"start":{"line":288,"column":8},"end":{"line":288,"column":23}},"109":{"start":{"line":289,"column":8},"end":{"line":289,"column":64}},"110":{"start":{"line":292,"column":19},"end":{"line":304,"column":6}},"111":{"start":{"line":306,"column":4},"end":{"line":310,"column":6}},"112":{"start":{"line":316,"column":22},"end":{"line":352,"column":2}},"113":{"start":{"line":317,"column":18},"end":{"line":317,"column":44}},"114":{"start":{"line":319,"column":18},"end":{"line":319,"column":53}},"115":{"start":{"line":321,"column":4},"end":{"line":324,"column":5}},"116":{"start":{"line":322,"column":8},"end":{"line":322,"column":23}},"117":{"start":{"line":323,"column":8},"end":{"line":323,"column":42}},"118":{"start":{"line":327,"column":28},"end":{"line":330,"column":6}},"119":{"start":{"line":333,"column":27},"end":{"line":336,"column":6}},"120":{"start":{"line":339,"column":28},"end":{"line":339,"column":55}},"121":{"start":{"line":341,"column":4},"end":{"line":351,"column":6}},"122":{"start":{"line":354,"column":0},"end":{"line":366,"column":1}}},"fnMap":{"0":{"name":"(anonymous_0)","decl":{"start":{"line":7,"column":31},"end":{"line":7,"column":32}},"loc":{"start":{"line":7,"column":50},"end":{"line":29,"column":1}},"line":7},"1":{"name":"(anonymous_1)","decl":{"start":{"line":34,"column":34},"end":{"line":34,"column":35}},"loc":{"start":{"line":34,"column":53},"end":{"line":46,"column":1}},"line":34},"2":{"name":"(anonymous_2)","decl":{"start":{"line":51,"column":33},"end":{"line":51,"column":34}},"loc":{"start":{"line":51,"column":52},"end":{"line":75,"column":1}},"line":51},"3":{"name":"(anonymous_3)","decl":{"start":{"line":80,"column":33},"end":{"line":80,"column":34}},"loc":{"start":{"line":80,"column":52},"end":{"line":106,"column":1}},"line":80},"4":{"name":"(anonymous_4)","decl":{"start":{"line":111,"column":33},"end":{"line":111,"column":34}},"loc":{"start":{"line":111,"column":52},"end":{"line":144,"column":1}},"line":111},"5":{"name":"(anonymous_5)","decl":{"start":{"line":149,"column":41},"end":{"line":149,"column":42}},"loc":{"start":{"line":149,"column":60},"end":{"line":178,"column":1}},"line":149},"6":{"name":"(anonymous_6)","decl":{"start":{"line":183,"column":39},"end":{"line":183,"column":40}},"loc":{"start":{"line":183,"column":58},"end":{"line":200,"column":1}},"line":183},"7":{"name":"(anonymous_7)","decl":{"start":{"line":205,"column":40},"end":{"line":205,"column":41}},"loc":{"start":{"line":205,"column":59},"end":{"line":228,"column":1}},"line":205},"8":{"name":"(anonymous_8)","decl":{"start":{"line":233,"column":40},"end":{"line":233,"column":41}},"loc":{"start":{"line":233,"column":59},"end":{"line":279,"column":1}},"line":233},"9":{"name":"(anonymous_9)","decl":{"start":{"line":284,"column":37},"end":{"line":284,"column":38}},"loc":{"start":{"line":284,"column":56},"end":{"line":311,"column":1}},"line":284},"10":{"name":"(anonymous_10)","decl":{"start":{"line":316,"column":35},"end":{"line":316,"column":36}},"loc":{"start":{"line":316,"column":54},"end":{"line":352,"column":1}},"line":316}},"branchMap":{"0":{"loc":{"start":{"line":13,"column":4},"end":{"line":15,"column":5}},"type":"if","locations":[{"start":{"line":13,"column":4},"end":{"line":15,"column":5}},{"start":{},"end":{}}],"line":13},"1":{"loc":{"start":{"line":18,"column":4},"end":{"line":20,"column":5}},"type":"if","locations":[{"start":{"line":18,"column":4},"end":{"line":20,"column":5}},{"start":{},"end":{}}],"line":18},"2":{"loc":{"start":{"line":37,"column":4},"end":{"line":40,"column":5}},"type":"if","locations":[{"start":{"line":37,"column":4},"end":{"line":40,"column":5}},{"start":{},"end":{}}],"line":37},"3":{"loc":{"start":{"line":53,"column":4},"end":{"line":58,"column":5}},"type":"if","locations":[{"start":{"line":53,"column":4},"end":{"line":58,"column":5}},{"start":{},"end":{}}],"line":53},"4":{"loc":{"start":{"line":53,"column":8},"end":{"line":53,"column":58}},"type":"binary-expr","locations":[{"start":{"line":53,"column":8},"end":{"line":53,"column":29}},{"start":{"line":53,"column":33},"end":{"line":53,"column":58}}],"line":53},"5":{"loc":{"start":{"line":64,"column":4},"end":{"line":69,"column":5}},"type":"if","locations":[{"start":{"line":64,"column":4},"end":{"line":69,"column":5}},{"start":{},"end":{}}],"line":64},"6":{"loc":{"start":{"line":83,"column":4},"end":{"line":86,"column":5}},"type":"if","locations":[{"start":{"line":83,"column":4},"end":{"line":86,"column":5}},{"start":{},"end":{}}],"line":83},"7":{"loc":{"start":{"line":95,"column":4},"end":{"line":100,"column":5}},"type":"if","locations":[{"start":{"line":95,"column":4},"end":{"line":100,"column":5}},{"start":{},"end":{}}],"line":95},"8":{"loc":{"start":{"line":114,"column":4},"end":{"line":117,"column":5}},"type":"if","locations":[{"start":{"line":114,"column":4},"end":{"line":117,"column":5}},{"start":{},"end":{}}],"line":114},"9":{"loc":{"start":{"line":120,"column":4},"end":{"line":123,"column":5}},"type":"if","locations":[{"start":{"line":120,"column":4},"end":{"line":123,"column":5}},{"start":{},"end":{}}],"line":120},"10":{"loc":{"start":{"line":131,"column":4},"end":{"line":137,"column":5}},"type":"if","locations":[{"start":{"line":131,"column":4},"end":{"line":137,"column":5}},{"start":{},"end":{}}],"line":131},"11":{"loc":{"start":{"line":154,"column":4},"end":{"line":157,"column":5}},"type":"if","locations":[{"start":{"line":154,"column":4},"end":{"line":157,"column":5}},{"start":{},"end":{}}],"line":154},"12":{"loc":{"start":{"line":188,"column":4},"end":{"line":191,"column":5}},"type":"if","locations":[{"start":{"line":188,"column":4},"end":{"line":191,"column":5}},{"start":{},"end":{}}],"line":188},"13":{"loc":{"start":{"line":210,"column":4},"end":{"line":213,"column":5}},"type":"if","locations":[{"start":{"line":210,"column":4},"end":{"line":213,"column":5}},{"start":{},"end":{}}],"line":210},"14":{"loc":{"start":{"line":218,"column":4},"end":{"line":220,"column":5}},"type":"if","locations":[{"start":{"line":218,"column":4},"end":{"line":220,"column":5}},{"start":{},"end":{}}],"line":218},"15":{"loc":{"start":{"line":239,"column":4},"end":{"line":242,"column":5}},"type":"if","locations":[{"start":{"line":239,"column":4},"end":{"line":242,"column":5}},{"start":{},"end":{}}],"line":239},"16":{"loc":{"start":{"line":244,"column":4},"end":{"line":247,"column":5}},"type":"if","locations":[{"start":{"line":244,"column":4},"end":{"line":247,"column":5}},{"start":{},"end":{}}],"line":244},"17":{"loc":{"start":{"line":249,"column":4},"end":{"line":252,"column":5}},"type":"if","locations":[{"start":{"line":249,"column":4},"end":{"line":252,"column":5}},{"start":{},"end":{}}],"line":249},"18":{"loc":{"start":{"line":256,"column":4},"end":{"line":259,"column":5}},"type":"if","locations":[{"start":{"line":256,"column":4},"end":{"line":259,"column":5}},{"start":{},"end":{}}],"line":256},"19":{"loc":{"start":{"line":285,"column":22},"end":{"line":285,"column":40}},"type":"default-arg","locations":[{"start":{"line":285,"column":36},"end":{"line":285,"column":40}}],"line":285},"20":{"loc":{"start":{"line":287,"column":4},"end":{"line":290,"column":5}},"type":"if","locations":[{"start":{"line":287,"column":4},"end":{"line":290,"column":5}},{"start":{},"end":{}}],"line":287},"21":{"loc":{"start":{"line":287,"column":8},"end":{"line":287,"column":20}},"type":"binary-expr","locations":[{"start":{"line":287,"column":8},"end":{"line":287,"column":12}},{"start":{"line":287,"column":16},"end":{"line":287,"column":20}}],"line":287},"22":{"loc":{"start":{"line":321,"column":4},"end":{"line":324,"column":5}},"type":"if","locations":[{"start":{"line":321,"column":4},"end":{"line":324,"column":5}},{"start":{},"end":{}}],"line":321},"23":{"loc":{"start":{"line":339,"column":28},"end":{"line":339,"column":55}},"type":"binary-expr","locations":[{"start":{"line":339,"column":28},"end":{"line":339,"column":50}},{"start":{"line":339,"column":54},"end":{"line":339,"column":55}}],"line":339}},"s":{"0":0,"1":0,"2":0,"3":0,"4":0,"5":0,"6":0,"7":0,"8":0,"9":0,"10":0,"11":0,"12":0,"13":0,"14":0,"15":0,"16":0,"17":0,"18":0,"19":0,"20":0,"21":0,"22":0,"23":0,"24":0,"25":0,"26":0,"27":0,"28":0,"29":0,"30":0,"31":0,"32":0,"33":0,"34":0,"35":0,"36":0,"37":0,"38":0,"39":0,"40":0,"41":0,"42":0,"43":0,"44":0,"45":0,"46":0,"47":0,"48":0,"49":0,"50":0,"51":0,"52":0,"53":0,"54":0,"55":0,"56":0,"57":0,"58":0,"59":0,"60":0,"61":0,"62":0,"63":0,"64":0,"65":0,"66":0,"67":0,"68":0,"69":0,"70":0,"71":0,"72":0,"73":0,"74":0,"75":0,"76":0,"77":0,"78":0,"79":0,"80":0,"81":0,"82":0,"83":0,"84":0,"85":0,"86":0,"87":0,"88":0,"89":0,"90":0,"91":0,"92":0,"93":0,"94":0,"95":0,"96":0,"97":0,"98":0,"99":0,"100":0,"101":0,"102":0,"103":0,"104":0,"105":0,"106":0,"107":0,"108":0,"109":0,"110":0,"111":0,"112":0,"113":0,"114":0,"115":0,"116":0,"117":0,"118":0,"119":0,"120":0,"121":0,"122":0},"f":{"0":0,"1":0,"2":0,"3":0,"4":0,"5":0,"6":0,"7":0,"8":0,"9":0,"10":0},"b":{"0":[0,0],"1":[0,0],"2":[0,0],"3":[0,0],"4":[0,0],"5":[0,0],"6":[0,0],"7":[0,0],"8":[0,0],"9":[0,0],"10":[0,0],"11":[0,0],"12":[0,0],"13":[0,0],"14":[0,0],"15":[0,0],"16":[0,0],"17":[0,0],"18":[0,0],"19":[0],"20":[0,0],"21":[0,0],"22":[0,0],"23":[0,0]}}
,"C:\\Users\\ADMIN\\Desktop\\FOODFAST\\server_app\\API\\Controllers\\orderController.js": {"path":"C:\\Users\\ADMIN\\Desktop\\FOODFAST\\server_app\\API\\Controllers\\orderController.js","statementMap":{"0":{"start":{"line":1,"column":21},"end":{"line":1,"column":58}},"1":{"start":{"line":2,"column":14},"end":{"line":2,"column":40}},"2":{"start":{"line":3,"column":16},"end":{"line":3,"column":44}},"3":{"start":{"line":4,"column":19},"end":{"line":4,"column":50}},"4":{"start":{"line":5,"column":19},"end":{"line":5,"column":50}},"5":{"start":{"line":6,"column":16},"end":{"line":6,"column":44}},"6":{"start":{"line":7,"column":21},"end":{"line":7,"column":54}},"7":{"start":{"line":12,"column":20},"end":{"line":380,"column":2}},"8":{"start":{"line":21,"column":8},"end":{"line":21,"column":16}},"9":{"start":{"line":23,"column":4},"end":{"line":23,"column":138}},"10":{"start":{"line":25,"column":4},"end":{"line":28,"column":5}},"11":{"start":{"line":26,"column":8},"end":{"line":26,"column":23}},"12":{"start":{"line":27,"column":8},"end":{"line":27,"column":41}},"13":{"start":{"line":31,"column":4},"end":{"line":34,"column":5}},"14":{"start":{"line":32,"column":8},"end":{"line":32,"column":23}},"15":{"start":{"line":33,"column":8},"end":{"line":33,"column":59}},"16":{"start":{"line":38,"column":19},"end":{"line":38,"column":20}},"17":{"start":{"line":39,"column":23},"end":{"line":39,"column":27}},"18":{"start":{"line":42,"column":27},"end":{"line":42,"column":36}},"19":{"start":{"line":44,"column":23},"end":{"line":44,"column":25}},"20":{"start":{"line":46,"column":4},"end":{"line":153,"column":5}},"21":{"start":{"line":47,"column":24},"end":{"line":47,"column":97}},"22":{"start":{"line":48,"column":8},"end":{"line":51,"column":9}},"23":{"start":{"line":49,"column":12},"end":{"line":49,"column":27}},"24":{"start":{"line":50,"column":12},"end":{"line":50,"column":65}},"25":{"start":{"line":53,"column":25},"end":{"line":53,"column":109}},"26":{"start":{"line":54,"column":8},"end":{"line":57,"column":9}},"27":{"start":{"line":55,"column":12},"end":{"line":55,"column":27}},"28":{"start":{"line":56,"column":12},"end":{"line":56,"column":64}},"29":{"start":{"line":60,"column":8},"end":{"line":62,"column":9}},"30":{"start":{"line":61,"column":12},"end":{"line":61,"column":35}},"31":{"start":{"line":65,"column":8},"end":{"line":68,"column":9}},"32":{"start":{"line":66,"column":12},"end":{"line":66,"column":27}},"33":{"start":{"line":67,"column":12},"end":{"line":67,"column":78}},"34":{"start":{"line":71,"column":21},"end":{"line":71,"column":34}},"35":{"start":{"line":72,"column":26},"end":{"line":72,"column":39}},"36":{"start":{"line":73,"column":27},"end":{"line":73,"column":31}},"37":{"start":{"line":74,"column":26},"end":{"line":78,"column":5}},"38":{"start":{"line":79,"column":16},"end":{"line":79,"column":26}},"39":{"start":{"line":81,"column":4},"end":{"line":109,"column":5}},"40":{"start":{"line":82,"column":26},"end":{"line":82,"column":56}},"41":{"start":{"line":83,"column":26},"end":{"line":89,"column":10}},"42":{"start":{"line":91,"column":8},"end":{"line":108,"column":9}},"43":{"start":{"line":92,"column":35},"end":{"line":92,"column":84}},"44":{"start":{"line":93,"column":12},"end":{"line":93,"column":55}},"45":{"start":{"line":96,"column":12},"end":{"line":101,"column":13}},"46":{"start":{"line":103,"column":12},"end":{"line":107,"column":13}},"47":{"start":{"line":112,"column":4},"end":{"line":124,"column":5}},"48":{"start":{"line":113,"column":25},"end":{"line":113,"column":46}},"49":{"start":{"line":114,"column":8},"end":{"line":123,"column":9}},"50":{"start":{"line":115,"column":35},"end":{"line":115,"column":67}},"51":{"start":{"line":116,"column":12},"end":{"line":116,"column":55}},"52":{"start":{"line":118,"column":12},"end":{"line":122,"column":13}},"53":{"start":{"line":127,"column":30},"end":{"line":127,"column":52}},"54":{"start":{"line":129,"column":25},"end":{"line":129,"column":58}},"55":{"start":{"line":130,"column":4},"end":{"line":130,"column":28}},"56":{"start":{"line":132,"column":8},"end":{"line":134,"column":9}},"57":{"start":{"line":133,"column":12},"end":{"line":133,"column":68}},"58":{"start":{"line":135,"column":22},"end":{"line":135,"column":50}},"59":{"start":{"line":136,"column":8},"end":{"line":141,"column":10}},"60":{"start":{"line":142,"column":8},"end":{"line":142,"column":38}},"61":{"start":{"line":145,"column":8},"end":{"line":152,"column":10}},"62":{"start":{"line":155,"column":4},"end":{"line":158,"column":5}},"63":{"start":{"line":156,"column":8},"end":{"line":156,"column":23}},"64":{"start":{"line":157,"column":8},"end":{"line":157,"column":47}},"65":{"start":{"line":160,"column":24},"end":{"line":160,"column":53}},"66":{"start":{"line":163,"column":25},"end":{"line":163,"column":26}},"67":{"start":{"line":164,"column":25},"end":{"line":164,"column":29}},"68":{"start":{"line":165,"column":21},"end":{"line":165,"column":25}},"69":{"start":{"line":167,"column":4},"end":{"line":219,"column":5}},"70":{"start":{"line":168,"column":8},"end":{"line":218,"column":9}},"71":{"start":{"line":170,"column":12},"end":{"line":173,"column":14}},"72":{"start":{"line":175,"column":12},"end":{"line":178,"column":13}},"73":{"start":{"line":176,"column":16},"end":{"line":176,"column":31}},"74":{"start":{"line":177,"column":16},"end":{"line":177,"column":59}},"75":{"start":{"line":180,"column":12},"end":{"line":183,"column":13}},"76":{"start":{"line":181,"column":16},"end":{"line":181,"column":31}},"77":{"start":{"line":182,"column":16},"end":{"line":182,"column":71}},"78":{"start":{"line":186,"column":34},"end":{"line":189,"column":14}},"79":{"start":{"line":191,"column":12},"end":{"line":194,"column":13}},"80":{"start":{"line":192,"column":16},"end":{"line":192,"column":31}},"81":{"start":{"line":193,"column":16},"end":{"line":193,"column":65}},"82":{"start":{"line":197,"column":12},"end":{"line":200,"column":13}},"83":{"start":{"line":198,"column":16},"end":{"line":198,"column":31}},"84":{"start":{"line":199,"column":16},"end":{"line":199,"column":101}},"85":{"start":{"line":203,"column":12},"end":{"line":203,"column":67}},"86":{"start":{"line":205,"column":12},"end":{"line":213,"column":13}},"87":{"start":{"line":215,"column":12},"end":{"line":215,"column":50}},"88":{"start":{"line":217,"column":12},"end":{"line":217,"column":23}},"89":{"start":{"line":221,"column":24},"end":{"line":221,"column":63}},"90":{"start":{"line":224,"column":4},"end":{"line":234,"column":5}},"91":{"start":{"line":225,"column":8},"end":{"line":232,"column":10}},"92":{"start":{"line":237,"column":34},"end":{"line":237,"column":36}},"93":{"start":{"line":238,"column":4},"end":{"line":250,"column":5}},"94":{"start":{"line":239,"column":8},"end":{"line":249,"column":9}},"95":{"start":{"line":241,"column":12},"end":{"line":248,"column":13}},"96":{"start":{"line":241,"column":49},"end":{"line":241,"column":96}},"97":{"start":{"line":242,"column":16},"end":{"line":247,"column":18}},"98":{"start":{"line":252,"column":18},"end":{"line":267,"column":6}},"99":{"start":{"line":270,"column":4},"end":{"line":287,"column":5}},"100":{"start":{"line":271,"column":8},"end":{"line":284,"column":10}},"101":{"start":{"line":277,"column":57},"end":{"line":283,"column":13}},"102":{"start":{"line":286,"column":8},"end":{"line":286,"column":58}},"103":{"start":{"line":290,"column":4},"end":{"line":310,"column":5}},"104":{"start":{"line":291,"column":8},"end":{"line":309,"column":9}},"105":{"start":{"line":292,"column":12},"end":{"line":297,"column":14}},"106":{"start":{"line":300,"column":12},"end":{"line":302,"column":14}},"107":{"start":{"line":304,"column":12},"end":{"line":304,"column":67}},"108":{"start":{"line":306,"column":12},"end":{"line":306,"column":52}},"109":{"start":{"line":307,"column":12},"end":{"line":307,"column":27}},"110":{"start":{"line":308,"column":12},"end":{"line":308,"column":56}},"111":{"start":{"line":313,"column":4},"end":{"line":321,"column":5}},"112":{"start":{"line":314,"column":8},"end":{"line":320,"column":9}},"113":{"start":{"line":315,"column":12},"end":{"line":317,"column":14}},"114":{"start":{"line":319,"column":12},"end":{"line":319,"column":84}},"115":{"start":{"line":323,"column":4},"end":{"line":323,"column":57}},"116":{"start":{"line":326,"column":4},"end":{"line":374,"column":5}},"117":{"start":{"line":327,"column":19},"end":{"line":327,"column":36}},"118":{"start":{"line":329,"column":31},"end":{"line":329,"column":93}},"119":{"start":{"line":332,"column":8},"end":{"line":371,"column":9}},"120":{"start":{"line":333,"column":12},"end":{"line":370,"column":13}},"121":{"start":{"line":334,"column":33},"end":{"line":334,"column":55}},"122":{"start":{"line":336,"column":29},"end":{"line":336,"column":67}},"123":{"start":{"line":337,"column":33},"end":{"line":337,"column":53}},"124":{"start":{"line":339,"column":16},"end":{"line":339,"column":214}},"125":{"start":{"line":341,"column":16},"end":{"line":367,"column":17}},"126":{"start":{"line":342,"column":20},"end":{"line":364,"column":22}},"127":{"start":{"line":349,"column":41},"end":{"line":349,"column":108}},"128":{"start":{"line":349,"column":64},"end":{"line":349,"column":107}},"129":{"start":{"line":350,"column":28},"end":{"line":350,"column":41}},"130":{"start":{"line":351,"column":38},"end":{"line":357,"column":25}},"131":{"start":{"line":366,"column":20},"end":{"line":366,"column":117}},"132":{"start":{"line":369,"column":16},"end":{"line":369,"column":88}},"133":{"start":{"line":373,"column":8},"end":{"line":373,"column":53}},"134":{"start":{"line":376,"column":4},"end":{"line":379,"column":6}},"135":{"start":{"line":385,"column":18},"end":{"line":416,"column":2}},"136":{"start":{"line":386,"column":16},"end":{"line":386,"column":18}},"137":{"start":{"line":389,"column":4},"end":{"line":403,"column":5}},"138":{"start":{"line":390,"column":8},"end":{"line":393,"column":9}},"139":{"start":{"line":391,"column":12},"end":{"line":391,"column":27}},"140":{"start":{"line":392,"column":12},"end":{"line":392,"column":68}},"141":{"start":{"line":394,"column":8},"end":{"line":394,"column":53}},"142":{"start":{"line":395,"column":11},"end":{"line":403,"column":5}},"143":{"start":{"line":397,"column":8},"end":{"line":399,"column":9}},"144":{"start":{"line":398,"column":12},"end":{"line":398,"column":43}},"145":{"start":{"line":402,"column":8},"end":{"line":402,"column":38}},"146":{"start":{"line":405,"column":19},"end":{"line":410,"column":27}},"147":{"start":{"line":412,"column":4},"end":{"line":415,"column":6}},"148":{"start":{"line":421,"column":21},"end":{"line":443,"column":2}},"149":{"start":{"line":422,"column":18},"end":{"line":426,"column":56}},"150":{"start":{"line":428,"column":4},"end":{"line":431,"column":5}},"151":{"start":{"line":429,"column":8},"end":{"line":429,"column":23}},"152":{"start":{"line":430,"column":8},"end":{"line":430,"column":42}},"153":{"start":{"line":434,"column":4},"end":{"line":437,"column":5}},"154":{"start":{"line":435,"column":8},"end":{"line":435,"column":23}},"155":{"start":{"line":436,"column":8},"end":{"line":436,"column":41}},"156":{"start":{"line":439,"column":4},"end":{"line":442,"column":6}},"157":{"start":{"line":448,"column":26},"end":{"line":496,"column":2}},"158":{"start":{"line":449,"column":23},"end":{"line":449,"column":31}},"159":{"start":{"line":451,"column":18},"end":{"line":451,"column":53}},"160":{"start":{"line":453,"column":4},"end":{"line":456,"column":5}},"161":{"start":{"line":454,"column":8},"end":{"line":454,"column":23}},"162":{"start":{"line":455,"column":8},"end":{"line":455,"column":42}},"163":{"start":{"line":458,"column":4},"end":{"line":458,"column":25}},"164":{"start":{"line":461,"column":16},"end":{"line":461,"column":26}},"165":{"start":{"line":462,"column":4},"end":{"line":462,"column":55}},"166":{"start":{"line":462,"column":32},"end":{"line":462,"column":55}},"167":{"start":{"line":463,"column":4},"end":{"line":463,"column":55}},"168":{"start":{"line":463,"column":32},"end":{"line":463,"column":55}},"169":{"start":{"line":464,"column":4},"end":{"line":464,"column":47}},"170":{"start":{"line":464,"column":28},"end":{"line":464,"column":47}},"171":{"start":{"line":465,"column":4},"end":{"line":465,"column":57}},"172":{"start":{"line":465,"column":33},"end":{"line":465,"column":57}},"173":{"start":{"line":466,"column":4},"end":{"line":469,"column":5}},"174":{"start":{"line":467,"column":8},"end":{"line":467,"column":31}},"175":{"start":{"line":468,"column":8},"end":{"line":468,"column":36}},"176":{"start":{"line":470,"column":4},"end":{"line":470,"column":55}},"177":{"start":{"line":470,"column":32},"end":{"line":470,"column":55}},"178":{"start":{"line":472,"column":4},"end":{"line":472,"column":22}},"179":{"start":{"line":475,"column":15},"end":{"line":475,"column":32}},"180":{"start":{"line":476,"column":4},"end":{"line":481,"column":6}},"181":{"start":{"line":484,"column":4},"end":{"line":490,"column":6}},"182":{"start":{"line":492,"column":4},"end":{"line":495,"column":6}},"183":{"start":{"line":501,"column":19},"end":{"line":516,"column":2}},"184":{"start":{"line":502,"column":18},"end":{"line":505,"column":63}},"185":{"start":{"line":507,"column":4},"end":{"line":510,"column":5}},"186":{"start":{"line":508,"column":8},"end":{"line":508,"column":23}},"187":{"start":{"line":509,"column":8},"end":{"line":509,"column":42}},"188":{"start":{"line":512,"column":4},"end":{"line":515,"column":6}},"189":{"start":{"line":521,"column":20},"end":{"line":549,"column":2}},"190":{"start":{"line":522,"column":18},"end":{"line":522,"column":53}},"191":{"start":{"line":524,"column":4},"end":{"line":527,"column":5}},"192":{"start":{"line":525,"column":8},"end":{"line":525,"column":23}},"193":{"start":{"line":526,"column":8},"end":{"line":526,"column":42}},"194":{"start":{"line":529,"column":4},"end":{"line":532,"column":5}},"195":{"start":{"line":530,"column":8},"end":{"line":530,"column":23}},"196":{"start":{"line":531,"column":8},"end":{"line":531,"column":41}},"197":{"start":{"line":534,"column":4},"end":{"line":537,"column":5}},"198":{"start":{"line":535,"column":8},"end":{"line":535,"column":23}},"199":{"start":{"line":536,"column":8},"end":{"line":536,"column":51}},"200":{"start":{"line":539,"column":4},"end":{"line":539,"column":30}},"201":{"start":{"line":540,"column":4},"end":{"line":540,"column":34}},"202":{"start":{"line":541,"column":4},"end":{"line":541,"column":63}},"203":{"start":{"line":543,"column":4},"end":{"line":543,"column":22}},"204":{"start":{"line":545,"column":4},"end":{"line":548,"column":6}},"205":{"start":{"line":554,"column":24},"end":{"line":565,"column":2}},"206":{"start":{"line":555,"column":19},"end":{"line":559,"column":18}},"207":{"start":{"line":561,"column":4},"end":{"line":564,"column":6}},"208":{"start":{"line":570,"column":24},"end":{"line":648,"column":2}},"209":{"start":{"line":571,"column":18},"end":{"line":572,"column":47}},"210":{"start":{"line":574,"column":4},"end":{"line":577,"column":5}},"211":{"start":{"line":575,"column":8},"end":{"line":575,"column":24}},"212":{"start":{"line":576,"column":8},"end":{"line":576,"column":51}},"213":{"start":{"line":580,"column":4},"end":{"line":583,"column":5}},"214":{"start":{"line":581,"column":8},"end":{"line":581,"column":24}},"215":{"start":{"line":582,"column":8},"end":{"line":582,"column":68}},"216":{"start":{"line":586,"column":4},"end":{"line":589,"column":5}},"217":{"start":{"line":587,"column":8},"end":{"line":587,"column":24}},"218":{"start":{"line":588,"column":8},"end":{"line":588,"column":64}},"219":{"start":{"line":592,"column":4},"end":{"line":592,"column":31}},"220":{"start":{"line":593,"column":4},"end":{"line":593,"column":35}},"221":{"start":{"line":594,"column":4},"end":{"line":594,"column":23}},"222":{"start":{"line":597,"column":4},"end":{"line":637,"column":5}},"223":{"start":{"line":598,"column":22},"end":{"line":598,"column":48}},"224":{"start":{"line":599,"column":22},"end":{"line":599,"column":59}},"225":{"start":{"line":601,"column":8},"end":{"line":636,"column":9}},"226":{"start":{"line":602,"column":12},"end":{"line":602,"column":39}},"227":{"start":{"line":603,"column":12},"end":{"line":603,"column":38}},"228":{"start":{"line":604,"column":12},"end":{"line":604,"column":63}},"229":{"start":{"line":605,"column":12},"end":{"line":605,"column":31}},"230":{"start":{"line":608,"column":34},"end":{"line":608,"column":62}},"231":{"start":{"line":609,"column":12},"end":{"line":635,"column":13}},"232":{"start":{"line":610,"column":16},"end":{"line":613,"column":19}},"233":{"start":{"line":616,"column":16},"end":{"line":622,"column":19}},"234":{"start":{"line":625,"column":16},"end":{"line":634,"column":17}},"235":{"start":{"line":626,"column":20},"end":{"line":633,"column":23}},"236":{"start":{"line":640,"column":4},"end":{"line":640,"column":61}},"237":{"start":{"line":641,"column":4},"end":{"line":641,"column":62}},"238":{"start":{"line":643,"column":4},"end":{"line":647,"column":7}},"239":{"start":{"line":650,"column":0},"end":{"line":659,"column":1}}},"fnMap":{"0":{"name":"(anonymous_0)","decl":{"start":{"line":12,"column":33},"end":{"line":12,"column":34}},"loc":{"start":{"line":12,"column":52},"end":{"line":380,"column":1}},"line":12},"1":{"name":"(anonymous_1)","decl":{"start":{"line":241,"column":44},"end":{"line":241,"column":45}},"loc":{"start":{"line":241,"column":49},"end":{"line":241,"column":96}},"line":241},"2":{"name":"(anonymous_2)","decl":{"start":{"line":277,"column":48},"end":{"line":277,"column":49}},"loc":{"start":{"line":277,"column":57},"end":{"line":283,"column":13}},"line":277},"3":{"name":"(anonymous_3)","decl":{"start":{"line":348,"column":63},"end":{"line":348,"column":64}},"loc":{"start":{"line":348,"column":69},"end":{"line":351,"column":25}},"line":348},"4":{"name":"(anonymous_4)","decl":{"start":{"line":349,"column":58},"end":{"line":349,"column":59}},"loc":{"start":{"line":349,"column":64},"end":{"line":349,"column":107}},"line":349},"5":{"name":"(anonymous_5)","decl":{"start":{"line":351,"column":31},"end":{"line":351,"column":32}},"loc":{"start":{"line":351,"column":38},"end":{"line":357,"column":25}},"line":351},"6":{"name":"(anonymous_6)","decl":{"start":{"line":385,"column":31},"end":{"line":385,"column":32}},"loc":{"start":{"line":385,"column":50},"end":{"line":416,"column":1}},"line":385},"7":{"name":"(anonymous_7)","decl":{"start":{"line":421,"column":34},"end":{"line":421,"column":35}},"loc":{"start":{"line":421,"column":53},"end":{"line":443,"column":1}},"line":421},"8":{"name":"(anonymous_8)","decl":{"start":{"line":448,"column":39},"end":{"line":448,"column":40}},"loc":{"start":{"line":448,"column":58},"end":{"line":496,"column":1}},"line":448},"9":{"name":"(anonymous_9)","decl":{"start":{"line":501,"column":32},"end":{"line":501,"column":33}},"loc":{"start":{"line":501,"column":51},"end":{"line":516,"column":1}},"line":501},"10":{"name":"(anonymous_10)","decl":{"start":{"line":521,"column":33},"end":{"line":521,"column":34}},"loc":{"start":{"line":521,"column":52},"end":{"line":549,"column":1}},"line":521},"11":{"name":"(anonymous_11)","decl":{"start":{"line":554,"column":37},"end":{"line":554,"column":38}},"loc":{"start":{"line":554,"column":56},"end":{"line":565,"column":1}},"line":554},"12":{"name":"(anonymous_12)","decl":{"start":{"line":570,"column":37},"end":{"line":570,"column":38}},"loc":{"start":{"line":570,"column":56},"end":{"line":648,"column":1}},"line":570}},"branchMap":{"0":{"loc":{"start":{"line":25,"column":4},"end":{"line":28,"column":5}},"type":"if","locations":[{"start":{"line":25,"column":4},"end":{"line":28,"column":5}},{"start":{},"end":{}}],"line":25},"1":{"loc":{"start":{"line":25,"column":8},"end":{"line":25,"column":36}},"type":"binary-expr","locations":[{"start":{"line":25,"column":8},"end":{"line":25,"column":14}},{"start":{"line":25,"column":18},"end":{"line":25,"column":36}}],"line":25},"2":{"loc":{"start":{"line":31,"column":4},"end":{"line":34,"column":5}},"type":"if","locations":[{"start":{"line":31,"column":4},"end":{"line":34,"column":5}},{"start":{},"end":{}}],"line":31},"3":{"loc":{"start":{"line":31,"column":8},"end":{"line":31,"column":91}},"type":"binary-expr","locations":[{"start":{"line":31,"column":8},"end":{"line":31,"column":21}},{"start":{"line":31,"column":25},"end":{"line":31,"column":43}},{"start":{"line":31,"column":47},"end":{"line":31,"column":66}},{"start":{"line":31,"column":70},"end":{"line":31,"column":91}}],"line":31},"4":{"loc":{"start":{"line":48,"column":8},"end":{"line":51,"column":9}},"type":"if","locations":[{"start":{"line":48,"column":8},"end":{"line":51,"column":9}},{"start":{},"end":{}}],"line":48},"5":{"loc":{"start":{"line":53,"column":25},"end":{"line":53,"column":109}},"type":"cond-expr","locations":[{"start":{"line":53,"column":72},"end":{"line":53,"column":102}},{"start":{"line":53,"column":105},"end":{"line":53,"column":109}}],"line":53},"6":{"loc":{"start":{"line":53,"column":25},"end":{"line":53,"column":69}},"type":"binary-expr","locations":[{"start":{"line":53,"column":25},"end":{"line":53,"column":43}},{"start":{"line":53,"column":47},"end":{"line":53,"column":69}}],"line":53},"7":{"loc":{"start":{"line":54,"column":8},"end":{"line":57,"column":9}},"type":"if","locations
[...]
,"C:\\Users\\ADMIN\\Desktop\\FOODFAST\\server_app\\API\\Utils\\mapService.js": {"path":"C:\\Users\\ADMIN\\Desktop\\FOODFAST\\server_app\\API\\Utils\\mapService.js","statementMap":{"0":{"start":{"line":1,"column":14},"end":{"line":1,"column":30}},"1":{"start":{"line":9,"column":8},"end":{"line":9,"column":58}},"2":{"start":{"line":10,"column":8},"end":{"line":10,"column":53}},"3":{"start":{"line":11,"column":8},"end":{"line":11,"column":60}},"4":{"start":{"line":20,"column":8},"end":{"line":38,"column":9}},"5":{"start":{"line":21,"column":12},"end":{"line":29,"column":13}},"6":{"start":{"line":23,"column":20},"end":{"line":23,"column":60}},"7":{"start":{"line":25,"column":20},"end":{"line":25,"column":61}},"8":{"start":{"line":28,"column":20},"end":{"line":28,"column":58}},"9":{"start":{"line":31,"column":12},"end":{"line":31,"column":80}},"10":{"start":{"line":33,"column":12},"end":{"line":36,"column":13}},"11":{"start":{"line":34,"column":16},"end":{"line":34,"column":64}},"12":{"start":{"line":35,"column":16},"end":{"line":35,"column":54}},"13":{"start":{"line":37,"column":12},"end":{"line":37,"column":24}},"14":{"start":{"line":48,"column":8},"end":{"line":65,"column":9}},"15":{"start":{"line":49,"column":12},"end":{"line":57,"column":13}},"16":{"start":{"line":51,"column":20},"end":{"line":51,"column":68}},"17":{"start":{"line":53,"column":20},"end":{"line":53,"column":69}},"18":{"start":{"line":56,"column":20},"end":{"line":56,"column":66}},"19":{"start":{"line":59,"column":12},"end":{"line":59,"column":88}},"20":{"start":{"line":60,"column":12},"end":{"line":63,"column":13}},"21":{"start":{"line":61,"column":16},"end":{"line":61,"column":64}},"22":{"start":{"line":62,"column":16},"end":{"line":62,"column":62}},"23":{"start":{"line":64,"column":12},"end":{"line":64,"column":24}},"24":{"start":{"line":75,"column":8},"end":{"line":92,"column":9}},"25":{"start":{"line":76,"column":12},"end":{"line":84,"column":13}},"26":{"start":{"line":78,"column":20},"end":{"line":78,"column":73}},"27":{"start":{"line":80,"column":20},"end":{"line":80,"column":74}},"28":{"start":{"line":83,"column":20},"end":{"line":83,"column":71}},"29":{"start":{"line":86,"column":12},"end":{"line":86,"column":91}},"30":{"start":{"line":87,"column":12},"end":{"line":90,"column":13}},"31":{"start":{"line":88,"column":16},"end":{"line":88,"column":68}},"32":{"start":{"line":89,"column":16},"end":{"line":89,"column":67}},"33":{"start":{"line":91,"column":12},"end":{"line":91,"column":24}},"34":{"start":{"line":98,"column":8},"end":{"line":100,"column":9}},"35":{"start":{"line":99,"column":12},"end":{"line":99,"column":60}},"36":{"start":{"line":102,"column":25},"end":{"line":108,"column":10}},"37":{"start":{"line":110,"column":8},"end":{"line":118,"column":9}},"38":{"start":{"line":111,"column":29},"end":{"line":111,"column":71}},"39":{"start":{"line":112,"column":12},"end":{"line":117,"column":14}},"40":{"start":{"line":119,"column":8},"end":{"line":119,"column":50}},"41":{"start":{"line":123,"column":8},"end":{"line":125,"column":9}},"42":{"start":{"line":124,"column":12},"end":{"line":124,"column":60}},"43":{"start":{"line":127,"column":25},"end":{"line":133,"column":10}},"44":{"start":{"line":135,"column":8},"end":{"line":141,"column":9}},"45":{"start":{"line":136,"column":12},"end":{"line":140,"column":14}},"46":{"start":{"line":142,"column":8},"end":{"line":142,"column":50}},"47":{"start":{"line":146,"column":8},"end":{"line":148,"column":9}},"48":{"start":{"line":147,"column":12},"end":{"line":147,"column":60}},"49":{"start":{"line":150,"column":25},"end":{"line":158,"column":10}},"50":{"start":{"line":160,"column":24},"end":{"line":160,"column":57}},"51":{"start":{"line":162,"column":8},"end":{"line":169,"column":9}},"52":{"start":{"line":163,"column":12},"end":{"line":168,"column":14}},"53":{"start":{"line":170,"column":8},"end":{"line":170,"column":53}},"54":{"start":{"line":176,"column":8},"end":{"line":178,"column":9}},"55":{"start":{"line":177,"column":12},"end":{"line":177,"column":61}},"56":{"start":{"line":180,"column":25},"end":{"line":186,"column":10}},"57":{"start":{"line":188,"column":8},"end":{"line":196,"column":9}},"58":{"start":{"line":189,"column":29},"end":{"line":189,"column":71}},"59":{"start":{"line":190,"column":12},"end":{"line":195,"column":14}},"60":{"start":{"line":197,"column":8},"end":{"line":197,"column":45}},"61":{"start":{"line":201,"column":8},"end":{"line":203,"column":9}},"62":{"start":{"line":202,"column":12},"end":{"line":202,"column":61}},"63":{"start":{"line":205,"column":25},"end":{"line":211,"column":10}},"64":{"start":{"line":213,"column":8},"end":{"line":219,"column":9}},"65":{"start":{"line":214,"column":12},"end":{"line":218,"column":14}},"66":{"start":{"line":220,"column":8},"end":{"line":220,"column":45}},"67":{"start":{"line":224,"column":8},"end":{"line":226,"column":9}},"68":{"start":{"line":225,"column":12},"end":{"line":225,"column":61}},"69":{"start":{"line":228,"column":25},"end":{"line":235,"column":10}},"70":{"start":{"line":237,"column":24},"end":{"line":237,"column":57}},"71":{"start":{"line":239,"column":8},"end":{"line":246,"column":9}},"72":{"start":{"line":240,"column":12},"end":{"line":245,"column":14}},"73":{"start":{"line":247,"column":8},"end":{"line":247,"column":53}},"74":{"start":{"line":253,"column":25},"end":{"line":264,"column":10}},"75":{"start":{"line":266,"column":8},"end":{"line":273,"column":9}},"76":{"start":{"line":267,"column":12},"end":{"line":272,"column":14}},"77":{"start":{"line":274,"column":8},"end":{"line":274,"column":45}},"78":{"start":{"line":278,"column":25},"end":{"line":288,"column":10}},"79":{"start":{"line":290,"column":8},"end":{"line":296,"column":9}},"80":{"start":{"line":291,"column":12},"end":{"line":295,"column":14}},"81":{"start":{"line":297,"column":8},"end":{"line":297,"column":45}},"82":{"start":{"line":303,"column":18},"end":{"line":303,"column":24}},"83":{"start":{"line":304,"column":19},"end":{"line":304,"column":45}},"84":{"start":{"line":305,"column":19},"end":{"line":305,"column":50}},"85":{"start":{"line":306,"column":19},"end":{"line":306,"column":65}},"86":{"start":{"line":307,"column":19},"end":{"line":307,"column":65}},"87":{"start":{"line":309,"column":18},"end":{"line":311,"column":47}},"88":{"start":{"line":312,"column":18},"end":{"line":312,"column":64}},"89":{"start":{"line":314,"column":25},"end":{"line":314,"column":30}},"90":{"start":{"line":317,"column":25},"end":{"line":317,"column":54}},"91":{"start":{"line":319,"column":8},"end":{"line":324,"column":10}},"92":{"start":{"line":334,"column":8},"end":{"line":336,"column":9}},"93":{"start":{"line":335,"column":12},"end":{"line":335,"column":79}},"94":{"start":{"line":338,"column":23},"end":{"line":342,"column":9}},"95":{"start":{"line":344,"column":8},"end":{"line":347,"column":9}},"96":{"start":{"line":345,"column":12},"end":{"line":345,"column":64}},"97":{"start":{"line":346,"column":12},"end":{"line":346,"column":34}},"98":{"start":{"line":349,"column":25},"end":{"line":352,"column":10}},"99":{"start":{"line":354,"column":8},"end":{"line":360,"column":9}},"100":{"start":{"line":355,"column":12},"end":{"line":359,"column":16}},"101":{"start":{"line":355,"column":55},"end":{"line":359,"column":13}},"102":{"start":{"line":362,"column":8},"end":{"line":362,"column":18}},"103":{"start":{"line":371,"column":8},"end":{"line":373,"column":9}},"104":{"start":{"line":372,"column":12},"end":{"line":372,"column":80}},"105":{"start":{"line":375,"column":25},"end":{"line":381,"column":10}},"106":{"start":{"line":383,"column":8},"end":{"line":392,"column":9}},"107":{"start":{"line":384,"column":27},"end":{"line":384,"column":47}},"108":{"start":{"line":385,"column":12},"end":{"line":391,"column":14}},"109":{"start":{"line":394,"column":8},"end":{"line":394,"column":43}},"110":{"start":{"line":398,"column":0},"end":{"line":398,"column":34}}},"fnMap":{"0":{"name":"(anonymous_0)","decl":{"start":{"line":8,"column":4},"end":{"line":8,"column":5}},"loc":{"start":{"line":8,"column":18},"end":{"line":12,"column":5}},"line":8},"1":{"name":"(anonymous_1)","decl":{"start":{"line":19,"column":4},"end":{"line":19,"column":5}},"loc":{"start":{"line":19,"column":27},"end":{"line":39,"column":5}},"line":19},"2":{"name":"(anonymous_2)","decl":{"start":{"line":47,"column":4},"end":{"line":47,"column":5}},"loc":{"start":{"line":47,"column":35},"end":{"line":66,"column":5}},"line":47},"3":{"name":"(anonymous_3)","decl":{"start":{"line":74,"column":4},"end":{"line":74,"column":5}},"loc":{"start":{"line":74,"column":43},"end":{"line":93,"column":5}},"line":74},"4":{"name":"(anonymous_4)","decl":{"start":{"line":97,"column":4},"end":{"line":97,"column":5}},"loc":{"start":{"line":97,"column":32},"end":{"line":120,"column":5}},"line":97},"5":{"name":"(anonymous_5)","decl":{"start":{"line":122,"column":4},"end":{"line":122,"column":5}},"loc":{"start":{"line":122,"column":40},"end":{"line":143,"column":5}},"line":122},"6":{"name":"(anonymous_6)","decl":{"start":{"line":145,"column":4},"end":{"line":145,"column":5}},"loc":{"start":{"line":145,"column":45},"end":{"line":171,"column":5}},"line":145},"7":{"name":"(anonymous_7)","decl":{"start":{"line":175,"column":4},"end":{"line":175,"column":5}},"loc":{"start":{"line":175,"column":33},"end":{"line":198,"column":5}},"line":175},"8":{"name":"(anonymous_8)","decl":{"start":{"line":200,"column":4},"end":{"line":200,"column":5}},"loc":{"start":{"line":200,"column":41},"end":{"line":221,"column":5}},"line":200},"9":{"name":"(anonymous_9)","decl":{"start":{"line":223,"column":4},"end":{"line":223,"column":5}},"loc":{"start":{"line":223,"column":46},"end":{"line":248,"column":5}},"line":223},"10":{"name":"(anonymous_10)","decl":{"start":{"line":252,"column":4},"end":{"line":252,"column":5}},"loc":{"start":{"line":252,"column":30},"end":{"line":275,"column":5}},"line":252},"11":{"name":"(anonymous_11)","decl":{"start":{"line":277,"column":4},"end":{"line":277,"column":5}},"loc":{"start":{"line":277,"column":38},"end":{"line":298,"column":5}},"line":277},"12":{"name":"(anonymous_12)","decl":{"start":{"line":300,"column":4},"end":{"line":300,"column":5}},"loc":{"start":{"line":300,"column":43},"end":{"line":325,"column":5}},"line":300},"13":{"name":"(anonymous_13)","decl":{"start":{"line":333,"column":4},"end":{"line":333,"column":5}},"loc":{"start":{"line":333,"column":47},"end":{"line":363,"column":5}},"line":333},"14":{"name":"(anonymous_14)","decl":{"start":{"line":355,"column":49},"end":{"line":355,"column":50}},"loc":{"start":{"line":355,"column":55},"end":{"line":359,"column":13}},"line":355},"15":{"name":"(anonymous_15)","decl":{"start":{"line":370,"column":4},"end":{"line":370,"column":5}},"loc":{"start":{"line":370,"column":35},"end":{"line":395,"column":5}},"line":370}},"branchMap":{"0":{"loc":{"start":{"line":9,"column":24},"end":{"line":9,"column":57}},"type":"binary-expr","locations":[{"start":{"line":9,"column":24},"end":{"line":9,"column":48}},{"start":{"line":9,"column":52},"end":{"line":9,"column":57}}],"line":9},"1":{"loc":{"start":{"line":21,"column":12},"end":{"line":29,"column":13}},"type":"switch","locations":[{"start":{"line":22,"column":16},"end":{"line":23,"column":60}},{"start":{"line":24,"column":16},"end":{"line":25,"column":61}},{"start":{"line":26,"column":16},"end":{"line":26,"column":27}},{"start":{"line":27,"column":16},"end":{"line":28,"column":58}}],"line":21},"2":{"loc":{"start":{"line":33,"column":12},"end":{"line":36,"column":13}},"type":"if","locations":[{"start":{"line":33,"column":12},"end":{"line":36,"column":13}},{"start":{},"end":{}}],"line":33},"3":{"loc":{"start":{"line":49,"column":12},"end":{"line":57,"column":13}},"type":"switch","locations":[{"start":{"line":50,"column":16},"end":{"line":51,"column":68}},{"start":{"line":52,"column":16},"end":{"line":53,"column":69}},{"start":{"line":54,"column":16},"end":{"line":54,"column":27}},{"start":{"line":55,"column":16},"end":{"line":56,"column":66}}],"line":49},"4":{"loc":{"start":{"line":60,"column":12},"end":{"line":63,"column":13}},"type":"if","locations":[{"start":{"line":60,"column":12},"end":{"line":63,"column":13}},{"start":{},"end":{}}],"line":60},"5":{"loc":{"start":{"line":76,"column":12},"end":{"line":84,"column":13}},"type":"switch","locations":[{"start":{"line":77,"column":16},"end":{"line":78,"column":73}},{"start":{"line":79,"column":16},"end":{"line":80,"column":74}},{"start":{"line":81,"column":16},"end":{"line":81,"column":27}},{"start":{"line":82,"column":16},"end":{"line":83,"column":71}}],"line":76},"6":{"loc":{"start":{"line":87,"column":12},"end":{"line":90,"column":13}},"type":"if","locations":[{"start":{"line":87,"column":12},"end":{"line":90,"column":13}},{"start":{},"end":{}}],"line":87},"7":{"loc":{"start":{"line":98,"column":8},"end":{"line":100,"column":9}},"type":"if","locations":[{"start":{"line":98,"column":8},"end":{"line":100,"column":9}},{"start":{},"end":{}}],"line":98},"8":{"loc":{"start":{"line":110,"column":8},"end":{"line":118,"column":9}},"type":"if","locations":[{"start":{"line":110,"column":8},"end":{"line":118,"column":9}},{"start":{},"end":{}}],"line":110},"9":{"loc":{"start":{"line":110,"column":12},"end":{"line":110,"column":69}},"type":"binary-expr","locations":[{"start":{"line":110,"column":12},"end":{"line":110,"column":33}},{"start":{"line":110,"column":37},"end":{"line":110,"column":69}}],"line":110},"10":{"loc":{"start":{"line":123,"column":8},"end":{"line":125,"column":9}},"type":"if","locations":[{"start":{"line":123,"column":8},"end":{"line":125,"column":9}},{"start":{},"end":{}}],"line":123},"11":{"loc":{"start":{"line":135,"column":8},"end":{"line":141,"column":9}},"type":"if","locations":[{"start":{"line":135,"column":8},"end":{"line":141,"column":9}},{"start":{},"end":{}}],"line":135},"12":{"loc":{"start":{"line":135,"column":12},"end":{"line":135,"column":69}},"type":"binary-expr","locations":[{"start":{"line":135,"column":12},"end":{"line":135,"column":33}},{"start":{"line":135,"column":37},"end":{"line":135,"column":69}}],"line":135},"13":{"loc":{"start":{"line":146,"column":8},"end":{"line":148,"column":9}},"type":"if","locations":[{"start":{"line":146,"column":8},"end":{"line":148,"column":9}},{"start":{},"end":{}}],"line":146},"14":{"loc":{"start":{"line":162,"column":8},"end":{"line":169,"column":9}},"type":"if","locations":[{"start":{"line":162,"column":8},"end":{"line":169,"column":9}},{"start":{},"end":{}}],"line":162},"15":{"loc":{"start":{"line":176,"column":8},"end":{"line":178,"column":9}},"type":"if","locations":[{"start":{"line":176,"column":8},"end":{"line":178,"column":9}},{"start":{},"end":{}}],"line":176},"16":{"loc":{"start":{"line":188,"column":8},"end":{"line":196,"column":9}},"type":"if","locations":[{"start":{"line":188,"column":8},"end":{"line":196,"column":9}},{"start":{},"end":{}}],"line":188},"17":{"loc":{"start":{"line":188,"column":12},"end":{"line":188,"column":69}},"type":"binary-expr","locations":[{"start":{"line":188,"column":12},"end":{"line":188,"column":33}},{"start":{"line":188,"column":37},"end":{"line":188,"column":69}}],"line":188},"18":{"loc":{"start":{"line":201,"column":8},"end":{"line":203,"column":9}},"type":"if","locations":[{"start":{"line":201,"column":8},"end":{"line":203,"column":9}},{"start":{},"end":{}}],"line":201},"19":{"loc":{"start":{"line":213,"column":8},"end":{"line":219,"column":9}},"type":"if","locations":[{"start":{"line":213,"column":8},"end":{"line":219,"column":9}},{"start":{},"end":{}}],"line":213},"20":{"loc":{"start":{"line":213,"column":12},"end":{"line":213,"column":69}},"type":"binary-expr","locations":[{"start":{"line":213,"column":12},"end":{"line":213,"column":33}},{"start":{"line":213,"column":37},"end":{"line":213,"column":69}}],"line":213},"21":{"loc":{"start":{"line":224,"column":8},"end":{"line":226,"column":9}},"type":"if","locations":[{"start":{"line":224,"column":8},"end":{"line":226,"column":9}},{"start":{},"end":{}}],"line":224},"22":{"loc":{"start":{"line":239,"column":8},"end":{"line":246,"column":9}},"type":"if","locations":[{"start":{"line":239,"column":8},"end":{"line":246,"column":9}},{"start":{},"end":{}}],"line":239},"23":{"loc":{"start":{"line":266,"column":8},"end":{"line":273,"column":9}},"type":"if","locations":[{"start":{"line":266,"column":8},"end":{"line":273,"column":9}},{"start":{},"end":{}}],"line":266},"24":{"loc":{"start":{"line":266,"column":12},"end":{"line":266,"column":53}},"type":"binary-expr","locations":[{"start":{"line":266,"column":12},"end":{"line":266,"column":25}},{"start":{"line":266,"column":29},"end":{"line":266,"column":53}}],"line":266},"25":{"loc":{"start":{"line":290,"column":8},"end":{"line":296,"column":9}},"type":"if","locations":[{"start":{"line":290,"column":8},"end":{"line":296,"column":9}},{"start":{},"end":{}}],"line":290},"26":{"loc":{"start":{"line":333,"column":30},"end":{"line":333,"column":45}},"type":"default-arg","locations":[{"start":{"line":333,"column":41},"end":{"line":333,"column":45}}],"line":333},"27":{"loc":{"start":{"line":334,"column":8},"end":{"line":336,"column":9}},"type":"if","locations":[{"start":{"line":334,"column":8},"end":{"line":336,"column":9}},{"start":{},"end":{}}],"line":334},"28":{"loc":{"start":{"line":334,"column":12},"end":{"line":334,"column":58}},"type":"binary-expr","locations":[{"start":{"line":334,"column":12},"end":{"line":334,"column":37}},{"start":{"line":334,"column":41},"end":{"line":334,"column":58}}],"line":334},"29":{"loc":{"start":{"line":344,"column":8},"end":{"line":347,"column":9}},"type":"if","locations":[{"start":{"line":344,"column":8},"end":{"line":347,"column":9}},{"start":{},"end":{}}],"line":344},"30":{"loc":{"start":{"line":354,"column":8},"end":{"line":360,"column":9}},"type":"if","locations":[{"start":{"line":354,"column":8},"end":{"line":360,"column":9}},{"start":{},"end":{}}],"line":354},"31":{"loc":{"start":{"line":371,"column":8},"end":{"line":373,"column":9}},"type":"if","locations":[{"start":{"line":371,"column":8},"end":{"line":373,"column":9}},{"start":{},"end":{}}],"line":371},"32":{"loc":{"start":{"line":371,"column":12},"end":{"line":371,"column":58}},"type":"binary-expr","locations":[{"start":{"line":371,"column":12},"end":{"line":371,"column":37}},{"start":{"line":371,"column":41},"end":{"line":371,"column":58}}],"line":371},"33":{"loc":{"start":{"line":383,"column":8},"end":{"line":392,"column":9}},"type":"if","locations":[{"start":{"line":383,"column":8},"end":{"line":392,"column":9}},{"start":{},"end":{}}],"line":383}},"s":{"0":0,"1":0,"2":0,"3":0,"4":0,"5":0,"6":0,"7":0,"8":0,"9":0,"10":0,"11":0,"12":0,"13":0,"14":0,"15":0,"16":0,"17":0,"18":0,"19":0,"20":0,"21":0,"22":0,"23":0,"24":0,"25":0,"26":0,"27":0,"28":0,"29":0,"30":0,"31":0,"32":0,"33":0,"34":0,"35":0,"36":0,"37":0,"38":0,"39":0,"40":0,"41":0,"42":0,"43":0,"44":0,"45":0,"46":0,"47":0,"48":0,"49":0,"50":0,"51":0,"52":0,"53":0,"54":0,"55":0,"56":0,"57":0,"58":0,"59":0,"60":0,"61":0,"62":0,"63":0,"64":0,"65":0,"66":0,"67":0,"68":0,"69":0,"70":0,"71":0,"72":0,"73":0,"74":0,"75":0,"76":0,"77":0,"78":0,"79":0,"80":0,"81":0,"82":0,"83":0,"84":0,"85":0,"86":0,"87":0,"88":0,"89":0,"90":0,"91":0,"92":0,"93":0,"94":0,"95":0,"96":0,"97":0,"98":0,"99":0,"100":0,"101":0,"102":0,"103":0,"104":0,"105":0,"106":0,"107":0,"108":0,"109":0,"110":0},"f":{"0":0,"1":0,"2":0,"3":0,"4":0,"5":0,"6":0,"7":0,"8":0,"9":0,"10":0,"11":0,"12":0,"13":0,"14":0,"15":0},"b":{"0":[0,0],"1":[0,0,0,0],"2":[0,0],"3":[0,0,0,0],"4":[0,0],"5":[0,0,0,0],"6":[0,0],"7":[0,0],"8":[0,0],"9":[0,0],"10":[0,0],"11":[0,0],"12":[0,0],"13":[0,0],"14":[0,0],"15":[0,0],"16":[0,0],"17":[0,0],"18":[0,0],"19":[0,0],"20":[0,0],"21":[0,0],"22":[0,0],"23":[0,0],"24":[0,0],"25":[0,0],"26":[0],"27":[0,0],"28":[0,0],"29":[0,0],"30":[0,0],"31":[0,0],"32":[0,0],"33":[0,0]}}
}
