TN:
SF:API\Controllers\authController.js
FN:6,(anonymous_0)
FN:15,(anonymous_1)
FN:56,(anonymous_2)
FN:86,(anonymous_3)
FN:109,(anonymous_4)
FN:146,(anonymous_5)
FNF:6
FNH:3
FNDA:12,(anonymous_0)
FNDA:3,(anonymous_1)
FNDA:13,(anonymous_2)
FNDA:0,(anonymous_3)
FNDA:0,(anonymous_4)
FNDA:0,(anonymous_5)
DA:1,4
DA:2,4
DA:3,4
DA:6,4
DA:7,12
DA:15,4
DA:16,3
DA:19,3
DA:20,3
DA:21,1
DA:22,1
DA:26,2
DA:33,2
DA:34,1
DA:48,1
DA:49,1
DA:56,4
DA:57,13
DA:60,13
DA:62,13
DA:63,11
DA:78,2
DA:79,2
DA:86,4
DA:87,0
DA:90,0
DA:91,0
DA:92,0
DA:95,0
DA:97,0
DA:109,4
DA:110,0
DA:112,0
DA:113,0
DA:114,0
DA:115,0
DA:116,0
DA:117,0
DA:119,0
DA:120,0
DA:123,0
DA:125,0
DA:138,0
DA:139,0
DA:146,4
DA:147,0
DA:154,4
LF:47
LH:27
BRDA:8,0,0,12
BRDA:8,0,1,12
BRDA:20,1,0,1
BRDA:20,1,1,2
BRDA:33,2,0,1
BRDA:33,2,1,1
BRDA:62,3,0,11
BRDA:62,3,1,2
BRDA:62,4,0,13
BRDA:62,4,1,12
BRDA:90,5,0,0
BRDA:90,5,1,0
BRDA:101,6,0,0
BRDA:101,6,1,0
BRDA:112,7,0,0
BRDA:112,7,1,0
BRDA:113,8,0,0
BRDA:113,8,1,0
BRDA:114,9,0,0
BRDA:114,9,1,0
BRDA:115,10,0,0
BRDA:115,10,1,0
BRDA:116,11,0,0
BRDA:116,11,1,0
BRDA:117,12,0,0
BRDA:117,12,1,0
BRDA:119,13,0,0
BRDA:119,13,1,0
BRF:28
BRH:10
end_of_record
TN:
SF:API\Controllers\droneController.js
FN:7,(anonymous_0)
FN:34,(anonymous_1)
FN:51,(anonymous_2)
FN:80,(anonymous_3)
FN:111,(anonymous_4)
FN:149,(anonymous_5)
FN:183,(anonymous_6)
FN:205,(anonymous_7)
FN:233,(anonymous_8)
FN:320,(anonymous_9)
FN:352,(anonymous_10)
FNF:11
FNH:0
FNDA:0,(anonymous_0)
FNDA:0,(anonymous_1)
FNDA:0,(anonymous_2)
FNDA:0,(anonymous_3)
FNDA:0,(anonymous_4)
FNDA:0,(anonymous_5)
FNDA:0,(anonymous_6)
FNDA:0,(anonymous_7)
FNDA:0,(anonymous_8)
FNDA:0,(anonymous_9)
FNDA:0,(anonymous_10)
DA:1,3
DA:2,3
DA:7,3
DA:8,0
DA:10,0
DA:13,0
DA:14,0
DA:18,0
DA:19,0
DA:22,0
DA:24,0
DA:34,3
DA:35,0
DA:37,0
DA:38,0
DA:39,0
DA:42,0
DA:51,3
DA:53,0
DA:54,0
DA:60,0
DA:63,0
DA:64,0
DA:65,0
DA:71,0
DA:80,3
DA:81,0
DA:83,0
DA:84,0
DA:85,0
DA:88,0
DA:94,0
DA:95,0
DA:96,0
DA:102,0
DA:111,3
DA:112,0
DA:114,0
DA:115,0
DA:116,0
DA:120,0
DA:121,0
DA:122,0
DA:125,0
DA:127,0
DA:130,0
DA:131,0
DA:132,0
DA:139,0
DA:149,3
DA:150,0
DA:152,0
DA:154,0
DA:155,0
DA:156,0
DA:159,0
DA:164,0
DA:167,0
DA:168,0
DA:174,0
DA:183,3
DA:184,0
DA:186,0
DA:188,0
DA:189,0
DA:190,0
DA:193,0
DA:194,0
DA:196,0
DA:205,3
DA:206,0
DA:208,0
DA:210,0
DA:211,0
DA:212,0
DA:215,0
DA:218,0
DA:219,0
DA:222,0
DA:224,0
DA:233,3
DA:234,0
DA:235,0
DA:237,0
DA:239,0
DA:240,0
DA:241,0
DA:244,0
DA:245,0
DA:246,0
DA:249,0
DA:250,0
DA:251,0
DA:254,0
DA:256,0
DA:257,0
DA:258,0
DA:264,0
DA:267,0
DA:270,0
DA:271,0
DA:272,0
DA:275,0
DA:276,0
DA:278,0
DA:283,0
DA:296,0
DA:304,0
DA:305,0
DA:308,0
DA:320,3
DA:321,0
DA:323,0
DA:324,0
DA:325,0
DA:328,0
DA:342,0
DA:352,3
DA:353,0
DA:355,0
DA:357,0
DA:358,0
DA:359,0
DA:363,0
DA:369,0
DA:375,0
DA:377,0
DA:390,3
LF:128
LH:14
BRDA:13,0,0,0
BRDA:13,0,1,0
BRDA:18,1,0,0
BRDA:18,1,1,0
BRDA:37,2,0,0
BRDA:37,2,1,0
BRDA:53,3,0,0
BRDA:53,3,1,0
BRDA:53,4,0,0
BRDA:53,4,1,0
BRDA:64,5,0,0
BRDA:64,5,1,0
BRDA:83,6,0,0
BRDA:83,6,1,0
BRDA:95,7,0,0
BRDA:95,7,1,0
BRDA:114,8,0,0
BRDA:114,8,1,0
BRDA:120,9,0,0
BRDA:120,9,1,0
BRDA:131,10,0,0
BRDA:131,10,1,0
BRDA:154,11,0,0
BRDA:154,11,1,0
BRDA:188,12,0,0
BRDA:188,12,1,0
BRDA:210,13,0,0
BRDA:210,13,1,0
BRDA:218,14,0,0
BRDA:218,14,1,0
BRDA:239,15,0,0
BRDA:239,15,1,0
BRDA:244,16,0,0
BRDA:244,16,1,0
BRDA:249,17,0,0
BRDA:249,17,1,0
BRDA:256,18,0,0
BRDA:256,18,1,0
BRDA:276,19,0,0
BRDA:276,19,1,0
BRDA:321,20,0,0
BRDA:323,21,0,0
BRDA:323,21,1,0
BRDA:323,22,0,0
BRDA:323,22,1,0
BRDA:357,23,0,0
BRDA:357,23,1,0
BRDA:375,24,0,0
BRDA:375,24,1,0
BRF:49
BRH:0
end_of_record
TN:
SF:API\Controllers\orderController.js
FN:18,(anonymous_0)
FN:76,(anonymous_1)
FN:338,(anonymous_2)
FN:388,(anonymous_3)
FN:459,(anonymous_4)
FN:460,(anonymous_5)
FN:462,(anonymous_6)
FN:496,(anonymous_7)
FN:535,(anonymous_8)
FN:562,(anonymous_9)
FN:705,(anonymous_10)
FN:725,(anonymous_11)
FN:835,(anonymous_12)
FN:853,(anonymous_13)
FN:936,(anonymous_14)
FN:1055,(anonymous_15)
FNF:16
FNH:2
FNDA:0,(anonymous_0)
FNDA:6,(anonymous_1)
FNDA:0,(anonymous_2)
FNDA:5,(anonymous_3)
FNDA:0,(anonymous_4)
FNDA:0,(anonymous_5)
FNDA:0,(anonymous_6)
FNDA:0,(anonymous_7)
FNDA:0,(anonymous_8)
FNDA:0,(anonymous_9)
FNDA:0,(anonymous_10)
FNDA:0,(anonymous_11)
FNDA:0,(anonymous_12)
FNDA:0,(anonymous_13)
FNDA:0,(anonymous_14)
FNDA:0,(anonymous_15)
DA:1,3
DA:2,3
DA:3,3
DA:4,3
DA:5,3
DA:6,3
DA:7,3
DA:8,3
DA:9,3
DA:10,3
DA:11,3
DA:12,3
DA:13,3
DA:18,3
DA:19,0
DA:20,0
DA:22,0
DA:23,0
DA:25,0
DA:27,0
DA:41,0
DA:42,0
DA:49,0
DA:51,0
DA:52,0
DA:53,0
DA:60,0
DA:62,0
DA:63,0
DA:67,0
DA:70,0
DA:76,3
DA:85,6
DA:87,6
DA:89,6
DA:90,1
DA:91,1
DA:95,5
DA:96,0
DA:97,0
DA:102,5
DA:103,5
DA:106,5
DA:108,5
DA:110,5
DA:111,5
DA:112,5
DA:113,0
DA:114,0
DA:117,5
DA:118,5
DA:119,0
DA:120,0
DA:124,5
DA:125,5
DA:129,5
DA:130,0
DA:131,0
DA:135,5
DA:136,5
DA:137,5
DA:138,5
DA:143,5
DA:145,5
DA:146,5
DA:147,5
DA:155,5
DA:156,0
DA:157,0
DA:160,0
DA:167,0
DA:176,5
DA:177,5
DA:178,5
DA:179,0
DA:180,0
DA:182,0
DA:191,5
DA:193,5
DA:194,5
DA:196,5
DA:197,5
DA:199,5
DA:200,5
DA:206,5
DA:209,5
DA:219,5
DA:220,0
DA:221,0
DA:225,5
DA:226,5
DA:227,0
DA:228,0
DA:230,5
DA:232,5
DA:233,5
DA:234,0
DA:235,0
DA:237,5
DA:240,5
DA:241,5
DA:242,5
DA:243,5
DA:245,5
DA:246,5
DA:249,5
DA:250,5
DA:251,5
DA:252,0
DA:253,0
DA:255,0
DA:260,5
DA:261,5
DA:262,5
DA:264,5
DA:265,0
DA:267,0
DA:272,0
DA:273,0
DA:274,0
DA:277,0
DA:278,0
DA:279,0
DA:283,0
DA:288,0
DA:289,0
DA:290,0
DA:294,0
DA:295,0
DA:296,0
DA:300,0
DA:302,0
DA:312,0
DA:314,0
DA:318,5
DA:321,5
DA:322,0
DA:334,5
DA:335,5
DA:336,5
DA:338,0
DA:339,0
DA:350,5
DA:358,5
DA:381,5
DA:382,5
DA:388,5
DA:397,0
DA:401,5
DA:402,0
DA:403,0
DA:411,0
DA:415,0
DA:417,0
DA:418,0
DA:419,0
DA:424,5
DA:425,5
DA:426,5
DA:430,0
DA:434,5
DA:437,5
DA:438,5
DA:440,5
DA:443,5
DA:444,5
DA:445,5
DA:447,5
DA:448,0
DA:450,0
DA:452,0
DA:453,0
DA:460,0
DA:461,0
DA:462,0
DA:477,0
DA:480,5
DA:484,0
DA:487,5
DA:496,3
DA:497,0
DA:500,0
DA:501,0
DA:502,0
DA:503,0
DA:505,0
DA:506,0
DA:508,0
DA:509,0
DA:513,0
DA:516,0
DA:526,0
DA:535,3
DA:536,0
DA:542,0
DA:543,0
DA:544,0
DA:548,0
DA:549,0
DA:550,0
DA:553,0
DA:562,3
DA:563,0
DA:565,0
DA:567,0
DA:568,0
DA:569,0
DA:573,0
DA:574,0
DA:575,0
DA:576,0
DA:581,0
DA:582,0
DA:583,0
DA:587,0
DA:588,0
DA:589,0
DA:592,0
DA:595,0
DA:596,0
DA:598,0
DA:599,0
DA:600,0
DA:601,0
DA:602,0
DA:603,0
DA:604,0
DA:605,0
DA:609,0
DA:610,0
DA:611,0
DA:614,0
DA:616,0
DA:617,0
DA:618,0
DA:619,0
DA:621,0
DA:622,0
DA:624,0
DA:626,0
DA:629,0
DA:634,0
DA:635,0
DA:636,0
DA:637,0
DA:639,0
DA:644,0
DA:648,0
DA:649,0
DA:657,0
DA:662,0
DA:663,0
DA:666,0
DA:669,0
DA:672,0
DA:674,0
DA:683,0
DA:684,0
DA:687,0
DA:688,0
DA:689,0
DA:693,0
DA:694,0
DA:696,0
DA:705,3
DA:706,0
DA:711,0
DA:712,0
DA:713,0
DA:716,0
DA:725,3
DA:726,0
DA:730,0
DA:731,0
DA:732,0
DA:735,0
DA:736,0
DA:737,0
DA:740,0
DA:741,0
DA:742,0
DA:746,0
DA:747,0
DA:748,0
DA:751,0
DA:752,0
DA:753,0
DA:754,0
DA:757,0
DA:759,0
DA:760,0
DA:761,0
DA:762,0
DA:763,0
DA:768,0
DA:769,0
DA:770,0
DA:776,0
DA:780,0
DA:781,0
DA:789,0
DA:793,0
DA:795,0
DA:798,0
DA:799,0
DA:800,0
DA:809,0
DA:810,0
DA:812,0
DA:813,0
DA:821,0
DA:824,0
DA:835,3
DA:836,0
DA:844,0
DA:853,3
DA:854,0
DA:857,0
DA:858,0
DA:859,0
DA:863,0
DA:864,0
DA:865,0
DA:869,0
DA:870,0
DA:871,0
DA:875,0
DA:876,0
DA:877,0
DA:880,0
DA:881,0
DA:882,0
DA:884,0
DA:885,0
DA:886,0
DA:887,0
DA:888,0
DA:891,0
DA:892,0
DA:893,0
DA:899,0
DA:908,0
DA:909,0
DA:923,0
DA:924,0
DA:926,0
DA:936,3
DA:937,0
DA:940,0
DA:941,0
DA:942,0
DA:945,0
DA:950,0
DA:951,0
DA:952,0
DA:956,0
DA:957,0
DA:958,0
DA:962,0
DA:963,0
DA:964,0
DA:968,0
DA:969,0
DA:970,0
DA:974,0
DA:975,0
DA:976,0
DA:980,0
DA:981,0
DA:989,0
DA:990,0
DA:991,0
DA:993,0
DA:996,0
DA:997,0
DA:999,0
DA:1011,0
DA:1012,0
DA:1015,0
DA:1018,0
DA:1028,0
DA:1041,0
DA:1043,0
DA:1050,3
DA:1055,3
DA:1056,0
DA:1058,0
DA:1059,0
DA:1060,0
DA:1064,0
DA:1065,0
DA:1066,0
DA:1067,0
DA:1069,0
DA:1072,0
DA:1073,0
DA:1074,0
DA:1075,0
DA:1077,0
DA:1080,0
DA:1081,0
DA:1082,0
DA:1085,0
DA:1087,0
DA:1099,3
LF:405
LH:109
BRDA:22,0,0,0
BRDA:22,0,1,0
BRDA:31,1,0,0
BRDA:31,1,1,0
BRDA:31,2,0,0
BRDA:31,2,1,0
BRDA:34,3,0,0
BRDA:34,3,1,0
BRDA:41,4,0,0
BRDA:41,4,1,0
BRDA:44,5,0,0
BRDA:44,5,1,0
BRDA:62,6,0,0
BRDA:62,6,1,0
BRDA:89,7,0,1
BRDA:89,7,1,5
BRDA:89,8,0,6
BRDA:89,8,1,5
BRDA:95,9,0,0
BRDA:95,9,1,5
BRDA:95,10,0,5
BRDA:95,10,1,5
BRDA:95,10,2,5
BRDA:95,10,3,5
BRDA:112,11,0,0
BRDA:112,11,1,5
BRDA:117,12,0,5
BRDA:117,12,1,0
BRDA:117,13,0,5
BRDA:117,13,1,5
BRDA:118,14,0,0
BRDA:118,14,1,5
BRDA:124,15,0,5
BRDA:124,15,1,0
BRDA:129,16,0,0
BRDA:129,16,1,5
BRDA:129,17,0,5
BRDA:129,17,1,5
BRDA:145,18,0,5
BRDA:145,18,1,0
BRDA:155,19,0,0
BRDA:155,19,1,5
BRDA:164,20,0,0
BRDA:164,20,1,0
BRDA:176,21,0,5
BRDA:176,21,1,0
BRDA:177,22,0,5
BRDA:177,22,1,5
BRDA:178,23,0,0
BRDA:178,23,1,5
BRDA:196,24,0,5
BRDA:196,24,1,0
BRDA:219,25,0,0
BRDA:219,25,1,5
BRDA:226,26,0,0
BRDA:226,26,1,5
BRDA:226,27,0,5
BRDA:226,27,1,5
BRDA:226,27,2,5
BRDA:233,28,0,0
BRDA:233,28,1,5
BRDA:250,29,0,5
BRDA:250,29,1,0
BRDA:252,30,0,0
BRDA:252,30,1,0
BRDA:264,31,0,0
BRDA:264,31,1,5
BRDA:272,32,0,0
BRDA:272,32,1,0
BRDA:277,33,0,0
BRDA:277,33,1,0
BRDA:288,34,0,0
BRDA:288,34,1,0
BRDA:294,35,0,0
BRDA:294,35,1,0
BRDA:321,36,0,0
BRDA:321,36,1,5
BRDA:321,37,0,5
BRDA:321,37,1,0
BRDA:336,38,0,0
BRDA:336,38,1,5
BRDA:336,39,0,5
BRDA:336,39,1,0
BRDA:338,40,0,0
BRDA:338,40,1,0
BRDA:363,41,0,5
BRDA:363,41,1,4
BRDA:372,42,0,0
BRDA:372,42,1,5
BRDA:376,43,0,5
BRDA:376,43,1,0
BRDA:377,44,0,5
BRDA:377,44,1,0
BRDA:383,45,0,5
BRDA:383,45,1,5
BRDA:401,46,0,0
BRDA:401,46,1,5
BRDA:401,47,0,5
BRDA:401,47,1,0
BRDA:448,48,0,0
BRDA:448,48,1,0
BRDA:452,49,0,0
BRDA:452,49,1,0
BRDA:500,50,0,0
BRDA:500,50,1,0
BRDA:501,51,0,0
BRDA:501,51,1,0
BRDA:506,52,0,0
BRDA:506,52,1,0
BRDA:508,53,0,0
BRDA:508,53,1,0
BRDA:542,54,0,0
BRDA:542,54,1,0
BRDA:548,55,0,0
BRDA:548,55,1,0
BRDA:548,56,0,0
BRDA:548,56,1,0
BRDA:567,57,0,0
BRDA:567,57,1,0
BRDA:573,58,0,0
BRDA:573,58,1,0
BRDA:574,59,0,0
BRDA:574,59,1,0
BRDA:574,60,0,0
BRDA:574,60,1,0
BRDA:581,61,0,0
BRDA:581,61,1,0
BRDA:581,62,0,0
BRDA:581,62,1,0
BRDA:587,63,0,0
BRDA:587,63,1,0
BRDA:587,64,0,0
BRDA:587,64,1,0
BRDA:587,64,2,0
BRDA:587,64,3,0
BRDA:598,65,0,0
BRDA:598,65,1,0
BRDA:599,66,0,0
BRDA:599,66,1,0
BRDA:600,67,0,0
BRDA:600,67,1,0
BRDA:601,68,0,0
BRDA:601,68,1,0
BRDA:602,69,0,0
BRDA:602,69,1,0
BRDA:603,70,0,0
BRDA:603,70,1,0
BRDA:609,71,0,0
BRDA:609,71,1,0
BRDA:611,72,0,0
BRDA:611,72,1,0
BRDA:611,72,2,0
BRDA:611,72,3,0
BRDA:616,73,0,0
BRDA:616,73,1,0
BRDA:616,74,0,0
BRDA:616,74,1,0
BRDA:619,75,0,0
BRDA:619,75,1,0
BRDA:634,76,0,0
BRDA:634,76,1,0
BRDA:634,77,0,0
BRDA:634,77,1,0
BRDA:662,78,0,0
BRDA:662,78,1,0
BRDA:662,79,0,0
BRDA:662,79,1,0
BRDA:679,80,0,0
BRDA:679,80,1,0
BRDA:687,81,0,0
BRDA:687,81,1,0
BRDA:711,82,0,0
BRDA:711,82,1,0
BRDA:730,83,0,0
BRDA:730,83,1,0
BRDA:735,84,0,0
BRDA:735,84,1,0
BRDA:740,85,0,0
BRDA:740,85,1,0
BRDA:746,86,0,0
BRDA:746,86,1,0
BRDA:754,87,0,0
BRDA:754,87,1,0
BRDA:759,88,0,0
BRDA:759,88,1,0
BRDA:759,89,0,0
BRDA:759,89,1,0
BRDA:761,90,0,0
BRDA:761,90,1,0
BRDA:768,91,0,0
BRDA:768,91,1,0
BRDA:768,92,0,0
BRDA:768,92,1,0
BRDA:812,93,0,0
BRDA:812,93,1,0
BRDA:812,94,0,0
BRDA:812,94,1,0
BRDA:828,95,0,0
BRDA:828,95,1,0
BRDA:828,96,0,0
BRDA:828,96,1,0
BRDA:857,97,0,0
BRDA:857,97,1,0
BRDA:863,98,0,0
BRDA:863,98,1,0
BRDA:869,99,0,0
BRDA:869,99,1,0
BRDA:880,100,0,0
BRDA:880,100,1,0
BRDA:884,101,0,0
BRDA:884,101,1,0
BRDA:887,102,0,0
BRDA:887,102,1,0
BRDA:892,103,0,0
BRDA:892,103,1,0
BRDA:908,104,0,0
BRDA:908,104,1,0
BRDA:940,105,0,0
BRDA:940,105,1,0
BRDA:950,106,0,0
BRDA:950,106,1,0
BRDA:956,107,0,0
BRDA:956,107,1,0
BRDA:962,108,0,0
BRDA:962,108,1,0
BRDA:968,109,0,0
BRDA:968,109,1,0
BRDA:968,110,0,0
BRDA:968,110,1,0
BRDA:974,111,0,0
BRDA:974,111,1,0
BRDA:974,112,0,0
BRDA:974,112,1,0
BRDA:980,113,0,0
BRDA:980,113,1,0
BRDA:980,114,0,0
BRDA:980,114,1,0
BRDA:997,115,0,0
BRDA:997,115,1,0
BRDA:1058,116,0,0
BRDA:1058,116,1,0
BRDA:1058,117,0,0
BRDA:1058,117,1,0
BRDA:1065,118,0,0
BRDA:1065,118,1,0
BRDA:1065,119,0,0
BRDA:1065,119,1,0
BRDA:1065,119,2,0
BRDA:1073,120,0,0
BRDA:1073,120,1,0
BRF:250
BRH:46
end_of_record
TN:
SF:API\Controllers\paymentController.js
FN:7,(anonymous_0)
FN:35,(anonymous_1)
FN:109,(anonymous_2)
FN:134,(anonymous_3)
FN:168,(anonymous_4)
FN:303,(anonymous_5)
FN:376,(anonymous_6)
FN:410,(anonymous_7)
FN:495,(anonymous_8)
FN:562,(anonymous_9)
FN:646,(anonymous_10)
FN:659,(anonymous_11)
FN:669,(anonymous_12)
FN:700,sortObject
FNF:14
FNH:10
FNDA:4,(anonymous_0)
FNDA:4,(anonymous_1)
FNDA:3,(anonymous_2)
FNDA:0,(anonymous_3)
FNDA:0,(anonymous_4)
FNDA:4,(anonymous_5)
FNDA:0,(anonymous_6)
FNDA:0,(anonymous_7)
FNDA:1,(anonymous_8)
FNDA:1,(anonymous_9)
FNDA:1,(anonymous_10)
FNDA:1,(anonymous_11)
FNDA:4,(anonymous_12)
FNDA:9,sortObject
DA:1,4
DA:2,4
DA:3,4
DA:4,4
DA:7,4
DA:8,4
DA:9,0
DA:12,4
DA:13,0
DA:16,4
DA:17,0
DA:20,4
DA:24,4
DA:35,4
DA:36,4
DA:38,4
DA:39,4
DA:41,4
DA:43,4
DA:44,1
DA:45,1
DA:48,3
DA:49,1
DA:50,1
DA:53,2
DA:54,2
DA:55,2
DA:60,2
DA:61,2
DA:62,2
DA:64,2
DA:65,2
DA:66,2
DA:67,2
DA:68,2
DA:69,2
DA:70,2
DA:71,2
DA:72,2
DA:73,2
DA:74,2
DA:75,2
DA:76,2
DA:77,2
DA:78,0
DA:81,2
DA:83,2
DA:84,2
DA:85,2
DA:86,2
DA:88,2
DA:91,2
DA:95,2
DA:97,2
DA:109,4
DA:110,3
DA:112,3
DA:114,3
DA:115,3
DA:117,3
DA:119,3
DA:120,3
DA:121,3
DA:123,3
DA:125,2
DA:128,2
DA:132,2
DA:134,1
DA:135,0
DA:165,0
DA:168,1
DA:169,0
DA:179,0
DA:183,1
DA:184,1
DA:187,1
DA:188,1
DA:191,1
DA:192,1
DA:193,1
DA:194,1
DA:197,1
DA:200,1
DA:201,1
DA:202,1
DA:203,1
DA:210,1
DA:211,0
DA:212,0
DA:213,0
DA:214,0
DA:217,0
DA:221,0
DA:222,0
DA:223,0
DA:226,0
DA:227,0
DA:228,0
DA:231,0
DA:232,0
DA:233,0
DA:236,0
DA:237,0
DA:239,0
DA:240,0
DA:241,0
DA:242,0
DA:244,0
DA:247,0
DA:248,0
DA:249,0
DA:250,0
DA:258,0
DA:259,0
DA:260,0
DA:261,0
DA:262,0
DA:265,0
DA:269,0
DA:272,1
DA:285,1
DA:292,1
DA:303,4
DA:304,4
DA:305,4
DA:307,4
DA:308,4
DA:310,4
DA:311,4
DA:313,4
DA:315,4
DA:316,4
DA:317,4
DA:319,4
DA:321,4
DA:322,4
DA:323,4
DA:325,4
DA:327,3
DA:331,3
DA:332,2
DA:334,2
DA:335,2
DA:336,1
DA:337,1
DA:339,1
DA:341,1
DA:342,1
DA:345,1
DA:346,1
DA:347,1
DA:350,1
DA:353,1
DA:354,1
DA:355,1
DA:356,1
DA:363,1
DA:364,0
DA:365,0
DA:366,0
DA:367,0
DA:370,0
DA:373,1
DA:376,0
DA:377,0
DA:407,0
DA:410,0
DA:411,0
DA:421,0
DA:424,0
DA:425,0
DA:426,0
DA:429,0
DA:430,0
DA:431,0
DA:434,0
DA:435,0
DA:436,0
DA:439,0
DA:440,0
DA:442,0
DA:443,0
DA:444,0
DA:445,0
DA:447,0
DA:450,0
DA:451,0
DA:452,0
DA:453,0
DA:461,0
DA:462,0
DA:463,0
DA:464,0
DA:465,0
DA:468,0
DA:471,0
DA:474,0
DA:480,1
DA:481,1
DA:484,1
DA:485,1
DA:488,1
DA:495,4
DA:496,1
DA:497,1
DA:499,1
DA:501,1
DA:502,1
DA:503,1
DA:504,1
DA:505,1
DA:506,1
DA:507,1
DA:510,1
DA:515,1
DA:518,1
DA:536,1
DA:537,1
DA:539,1
DA:552,1
DA:562,4
DA:563,1
DA:564,1
DA:566,1
DA:568,1
DA:569,1
DA:570,1
DA:571,1
DA:572,1
DA:573,1
DA:574,1
DA:575,1
DA:576,1
DA:578,1
DA:581,1
DA:586,1
DA:587,1
DA:590,1
DA:616,1
DA:617,1
DA:619,1
DA:636,1
DA:646,4
DA:650,1
DA:659,4
DA:660,1
DA:669,4
DA:670,4
DA:672,4
DA:674,4
DA:675,1
DA:676,1
DA:679,3
DA:683,1
DA:684,1
DA:687,2
DA:701,9
DA:702,9
DA:704,9
DA:705,43
DA:706,43
DA:709,9
DA:710,9
DA:711,43
DA:713,9
DA:716,4
LF:266
LH:187
BRDA:8,0,0,0
BRDA:8,0,1,4
BRDA:12,1,0,0
BRDA:12,1,1,4
BRDA:16,2,0,0
BRDA:16,2,1,4
BRDA:25,3,0,4
BRDA:25,3,1,4
BRDA:26,4,0,4
BRDA:26,4,1,4
BRDA:27,5,0,4
BRDA:27,5,1,4
BRDA:29,6,0,4
BRDA:29,6,1,4
BRDA:43,7,0,1
BRDA:43,7,1,3
BRDA:48,8,0,1
BRDA:48,8,1,2
BRDA:55,9,0,2
BRDA:55,9,1,1
BRDA:55,9,2,0
BRDA:55,9,3,0
BRDA:71,10,0,2
BRDA:71,10,1,0
BRDA:77,11,0,0
BRDA:77,11,1,2
BRDA:77,12,0,2
BRDA:77,12,1,2
BRDA:77,12,2,2
BRDA:123,13,0,2
BRDA:123,13,1,1
BRDA:132,14,0,1
BRDA:132,14,1,1
BRDA:165,15,0,0
BRDA:165,15,1,0
BRDA:179,16,0,0
BRDA:179,16,1,0
BRDA:184,17,0,1
BRDA:184,17,1,0
BRDA:191,18,0,1
BRDA:191,18,1,0
BRDA:210,19,0,0
BRDA:210,19,1,1
BRDA:227,20,0,0
BRDA:227,20,1,0
BRDA:236,21,0,0
BRDA:236,21,1,0
BRDA:258,22,0,0
BRDA:258,22,1,0
BRDA:275,23,0,1
BRDA:275,23,1,0
BRDA:281,24,0,0
BRDA:281,24,1,1
BRDA:325,25,0,3
BRDA:325,25,1,1
BRDA:331,26,0,2
BRDA:331,26,1,1
BRDA:335,27,0,1
BRDA:335,27,1,1
BRDA:337,28,0,1
BRDA:337,28,1,0
BRDA:339,29,0,1
BRDA:339,29,1,0
BRDA:345,30,0,1
BRDA:345,30,1,0
BRDA:363,31,0,0
BRDA:363,31,1,1
BRDA:407,32,0,0
BRDA:407,32,1,0
BRDA:421,33,0,0
BRDA:421,33,1,0
BRDA:430,34,0,0
BRDA:430,34,1,0
BRDA:439,35,0,0
BRDA:439,35,1,0
BRDA:461,36,0,0
BRDA:461,36,1,0
BRDA:510,37,0,1
BRDA:510,37,1,1
BRDA:510,37,2,0
BRDA:510,37,3,0
BRDA:581,38,0,1
BRDA:581,38,1,1
BRDA:581,38,2,0
BRDA:581,38,3,0
BRDA:674,39,0,1
BRDA:674,39,1,3
BRDA:679,40,0,1
BRDA:679,40,1,2
BRDA:680,41,0,3
BRDA:680,41,1,2
BRDA:705,42,0,43
BRDA:705,42,1,0
BRF:93
BRH:52
end_of_record
TN:
SF:API\Controllers\productController.js
FN:8,(anonymous_0)
FN:61,(anonymous_1)
FN:101,(anonymous_2)
FN:147,(anonymous_3)
FN:179,(anonymous_4)
FN:220,(anonymous_5)
FN:239,(anonymous_6)
FN:248,(anonymous_7)
FNF:8
FNH:6
FNDA:4,(anonymous_0)
FNDA:3,(anonymous_1)
FNDA:2,(anonymous_2)
FNDA:3,(anonymous_3)
FNDA:2,(anonymous_4)
FNDA:2,(anonymous_5)
FNDA:0,(anonymous_6)
FNDA:0,(anonymous_7)
DA:1,4
DA:2,4
DA:3,4
DA:8,4
DA:9,4
DA:11,4
DA:14,4
DA:15,0
DA:16,0
DA:17,0
DA:19,0
DA:22,4
DA:26,4
DA:27,0
DA:31,4
DA:32,1
DA:36,4
DA:37,1
DA:41,4
DA:42,1
DA:43,1
DA:44,1
DA:48,4
DA:49,4
DA:50,4
DA:51,4
DA:52,4
DA:54,4
DA:60,4
DA:61,4
DA:62,3
DA:65,3
DA:73,3
DA:74,0
DA:75,0
DA:76,0
DA:78,0
DA:85,0
DA:88,3
DA:91,4
DA:101,4
DA:102,2
DA:106,2
DA:107,1
DA:108,1
DA:111,1
DA:114,1
DA:115,1
DA:123,1
DA:124,0
DA:125,0
DA:126,0
DA:128,0
DA:135,0
DA:138,1
DA:147,4
DA:149,3
DA:150,0
DA:151,0
DA:154,3
DA:160,3
DA:161,0
DA:164,3
DA:167,1
DA:168,1
DA:170,1
DA:179,4
DA:180,2
DA:182,2
DA:183,1
DA:184,1
DA:188,1
DA:190,0
DA:191,0
DA:194,1
DA:197,1
DA:198,0
DA:201,1
DA:204,1
DA:211,1
DA:220,4
DA:221,2
DA:223,2
DA:224,1
DA:225,1
DA:228,1
DA:230,1
DA:239,4
DA:240,0
DA:247,0
DA:248,0
DA:249,0
DA:252,0
DA:260,0
DA:261,0
DA:262,0
DA:263,0
DA:265,0
DA:272,0
DA:275,0
DA:278,0
DA:284,4
LF:102
LH:68
BRDA:14,0,0,0
BRDA:14,0,1,4
BRDA:14,1,0,4
BRDA:14,1,1,0
BRDA:15,2,0,0
BRDA:15,2,1,0
BRDA:26,3,0,0
BRDA:26,3,1,4
BRDA:31,4,0,1
BRDA:31,4,1,3
BRDA:36,5,0,1
BRDA:36,5,1,3
BRDA:36,6,0,4
BRDA:36,6,1,1
BRDA:41,7,0,1
BRDA:41,7,1,3
BRDA:41,8,0,4
BRDA:41,8,1,3
BRDA:43,9,0,1
BRDA:43,9,1,0
BRDA:44,10,0,1
BRDA:44,10,1,0
BRDA:49,11,0,0
BRDA:49,11,1,4
BRDA:50,12,0,0
BRDA:50,12,1,4
BRDA:51,13,0,0
BRDA:51,13,1,4
BRDA:52,14,0,0
BRDA:52,14,1,4
BRDA:73,15,0,0
BRDA:73,15,1,3
BRDA:106,16,0,1
BRDA:106,16,1,1
BRDA:123,17,0,0
BRDA:123,17,1,1
BRDA:149,18,0,0
BRDA:149,18,1,3
BRDA:160,19,0,0
BRDA:160,19,1,3
BRDA:182,20,0,1
BRDA:182,20,1,1
BRDA:188,21,0,0
BRDA:188,21,1,1
BRDA:188,22,0,1
BRDA:188,22,1,1
BRDA:197,23,0,0
BRDA:197,23,1,1
BRDA:223,24,0,1
BRDA:223,24,1,1
BRDA:260,25,0,0
BRDA:260,25,1,0
BRF:52
BRH:33
end_of_record
TN:
SF:API\Controllers\promotionController.js
FN:6,(anonymous_0)
FN:36,(anonymous_1)
FN:63,(anonymous_2)
FN:112,(anonymous_3)
FN:178,(anonymous_4)
FN:217,(anonymous_5)
FN:261,(anonymous_6)
FN:279,(anonymous_7)
FN:281,(anonymous_8)
FNF:9
FNH:5
FNDA:0,(anonymous_0)
FNDA:2,(anonymous_1)
FNDA:1,(anonymous_2)
FNDA:0,(anonymous_3)
FNDA:0,(anonymous_4)
FNDA:0,(anonymous_5)
FNDA:2,(anonymous_6)
FNDA:2,(anonymous_7)
FNDA:2,(anonymous_8)
DA:1,4
DA:2,4
DA:3,4
DA:6,4
DA:7,0
DA:8,0
DA:10,0
DA:11,0
DA:17,0
DA:21,0
DA:26,0
DA:27,0
DA:36,4
DA:37,2
DA:38,2
DA:39,2
DA:41,2
DA:48,2
DA:53,0
DA:54,0
DA:63,4
DA:64,1
DA:65,1
DA:67,1
DA:68,0
DA:74,1
DA:77,1
DA:78,1
DA:84,0
DA:94,0
DA:96,0
DA:102,0
DA:103,0
DA:112,4
DA:113,0
DA:114,0
DA:115,0
DA:117,0
DA:118,0
DA:124,0
DA:129,0
DA:130,0
DA:136,0
DA:139,0
DA:140,0
DA:142,0
DA:143,0
DA:149,0
DA:159,0
DA:160,0
DA:162,0
DA:168,0
DA:169,0
DA:178,4
DA:179,0
DA:180,0
DA:181,0
DA:183,0
DA:184,0
DA:190,0
DA:195,0
DA:196,0
DA:202,0
DA:207,0
DA:208,0
DA:217,4
DA:218,0
DA:219,0
DA:220,0
DA:222,0
DA:223,0
DA:229,0
DA:234,0
DA:235,0
DA:241,0
DA:242,0
DA:243,0
DA:245,0
DA:251,0
DA:252,0
DA:261,4
DA:262,2
DA:263,2
DA:264,2
DA:267,2
DA:275,2
DA:279,2
DA:280,2
DA:281,2
DA:282,2
DA:285,2
DA:286,2
DA:287,2
DA:288,2
DA:290,2
DA:297,2
DA:300,2
DA:303,2
DA:308,0
DA:309,0
LF:100
LH:38
BRDA:10,0,0,0
BRDA:10,0,1,0
BRDA:67,1,0,0
BRDA:67,1,1,1
BRDA:77,2,0,1
BRDA:77,2,1,0
BRDA:117,3,0,0
BRDA:117,3,1,0
BRDA:129,4,0,0
BRDA:129,4,1,0
BRDA:139,5,0,0
BRDA:139,5,1,0
BRDA:140,6,0,0
BRDA:140,6,1,0
BRDA:142,7,0,0
BRDA:142,7,1,0
BRDA:150,8,0,0
BRDA:150,8,1,0
BRDA:151,9,0,0
BRDA:151,9,1,0
BRDA:152,10,0,0
BRDA:152,10,1,0
BRDA:153,11,0,0
BRDA:153,11,1,0
BRDA:156,12,0,0
BRDA:156,12,1,0
BRDA:183,13,0,0
BRDA:183,13,1,0
BRDA:195,14,0,0
BRDA:195,14,1,0
BRDA:222,15,0,0
BRDA:222,15,1,0
BRDA:234,16,0,0
BRDA:234,16,1,0
BRDA:247,17,0,0
BRDA:247,17,1,0
BRDA:285,18,0,2
BRDA:285,18,1,0
BRF:38
BRH:3
end_of_record
TN:
SF:API\Controllers\restaurantController.js
FN:9,(anonymous_0)
FN:43,(anonymous_1)
FN:61,(anonymous_2)
FN:92,(anonymous_3)
FN:104,(anonymous_4)
FN:204,(anonymous_5)
FN:230,(anonymous_6)
FN:293,(anonymous_7)
FN:312,(anonymous_8)
FN:341,(anonymous_9)
FN:404,(anonymous_10)
FN:433,(anonymous_11)
FN:494,(anonymous_12)
FN:605,(anonymous_13)
FNF:14
FNH:0
FNDA:0,(anonymous_0)
FNDA:0,(anonymous_1)
FNDA:0,(anonymous_2)
FNDA:0,(anonymous_3)
FNDA:0,(anonymous_4)
FNDA:0,(anonymous_5)
FNDA:0,(anonymous_6)
FNDA:0,(anonymous_7)
FNDA:0,(anonymous_8)
FNDA:0,(anonymous_9)
FNDA:0,(anonymous_10)
FNDA:0,(anonymous_11)
FNDA:0,(anonymous_12)
FNDA:0,(anonymous_13)
DA:1,3
DA:2,3
DA:3,3
DA:4,3
DA:9,3
DA:10,0
DA:12,0
DA:15,0
DA:16,0
DA:20,0
DA:21,0
DA:25,0
DA:26,0
DA:29,0
DA:33,0
DA:43,3
DA:44,0
DA:47,0
DA:48,0
DA:49,0
DA:52,0
DA:61,3
DA:62,0
DA:64,0
DA:65,0
DA:66,0
DA:69,0
DA:82,0
DA:92,3
DA:93,0
DA:95,0
DA:104,3
DA:123,0
DA:126,0
DA:127,0
DA:128,0
DA:132,0
DA:133,0
DA:134,0
DA:135,0
DA:140,0
DA:150,0
DA:166,0
DA:167,0
DA:173,0
DA:179,0
DA:182,0
DA:184,0
DA:187,0
DA:204,3
DA:205,0
DA:207,0
DA:208,0
DA:209,0
DA:213,0
DA:217,0
DA:218,0
DA:222,0
DA:225,0
DA:226,0
DA:227,0
DA:230,0
DA:235,0
DA:236,0
DA:238,0
DA:239,0
DA:240,0
DA:250,0
DA:251,0
DA:253,0
DA:254,0
DA:257,0
DA:258,0
DA:261,0
DA:262,0
DA:265,0
DA:267,0
DA:272,0
DA:273,0
DA:276,0
DA:284,0
DA:293,3
DA:294,0
DA:296,0
DA:297,0
DA:298,0
DA:301,0
DA:303,0
DA:312,3
DA:313,0
DA:315,0
DA:317,0
DA:318,0
DA:319,0
DA:322,0
DA:329,0
DA:341,3
DA:342,0
DA:344,0
DA:346,0
DA:347,0
DA:348,0
DA:352,0
DA:356,0
DA:357,0
DA:360,0
DA:363,0
DA:366,0
DA:367,0
DA:371,0
DA:372,0
DA:373,0
DA:374,0
DA:375,0
DA:376,0
DA:377,0
DA:381,0
DA:394,0
DA:404,3
DA:405,0
DA:407,0
DA:408,0
DA:409,0
DA:413,0
DA:417,0
DA:418,0
DA:421,0
DA:422,0
DA:424,0
DA:433,3
DA:434,0
DA:435,0
DA:437,0
DA:439,0
DA:440,0
DA:441,0
DA:445,0
DA:449,0
DA:450,0
DA:454,0
DA:455,0
DA:456,0
DA:457,0
DA:458,0
DA:459,0
DA:460,0
DA:461,0
DA:462,0
DA:467,0
DA:473,0
DA:479,0
DA:493,0
DA:494,0
DA:495,0
DA:499,0
DA:515,0
DA:516,0
DA:517,0
DA:520,0
DA:521,0
DA:522,0
DA:523,0
DA:524,0
DA:526,0
DA:527,0
DA:528,0
DA:529,0
DA:531,0
DA:549,0
DA:550,0
DA:551,0
DA:556,0
DA:561,0
DA:562,0
DA:564,0
DA:570,0
DA:586,0
DA:589,0
DA:604,0
DA:605,0
DA:606,0
DA:613,0
DA:632,0
DA:665,0
DA:694,3
LF:185
LH:16
BRDA:15,0,0,0
BRDA:15,0,1,0
BRDA:20,1,0,0
BRDA:20,1,1,0
BRDA:25,2,0,0
BRDA:25,2,1,0
BRDA:47,3,0,0
BRDA:47,3,1,0
BRDA:62,4,0,0
BRDA:64,5,0,0
BRDA:64,5,1,0
BRDA:64,6,0,0
BRDA:64,6,1,0
BRDA:126,7,0,0
BRDA:126,7,1,0
BRDA:126,8,0,0
BRDA:126,8,1,0
BRDA:126,8,2,0
BRDA:126,8,3,0
BRDA:133,9,0,0
BRDA:133,9,1,0
BRDA:141,10,0,0
BRDA:141,10,1,0
BRDA:144,11,0,0
BRDA:144,11,1,0
BRDA:152,12,0,0
BRDA:152,12,1,0
BRDA:153,13,0,0
BRDA:153,13,1,0
BRDA:155,14,0,0
BRDA:155,14,1,0
BRDA:157,15,0,0
BRDA:157,15,1,0
BRDA:158,16,0,0
BRDA:158,16,1,0
BRDA:159,17,0,0
BRDA:159,17,1,0
BRDA:160,18,0,0
BRDA:160,18,1,0
BRDA:166,19,0,0
BRDA:166,19,1,0
BRDA:166,20,0,0
BRDA:166,20,1,0
BRDA:207,21,0,0
BRDA:207,21,1,0
BRDA:213,22,0,0
BRDA:213,22,1,0
BRDA:214,23,0,0
BRDA:214,23,1,0
BRDA:225,24,0,0
BRDA:225,24,1,0
BRDA:225,25,0,0
BRDA:225,25,1,0
BRDA:235,26,0,0
BRDA:235,26,1,0
BRDA:235,27,0,0
BRDA:235,27,1,0
BRDA:239,28,0,0
BRDA:239,28,1,0
BRDA:250,29,0,0
BRDA:250,29,1,0
BRDA:250,30,0,0
BRDA:250,30,1,0
BRDA:253,31,0,0
BRDA:253,31,1,0
BRDA:257,32,0,0
BRDA:257,32,1,0
BRDA:261,33,0,0
BRDA:261,33,1,0
BRDA:261,34,0,0
BRDA:261,34,1,0
BRDA:265,35,0,0
BRDA:265,35,1,0
BRDA:272,36,0,0
BRDA:272,36,1,0
BRDA:296,37,0,0
BRDA:296,37,1,0
BRDA:317,38,0,0
BRDA:317,38,1,0
BRDA:346,39,0,0
BRDA:346,39,1,0
BRDA:352,40,0,0
BRDA:352,40,1,0
BRDA:353,41,0,0
BRDA:353,41,1,0
BRDA:366,42,0,0
BRDA:366,42,1,0
BRDA:371,43,0,0
BRDA:371,43,1,0
BRDA:371,44,0,0
BRDA:371,44,1,0
BRDA:373,45,0,0
BRDA:373,45,1,0
BRDA:374,46,0,0
BRDA:374,46,1,0
BRDA:407,47,0,0
BRDA:407,47,1,0
BRDA:413,48,0,0
BRDA:413,48,1,0
BRDA:414,49,0,0
BRDA:414,49,1,0
BRDA:439,50,0,0
BRDA:439,50,1,0
BRDA:445,51,0,0
BRDA:445,51,1,0
BRDA:446,52,0,0
BRDA:446,52,1,0
BRDA:456,53,0,0
BRDA:456,53,1,0
BRDA:456,54,0,0
BRDA:456,54,1,0
BRDA:458,55,0,0
BRDA:458,55,1,0
BRDA:459,56,0,0
BRDA:459,56,1,0
BRDA:515,57,0,0
BRDA:515,57,1,0
BRDA:516,58,0,0
BRDA:516,58,1,0
BRDA:517,59,0,0
BRDA:517,59,1,0
BRDA:521,60,0,0
BRDA:521,60,1,0
BRDA:521,61,0,0
BRDA:521,61,1,0
BRDA:549,62,0,0
BRDA:549,62,1,0
BRDA:550,63,0,0
BRDA:550,63,1,0
BRDA:586,64,0,0
BRDA:586,64,1,0
BRDA:678,65,0,0
BRDA:678,65,1,0
BRDA:681,66,0,0
BRDA:681,66,1,0
BRDA:682,67,0,0
BRDA:682,67,1,0
BRDA:684,68,0,0
BRDA:684,68,1,0
BRDA:687,69,0,0
BRDA:687,69,1,0
BRDA:688,70,0,0
BRDA:688,70,1,0
BRF:143
BRH:0
end_of_record
TN:
SF:API\Controllers\userController.js
FN:7,(anonymous_0)
FN:35,(anonymous_1)
FN:52,(anonymous_2)
FN:79,(anonymous_3)
FN:98,(anonymous_4)
FN:127,(anonymous_5)
FN:161,(anonymous_6)
FNF:7
FNH:0
FNDA:0,(anonymous_0)
FNDA:0,(anonymous_1)
FNDA:0,(anonymous_2)
FNDA:0,(anonymous_3)
FNDA:0,(anonymous_4)
FNDA:0,(anonymous_5)
FNDA:0,(anonymous_6)
DA:1,3
DA:2,3
DA:7,3
DA:8,0
DA:10,0
DA:12,0
DA:13,0
DA:16,0
DA:17,0
DA:23,0
DA:25,0
DA:35,3
DA:36,0
DA:38,0
DA:39,0
DA:40,0
DA:43,0
DA:52,3
DA:53,0
DA:55,0
DA:56,0
DA:57,0
DA:61,0
DA:62,0
DA:65,0
DA:70,0
DA:79,3
DA:80,0
DA:82,0
DA:83,0
DA:84,0
DA:87,0
DA:89,0
DA:98,3
DA:99,0
DA:100,0
DA:101,0
DA:104,0
DA:105,0
DA:106,0
DA:108,0
DA:113,0
DA:127,3
DA:128,0
DA:130,0
DA:132,0
DA:133,0
DA:134,0
DA:138,0
DA:142,0
DA:143,0
DA:146,0
DA:151,0
DA:161,3
DA:162,0
DA:164,0
DA:165,0
DA:166,0
DA:169,0
DA:171,0
DA:177,3
LF:61
LH:10
BRDA:12,0,0,0
BRDA:12,0,1,0
BRDA:16,1,0,0
BRDA:16,1,1,0
BRDA:38,2,0,0
BRDA:38,2,1,0
BRDA:55,3,0,0
BRDA:55,3,1,0
BRDA:61,4,0,0
BRDA:61,4,1,0
BRDA:82,5,0,0
BRDA:82,5,1,0
BRDA:132,6,0,0
BRDA:132,6,1,0
BRDA:138,7,0,0
BRDA:138,7,1,0
BRDA:139,8,0,0
BRDA:139,8,1,0
BRDA:164,9,0,0
BRDA:164,9,1,0
BRF:20
BRH:0
end_of_record
TN:
SF:API\Middleware\asyncHandler.js
FN:1,(anonymous_0)
FN:1,(anonymous_1)
FNF:2
FNH:2
FNDA:208,(anonymous_0)
FNDA:74,(anonymous_1)
DA:1,208
DA:2,74
DA:4,7
LF:3
LH:3
BRF:0
BRH:0
end_of_record
TN:
SF:API\Middleware\authMiddleware.js
FN:5,(anonymous_0)
FN:38,(anonymous_1)
FN:39,(anonymous_2)
FN:49,(anonymous_3)
FNF:4
FNH:3
FNDA:21,(anonymous_0)
FNDA:98,(anonymous_1)
FNDA:2,(anonymous_2)
FNDA:0,(anonymous_3)
DA:1,4
DA:2,4
DA:3,4
DA:5,4
DA:8,21
DA:9,18
DA:11,18
DA:14,18
DA:17,17
DA:19,17
DA:20,1
DA:21,1
DA:24,16
DA:26,2
DA:27,2
DA:28,2
DA:32,19
DA:33,3
DA:34,3
DA:38,4
DA:39,98
DA:40,2
DA:41,1
DA:42,1
DA:44,1
DA:49,4
DA:50,0
DA:51,0
DA:53,0
DA:54,0
DA:58,4
LF:31
LH:27
BRDA:8,0,0,18
BRDA:8,0,1,3
BRDA:8,1,0,21
BRDA:8,1,1,18
BRDA:19,2,0,1
BRDA:19,2,1,16
BRDA:32,3,0,3
BRDA:32,3,1,16
BRDA:40,4,0,1
BRDA:40,4,1,1
BRDA:50,5,0,0
BRDA:50,5,1,0
BRDA:50,6,0,0
BRDA:50,6,1,0
BRF:14
BRH:10
end_of_record
TN:
SF:API\Middleware\errorMiddleware.js
FN:3,(anonymous_0)
FN:23,(anonymous_1)
FNF:2
FNH:2
FNDA:13,(anonymous_0)
FNDA:2,(anonymous_1)
DA:1,4
DA:3,4
DA:4,13
DA:6,13
DA:7,13
DA:10,13
DA:11,1
DA:12,1
DA:16,13
DA:17,1
DA:18,1
DA:22,13
DA:23,2
DA:24,1
DA:27,13
DA:33,4
LF:16
LH:16
BRDA:10,0,0,1
BRDA:10,0,1,12
BRDA:16,1,0,1
BRDA:16,1,1,12
BRDA:22,2,0,1
BRDA:22,2,1,12
BRDA:27,3,0,13
BRDA:27,3,1,9
BRDA:27,3,2,9
BRDA:29,4,0,13
BRDA:29,4,1,1
BRDA:29,4,2,1
BRF:12
BRH:12
end_of_record
TN:
SF:API\Routers\authRouter.js
FNF:0
FNH:0
DA:1,3
DA:2,3
DA:9,3
DA:10,3
DA:12,3
DA:13,3
DA:14,3
DA:15,3
DA:16,3
DA:17,3
DA:19,3
LF:11
LH:11
BRF:0
BRH:0
end_of_record
TN:
SF:API\Routers\droneRouter.js
FNF:0
FNH:0
DA:1,3
DA:2,3
DA:15,3
DA:20,3
DA:21,3
DA:23,3
DA:24,3
DA:25,3
DA:26,3
DA:27,3
DA:28,3
DA:29,3
DA:30,3
DA:31,3
DA:32,3
DA:33,3
DA:34,3
DA:35,3
DA:36,3
DA:38,3
LF:20
LH:20
BRF:0
BRH:0
end_of_record
TN:
SF:API\Routers\orderRouter.js
FNF:0
FNH:0
DA:1,3
DA:2,3
DA:14,3
DA:15,3
DA:17,3
DA:18,3
DA:19,3
DA:21,3
DA:25,3
DA:28,3
DA:29,3
DA:30,3
DA:31,3
DA:32,3
DA:34,3
LF:15
LH:15
BRF:0
BRH:0
end_of_record
TN:
SF:API\Routers\paymentRouter.js
FN:28,(anonymous_0)
FNF:1
FNH:1
FNDA:1,(anonymous_0)
DA:1,3
DA:2,3
DA:12,3
DA:13,3
DA:16,3
DA:17,3
DA:18,3
DA:19,3
DA:20,3
DA:23,3
DA:24,3
DA:28,3
DA:29,1
DA:40,3
DA:42,3
LF:15
LH:15
BRF:0
BRH:0
end_of_record
TN:
SF:API\Routers\productRouter.js
FNF:0
FNH:0
DA:1,3
DA:2,3
DA:3,3
DA:11,3
DA:12,3
DA:14,3
DA:15,3
DA:17,3
DA:21,3
DA:26,3
LF:10
LH:10
BRF:0
BRH:0
end_of_record
TN:
SF:API\Routers\promotionRouter.js
FNF:0
FNH:0
DA:1,3
DA:2,3
DA:11,3
DA:12,3
DA:15,3
DA:16,3
DA:19,3
DA:20,3
DA:21,3
DA:22,3
DA:23,3
DA:24,3
DA:26,3
LF:13
LH:13
BRF:0
BRH:0
end_of_record
TN:
SF:API\Routers\restaurantRouter.js
FNF:0
FNH:0
DA:1,3
DA:2,3
DA:3,3
DA:16,3
DA:17,3
DA:19,3
DA:20,3
DA:21,3
DA:22,3
DA:23,3
DA:24,3
DA:25,3
DA:26,3
DA:27,3
DA:28,3
DA:29,3
DA:31,3
LF:17
LH:17
BRF:0
BRH:0
end_of_record
TN:
SF:API\Routers\userRouter.js
FNF:0
FNH:0
DA:1,3
DA:2,3
DA:11,3
DA:12,3
DA:14,3
DA:15,3
DA:16,3
DA:17,3
DA:18,3
DA:19,3
DA:20,3
DA:22,3
LF:12
LH:12
BRF:0
BRH:0
end_of_record
TN:
SF:API\Utils\logger.js
FNF:0
FNH:0
DA:1,3
DA:3,3
DA:15,3
DA:16,3
DA:21,3
LF:5
LH:5
BRDA:15,0,0,3
BRDA:15,0,1,0
BRF:2
BRH:1
end_of_record
