TN:
SF:API\Controllers\authController.js
FN:6,(anonymous_0)
FN:15,(anonymous_1)
FN:56,(anonymous_2)
FN:86,(anonymous_3)
FN:109,(anonymous_4)
FN:146,(anonymous_5)
FNF:6
FNH:3
FNDA:12,(anonymous_0)
FNDA:3,(anonymous_1)
FNDA:13,(anonymous_2)
FNDA:0,(anonymous_3)
FNDA:0,(anonymous_4)
FNDA:0,(anonymous_5)
DA:1,4
DA:2,4
DA:3,4
DA:6,4
DA:7,12
DA:15,4
DA:16,3
DA:19,3
DA:20,3
DA:21,1
DA:22,1
DA:26,2
DA:33,2
DA:34,1
DA:48,1
DA:49,1
DA:56,4
DA:57,13
DA:60,13
DA:62,13
DA:63,11
DA:78,2
DA:79,2
DA:86,4
DA:87,0
DA:90,0
DA:91,0
DA:92,0
DA:95,0
DA:97,0
DA:109,4
DA:110,0
DA:112,0
DA:113,0
DA:114,0
DA:115,0
DA:116,0
DA:117,0
DA:119,0
DA:120,0
DA:123,0
DA:125,0
DA:138,0
DA:139,0
DA:146,4
DA:147,0
DA:154,4
LF:47
LH:27
BRDA:8,0,0,12
BRDA:8,0,1,12
BRDA:20,1,0,1
BRDA:20,1,1,2
BRDA:33,2,0,1
BRDA:33,2,1,1
BRDA:62,3,0,11
BRDA:62,3,1,2
BRDA:62,4,0,13
BRDA:62,4,1,12
BRDA:90,5,0,0
BRDA:90,5,1,0
BRDA:101,6,0,0
BRDA:101,6,1,0
BRDA:112,7,0,0
BRDA:112,7,1,0
BRDA:113,8,0,0
BRDA:113,8,1,0
BRDA:114,9,0,0
BRDA:114,9,1,0
BRDA:115,10,0,0
BRDA:115,10,1,0
BRDA:116,11,0,0
BRDA:116,11,1,0
BRDA:117,12,0,0
BRDA:117,12,1,0
BRDA:119,13,0,0
BRDA:119,13,1,0
BRF:28
BRH:10
end_of_record
TN:
SF:API\Controllers\droneController.js
FN:7,(anonymous_0)
FN:34,(anonymous_1)
FN:51,(anonymous_2)
FN:80,(anonymous_3)
FN:111,(anonymous_4)
FN:149,(anonymous_5)
FN:183,(anonymous_6)
FN:205,(anonymous_7)
FN:233,(anonymous_8)
FN:320,(anonymous_9)
FN:352,(anonymous_10)
FNF:11
FNH:0
FNDA:0,(anonymous_0)
FNDA:0,(anonymous_1)
FNDA:0,(anonymous_2)
FNDA:0,(anonymous_3)
FNDA:0,(anonymous_4)
FNDA:0,(anonymous_5)
FNDA:0,(anonymous_6)
FNDA:0,(anonymous_7)
FNDA:0,(anonymous_8)
FNDA:0,(anonymous_9)
FNDA:0,(anonymous_10)
DA:1,3
DA:2,3
DA:7,3
DA:8,0
DA:10,0
DA:13,0
DA:14,0
DA:18,0
DA:19,0
DA:22,0
DA:24,0
DA:34,3
DA:35,0
DA:37,0
DA:38,0
DA:39,0
DA:42,0
DA:51,3
DA:53,0
DA:54,0
DA:60,0
DA:63,0
DA:64,0
DA:65,0
DA:71,0
DA:80,3
DA:81,0
DA:83,0
DA:84,0
DA:85,0
DA:88,0
DA:94,0
DA:95,0
DA:96,0
DA:102,0
DA:111,3
DA:112,0
DA:114,0
DA:115,0
DA:116,0
DA:120,0
DA:121,0
DA:122,0
DA:125,0
DA:127,0
DA:130,0
DA:131,0
DA:132,0
DA:139,0
DA:149,3
DA:150,0
DA:152,0
DA:154,0
DA:155,0
DA:156,0
DA:159,0
DA:164,0
DA:167,0
DA:168,0
DA:174,0
DA:183,3
DA:184,0
DA:186,0
DA:188,0
DA:189,0
DA:190,0
DA:193,0
DA:194,0
DA:196,0
DA:205,3
DA:206,0
DA:208,0
DA:210,0
DA:211,0
DA:212,0
DA:215,0
DA:218,0
DA:219,0
DA:222,0
DA:224,0
DA:233,3
DA:234,0
DA:235,0
DA:237,0
DA:239,0
DA:240,0
DA:241,0
DA:244,0
DA:245,0
DA:246,0
DA:249,0
DA:250,0
DA:251,0
DA:254,0
DA:256,0
DA:257,0
DA:258,0
DA:264,0
DA:267,0
DA:270,0
DA:271,0
DA:272,0
DA:275,0
DA:276,0
DA:278,0
DA:283,0
DA:296,0
DA:304,0
DA:305,0
DA:308,0
DA:320,3
DA:321,0
DA:323,0
DA:324,0
DA:325,0
DA:328,0
DA:342,0
DA:352,3
DA:353,0
DA:355,0
DA:357,0
DA:358,0
DA:359,0
DA:363,0
DA:369,0
DA:375,0
DA:377,0
DA:390,3
LF:128
LH:14
BRDA:13,0,0,0
BRDA:13,0,1,0
BRDA:18,1,0,0
BRDA:18,1,1,0
BRDA:37,2,0,0
BRDA:37,2,1,0
BRDA:53,3,0,0
BRDA:53,3,1,0
BRDA:53,4,0,0
BRDA:53,4,1,0
BRDA:64,5,0,0
BRDA:64,5,1,0
BRDA:83,6,0,0
BRDA:83,6,1,0
BRDA:95,7,0,0
BRDA:95,7,1,0
BRDA:114,8,0,0
BRDA:114,8,1,0
BRDA:120,9,0,0
BRDA:120,9,1,0
BRDA:131,10,0,0
BRDA:131,10,1,0
BRDA:154,11,0,0
BRDA:154,11,1,0
BRDA:188,12,0,0
BRDA:188,12,1,0
BRDA:210,13,0,0
BRDA:210,13,1,0
BRDA:218,14,0,0
BRDA:218,14,1,0
BRDA:239,15,0,0
BRDA:239,15,1,0
BRDA:244,16,0,0
BRDA:244,16,1,0
BRDA:249,17,0,0
BRDA:249,17,1,0
BRDA:256,18,0,0
BRDA:256,18,1,0
BRDA:276,19,0,0
BRDA:276,19,1,0
BRDA:321,20,0,0
BRDA:323,21,0,0
BRDA:323,21,1,0
BRDA:323,22,0,0
BRDA:323,22,1,0
BRDA:357,23,0,0
BRDA:357,23,1,0
BRDA:375,24,0,0
BRDA:375,24,1,0
BRF:49
BRH:0
end_of_record
TN:
SF:API\Controllers\orderController.js
FN:13,(anonymous_0)
FN:242,(anonymous_1)
FN:299,(anonymous_2)
FN:370,(anonymous_3)
FN:371,(anonymous_4)
FN:373,(anonymous_5)
FN:407,(anonymous_6)
FN:443,(anonymous_7)
FN:470,(anonymous_8)
FN:524,(anonymous_9)
FN:544,(anonymous_10)
FN:577,(anonymous_11)
FN:593,(anonymous_12)
FN:676,(anonymous_13)
FNF:14
FNH:2
FNDA:6,(anonymous_0)
FNDA:0,(anonymous_1)
FNDA:5,(anonymous_2)
FNDA:0,(anonymous_3)
FNDA:0,(anonymous_4)
FNDA:0,(anonymous_5)
FNDA:0,(anonymous_6)
FNDA:0,(anonymous_7)
FNDA:0,(anonymous_8)
FNDA:0,(anonymous_9)
FNDA:0,(anonymous_10)
FNDA:0,(anonymous_11)
FNDA:0,(anonymous_12)
FNDA:0,(anonymous_13)
DA:1,3
DA:2,3
DA:3,3
DA:4,3
DA:5,3
DA:6,3
DA:7,3
DA:8,3
DA:13,3
DA:22,6
DA:24,6
DA:26,6
DA:27,1
DA:28,1
DA:32,5
DA:33,0
DA:34,0
DA:39,5
DA:40,5
DA:43,5
DA:45,5
DA:47,5
DA:48,5
DA:49,5
DA:50,0
DA:51,0
DA:54,5
DA:55,5
DA:56,0
DA:57,0
DA:61,5
DA:62,5
DA:66,5
DA:67,0
DA:68,0
DA:72,5
DA:73,5
DA:74,5
DA:75,5
DA:80,5
DA:82,5
DA:83,5
DA:84,5
DA:92,5
DA:93,0
DA:94,0
DA:97,0
DA:104,0
DA:113,5
DA:114,5
DA:115,5
DA:116,0
DA:117,0
DA:119,0
DA:128,5
DA:130,5
DA:131,5
DA:133,5
DA:134,5
DA:136,5
DA:137,5
DA:143,5
DA:146,5
DA:156,5
DA:157,0
DA:158,0
DA:161,5
DA:164,5
DA:165,5
DA:166,5
DA:168,5
DA:169,0
DA:171,0
DA:176,0
DA:177,0
DA:178,0
DA:181,0
DA:182,0
DA:183,0
DA:187,0
DA:192,0
DA:193,0
DA:194,0
DA:198,0
DA:199,0
DA:200,0
DA:204,0
DA:206,0
DA:216,0
DA:218,0
DA:222,5
DA:225,5
DA:226,0
DA:238,5
DA:239,5
DA:240,5
DA:242,0
DA:243,0
DA:254,5
DA:255,5
DA:256,5
DA:257,5
DA:258,5
DA:260,0
DA:261,0
DA:266,5
DA:274,5
DA:292,5
DA:293,5
DA:299,5
DA:308,0
DA:312,5
DA:313,0
DA:314,0
DA:322,0
DA:326,0
DA:328,0
DA:329,0
DA:330,0
DA:335,5
DA:336,5
DA:337,5
DA:341,0
DA:345,5
DA:348,5
DA:349,5
DA:351,5
DA:354,5
DA:355,5
DA:356,5
DA:358,5
DA:359,0
DA:361,0
DA:363,0
DA:364,0
DA:371,0
DA:372,0
DA:373,0
DA:388,0
DA:391,5
DA:395,0
DA:398,5
DA:407,3
DA:408,0
DA:411,0
DA:412,0
DA:413,0
DA:414,0
DA:416,0
DA:417,0
DA:419,0
DA:420,0
DA:424,0
DA:427,0
DA:434,0
DA:443,3
DA:444,0
DA:450,0
DA:451,0
DA:452,0
DA:456,0
DA:457,0
DA:458,0
DA:461,0
DA:470,3
DA:471,0
DA:473,0
DA:475,0
DA:476,0
DA:477,0
DA:480,0
DA:483,0
DA:484,0
DA:485,0
DA:486,0
DA:487,0
DA:488,0
DA:489,0
DA:490,0
DA:491,0
DA:493,0
DA:495,0
DA:498,0
DA:500,0
DA:508,0
DA:509,0
DA:512,0
DA:513,0
DA:515,0
DA:524,3
DA:525,0
DA:530,0
DA:531,0
DA:532,0
DA:535,0
DA:544,3
DA:545,0
DA:547,0
DA:548,0
DA:549,0
DA:552,0
DA:553,0
DA:554,0
DA:557,0
DA:558,0
DA:559,0
DA:562,0
DA:563,0
DA:564,0
DA:566,0
DA:568,0
DA:577,3
DA:578,0
DA:584,0
DA:593,3
DA:594,0
DA:597,0
DA:598,0
DA:599,0
DA:603,0
DA:604,0
DA:605,0
DA:609,0
DA:610,0
DA:611,0
DA:615,0
DA:616,0
DA:617,0
DA:620,0
DA:621,0
DA:622,0
DA:624,0
DA:625,0
DA:626,0
DA:627,0
DA:628,0
DA:631,0
DA:632,0
DA:633,0
DA:639,0
DA:648,0
DA:649,0
DA:663,0
DA:664,0
DA:666,0
DA:676,3
DA:677,0
DA:680,0
DA:681,0
DA:682,0
DA:685,0
DA:690,0
DA:691,0
DA:692,0
DA:696,0
DA:697,0
DA:698,0
DA:702,0
DA:703,0
DA:704,0
DA:708,0
DA:709,0
DA:710,0
DA:714,0
DA:715,0
DA:716,0
DA:720,0
DA:721,0
DA:729,0
DA:730,0
DA:731,0
DA:733,0
DA:736,0
DA:737,0
DA:739,0
DA:751,0
DA:752,0
DA:755,0
DA:758,0
DA:768,0
DA:781,0
DA:783,0
DA:790,3
LF:283
LH:92
BRDA:26,0,0,1
BRDA:26,0,1,5
BRDA:26,1,0,6
BRDA:26,1,1,5
BRDA:32,2,0,0
BRDA:32,2,1,5
BRDA:32,3,0,5
BRDA:32,3,1,5
BRDA:32,3,2,5
BRDA:32,3,3,5
BRDA:49,4,0,0
BRDA:49,4,1,5
BRDA:54,5,0,5
BRDA:54,5,1,0
BRDA:54,6,0,5
BRDA:54,6,1,5
BRDA:55,7,0,0
BRDA:55,7,1,5
BRDA:61,8,0,5
BRDA:61,8,1,0
BRDA:66,9,0,0
BRDA:66,9,1,5
BRDA:66,10,0,5
BRDA:66,10,1,5
BRDA:82,11,0,5
BRDA:82,11,1,0
BRDA:92,12,0,0
BRDA:92,12,1,5
BRDA:101,13,0,0
BRDA:101,13,1,0
BRDA:113,14,0,5
BRDA:113,14,1,0
BRDA:114,15,0,5
BRDA:114,15,1,5
BRDA:115,16,0,0
BRDA:115,16,1,5
BRDA:133,17,0,5
BRDA:133,17,1,0
BRDA:156,18,0,0
BRDA:156,18,1,5
BRDA:161,19,0,5
BRDA:161,19,1,5
BRDA:168,20,0,0
BRDA:168,20,1,5
BRDA:176,21,0,0
BRDA:176,21,1,0
BRDA:181,22,0,0
BRDA:181,22,1,0
BRDA:192,23,0,0
BRDA:192,23,1,0
BRDA:198,24,0,0
BRDA:198,24,1,0
BRDA:225,25,0,0
BRDA:225,25,1,5
BRDA:225,26,0,5
BRDA:225,26,1,0
BRDA:240,27,0,0
BRDA:240,27,1,5
BRDA:240,28,0,5
BRDA:240,28,1,0
BRDA:242,29,0,0
BRDA:242,29,1,0
BRDA:255,30,0,5
BRDA:255,30,1,0
BRDA:255,31,0,5
BRDA:255,31,1,5
BRDA:279,32,0,5
BRDA:279,32,1,4
BRDA:283,33,0,0
BRDA:283,33,1,5
BRDA:287,34,0,5
BRDA:287,34,1,0
BRDA:294,35,0,5
BRDA:294,35,1,5
BRDA:312,36,0,0
BRDA:312,36,1,5
BRDA:312,37,0,5
BRDA:312,37,1,0
BRDA:359,38,0,0
BRDA:359,38,1,0
BRDA:363,39,0,0
BRDA:363,39,1,0
BRDA:411,40,0,0
BRDA:411,40,1,0
BRDA:412,41,0,0
BRDA:412,41,1,0
BRDA:417,42,0,0
BRDA:417,42,1,0
BRDA:419,43,0,0
BRDA:419,43,1,0
BRDA:450,44,0,0
BRDA:450,44,1,0
BRDA:456,45,0,0
BRDA:456,45,1,0
BRDA:456,46,0,0
BRDA:456,46,1,0
BRDA:475,47,0,0
BRDA:475,47,1,0
BRDA:484,48,0,0
BRDA:484,48,1,0
BRDA:485,49,0,0
BRDA:485,49,1,0
BRDA:486,50,0,0
BRDA:486,50,1,0
BRDA:487,51,0,0
BRDA:487,51,1,0
BRDA:488,52,0,0
BRDA:488,52,1,0
BRDA:489,53,0,0
BRDA:489,53,1,0
BRDA:493,54,0,0
BRDA:493,54,1,0
BRDA:530,55,0,0
BRDA:530,55,1,0
BRDA:547,56,0,0
BRDA:547,56,1,0
BRDA:552,57,0,0
BRDA:552,57,1,0
BRDA:557,58,0,0
BRDA:557,58,1,0
BRDA:564,59,0,0
BRDA:564,59,1,0
BRDA:597,60,0,0
BRDA:597,60,1,0
BRDA:603,61,0,0
BRDA:603,61,1,0
BRDA:609,62,0,0
BRDA:609,62,1,0
BRDA:620,63,0,0
BRDA:620,63,1,0
BRDA:624,64,0,0
BRDA:624,64,1,0
BRDA:627,65,0,0
BRDA:627,65,1,0
BRDA:632,66,0,0
BRDA:632,66,1,0
BRDA:648,67,0,0
BRDA:648,67,1,0
BRDA:680,68,0,0
BRDA:680,68,1,0
BRDA:690,69,0,0
BRDA:690,69,1,0
BRDA:696,70,0,0
BRDA:696,70,1,0
BRDA:702,71,0,0
BRDA:702,71,1,0
BRDA:708,72,0,0
BRDA:708,72,1,0
BRDA:708,73,0,0
BRDA:708,73,1,0
BRDA:714,74,0,0
BRDA:714,74,1,0
BRDA:714,75,0,0
BRDA:714,75,1,0
BRDA:720,76,0,0
BRDA:720,76,1,0
BRDA:720,77,0,0
BRDA:720,77,1,0
BRDA:737,78,0,0
BRDA:737,78,1,0
BRF:160
BRH:44
end_of_record
TN:
SF:API\Controllers\paymentController.js
FN:7,(anonymous_0)
FN:35,(anonymous_1)
FN:109,(anonymous_2)
FN:163,(anonymous_3)
FN:235,(anonymous_4)
FN:302,(anonymous_5)
FN:386,(anonymous_6)
FN:399,(anonymous_7)
FN:409,(anonymous_8)
FN:440,sortObject
FNF:10
FNH:10
FNDA:4,(anonymous_0)
FNDA:4,(anonymous_1)
FNDA:3,(anonymous_2)
FNDA:4,(anonymous_3)
FNDA:1,(anonymous_4)
FNDA:1,(anonymous_5)
FNDA:1,(anonymous_6)
FNDA:1,(anonymous_7)
FNDA:4,(anonymous_8)
FNDA:9,sortObject
DA:1,4
DA:2,4
DA:3,4
DA:4,4
DA:7,4
DA:8,4
DA:9,0
DA:12,4
DA:13,0
DA:16,4
DA:17,0
DA:20,4
DA:24,4
DA:35,4
DA:36,4
DA:38,4
DA:39,4
DA:41,4
DA:43,4
DA:44,1
DA:45,1
DA:48,3
DA:49,1
DA:50,1
DA:53,2
DA:54,2
DA:55,2
DA:60,2
DA:61,2
DA:62,2
DA:64,2
DA:65,2
DA:66,2
DA:67,2
DA:68,2
DA:69,2
DA:70,2
DA:71,2
DA:72,2
DA:73,2
DA:74,2
DA:75,2
DA:76,2
DA:77,2
DA:78,0
DA:81,2
DA:83,2
DA:84,2
DA:85,2
DA:86,2
DA:88,2
DA:91,2
DA:95,2
DA:97,2
DA:109,4
DA:110,3
DA:112,3
DA:114,3
DA:115,3
DA:117,3
DA:119,3
DA:120,3
DA:121,3
DA:123,3
DA:125,2
DA:128,2
DA:132,2
DA:133,1
DA:145,1
DA:152,1
DA:163,4
DA:164,4
DA:165,4
DA:167,4
DA:168,4
DA:170,4
DA:171,4
DA:173,4
DA:175,4
DA:176,4
DA:177,4
DA:179,4
DA:181,4
DA:182,4
DA:183,4
DA:185,4
DA:187,3
DA:191,3
DA:192,2
DA:194,2
DA:195,2
DA:196,1
DA:197,1
DA:199,1
DA:202,1
DA:203,1
DA:204,1
DA:205,1
DA:209,0
DA:210,0
DA:211,0
DA:214,0
DA:220,1
DA:221,1
DA:224,1
DA:225,1
DA:228,1
DA:235,4
DA:236,1
DA:237,1
DA:239,1
DA:241,1
DA:242,1
DA:243,1
DA:244,1
DA:245,1
DA:246,1
DA:247,1
DA:250,1
DA:255,1
DA:258,1
DA:276,1
DA:277,1
DA:279,1
DA:292,1
DA:302,4
DA:303,1
DA:304,1
DA:306,1
DA:308,1
DA:309,1
DA:310,1
DA:311,1
DA:312,1
DA:313,1
DA:314,1
DA:315,1
DA:316,1
DA:318,1
DA:321,1
DA:326,1
DA:327,1
DA:330,1
DA:356,1
DA:357,1
DA:359,1
DA:376,1
DA:386,4
DA:390,1
DA:399,4
DA:400,1
DA:409,4
DA:410,4
DA:412,4
DA:414,4
DA:415,1
DA:416,1
DA:419,3
DA:423,1
DA:424,1
DA:427,2
DA:441,9
DA:442,9
DA:444,9
DA:445,43
DA:446,43
DA:449,9
DA:450,9
DA:451,43
DA:453,9
DA:456,4
LF:171
LH:163
BRDA:8,0,0,0
BRDA:8,0,1,4
BRDA:12,1,0,0
BRDA:12,1,1,4
BRDA:16,2,0,0
BRDA:16,2,1,4
BRDA:25,3,0,4
BRDA:25,3,1,4
BRDA:26,4,0,4
BRDA:26,4,1,4
BRDA:27,5,0,4
BRDA:27,5,1,4
BRDA:29,6,0,4
BRDA:29,6,1,4
BRDA:43,7,0,1
BRDA:43,7,1,3
BRDA:48,8,0,1
BRDA:48,8,1,2
BRDA:55,9,0,2
BRDA:55,9,1,1
BRDA:55,9,2,0
BRDA:55,9,3,0
BRDA:71,10,0,2
BRDA:71,10,1,0
BRDA:77,11,0,0
BRDA:77,11,1,2
BRDA:77,12,0,2
BRDA:77,12,1,2
BRDA:77,12,2,2
BRDA:123,13,0,2
BRDA:123,13,1,1
BRDA:132,14,0,1
BRDA:132,14,1,1
BRDA:136,15,0,1
BRDA:136,15,1,0
BRDA:185,16,0,3
BRDA:185,16,1,1
BRDA:191,17,0,2
BRDA:191,17,1,1
BRDA:195,18,0,1
BRDA:195,18,1,1
BRDA:197,19,0,1
BRDA:197,19,1,0
BRDA:199,20,0,1
BRDA:199,20,1,0
BRDA:250,21,0,1
BRDA:250,21,1,1
BRDA:250,21,2,0
BRDA:250,21,3,0
BRDA:321,22,0,1
BRDA:321,22,1,1
BRDA:321,22,2,0
BRDA:321,22,3,0
BRDA:414,23,0,1
BRDA:414,23,1,3
BRDA:419,24,0,1
BRDA:419,24,1,2
BRDA:420,25,0,3
BRDA:420,25,1,2
BRDA:445,26,0,43
BRDA:445,26,1,0
BRF:61
BRH:46
end_of_record
TN:
SF:API\Controllers\productController.js
FN:8,(anonymous_0)
FN:61,(anonymous_1)
FN:101,(anonymous_2)
FN:147,(anonymous_3)
FN:179,(anonymous_4)
FN:220,(anonymous_5)
FN:239,(anonymous_6)
FN:248,(anonymous_7)
FNF:8
FNH:6
FNDA:4,(anonymous_0)
FNDA:3,(anonymous_1)
FNDA:2,(anonymous_2)
FNDA:3,(anonymous_3)
FNDA:2,(anonymous_4)
FNDA:2,(anonymous_5)
FNDA:0,(anonymous_6)
FNDA:0,(anonymous_7)
DA:1,4
DA:2,4
DA:3,4
DA:8,4
DA:9,4
DA:11,4
DA:14,4
DA:15,0
DA:16,0
DA:17,0
DA:19,0
DA:22,4
DA:26,4
DA:27,0
DA:31,4
DA:32,1
DA:36,4
DA:37,1
DA:41,4
DA:42,1
DA:43,1
DA:44,1
DA:48,4
DA:49,4
DA:50,4
DA:51,4
DA:52,4
DA:54,4
DA:60,4
DA:61,4
DA:62,3
DA:65,3
DA:73,3
DA:74,0
DA:75,0
DA:76,0
DA:78,0
DA:85,0
DA:88,3
DA:91,4
DA:101,4
DA:102,2
DA:106,2
DA:107,1
DA:108,1
DA:111,1
DA:114,1
DA:115,1
DA:123,1
DA:124,0
DA:125,0
DA:126,0
DA:128,0
DA:135,0
DA:138,1
DA:147,4
DA:149,3
DA:150,0
DA:151,0
DA:154,3
DA:160,3
DA:161,0
DA:164,3
DA:167,1
DA:168,1
DA:170,1
DA:179,4
DA:180,2
DA:182,2
DA:183,1
DA:184,1
DA:188,1
DA:190,0
DA:191,0
DA:194,1
DA:197,1
DA:198,0
DA:201,1
DA:204,1
DA:211,1
DA:220,4
DA:221,2
DA:223,2
DA:224,1
DA:225,1
DA:228,1
DA:230,1
DA:239,4
DA:240,0
DA:247,0
DA:248,0
DA:249,0
DA:252,0
DA:260,0
DA:261,0
DA:262,0
DA:263,0
DA:265,0
DA:272,0
DA:275,0
DA:278,0
DA:284,4
LF:102
LH:68
BRDA:14,0,0,0
BRDA:14,0,1,4
BRDA:14,1,0,4
BRDA:14,1,1,0
BRDA:15,2,0,0
BRDA:15,2,1,0
BRDA:26,3,0,0
BRDA:26,3,1,4
BRDA:31,4,0,1
BRDA:31,4,1,3
BRDA:36,5,0,1
BRDA:36,5,1,3
BRDA:36,6,0,4
BRDA:36,6,1,1
BRDA:41,7,0,1
BRDA:41,7,1,3
BRDA:41,8,0,4
BRDA:41,8,1,3
BRDA:43,9,0,1
BRDA:43,9,1,0
BRDA:44,10,0,1
BRDA:44,10,1,0
BRDA:49,11,0,0
BRDA:49,11,1,4
BRDA:50,12,0,0
BRDA:50,12,1,4
BRDA:51,13,0,0
BRDA:51,13,1,4
BRDA:52,14,0,0
BRDA:52,14,1,4
BRDA:73,15,0,0
BRDA:73,15,1,3
BRDA:106,16,0,1
BRDA:106,16,1,1
BRDA:123,17,0,0
BRDA:123,17,1,1
BRDA:149,18,0,0
BRDA:149,18,1,3
BRDA:160,19,0,0
BRDA:160,19,1,3
BRDA:182,20,0,1
BRDA:182,20,1,1
BRDA:188,21,0,0
BRDA:188,21,1,1
BRDA:188,22,0,1
BRDA:188,22,1,1
BRDA:197,23,0,0
BRDA:197,23,1,1
BRDA:223,24,0,1
BRDA:223,24,1,1
BRDA:260,25,0,0
BRDA:260,25,1,0
BRF:52
BRH:33
end_of_record
TN:
SF:API\Controllers\promotionController.js
FN:6,(anonymous_0)
FN:36,(anonymous_1)
FN:63,(anonymous_2)
FN:112,(anonymous_3)
FN:178,(anonymous_4)
FN:217,(anonymous_5)
FN:261,(anonymous_6)
FN:279,(anonymous_7)
FN:281,(anonymous_8)
FNF:9
FNH:5
FNDA:0,(anonymous_0)
FNDA:2,(anonymous_1)
FNDA:1,(anonymous_2)
FNDA:0,(anonymous_3)
FNDA:0,(anonymous_4)
FNDA:0,(anonymous_5)
FNDA:2,(anonymous_6)
FNDA:2,(anonymous_7)
FNDA:2,(anonymous_8)
DA:1,4
DA:2,4
DA:3,4
DA:6,4
DA:7,0
DA:8,0
DA:10,0
DA:11,0
DA:17,0
DA:21,0
DA:26,0
DA:27,0
DA:36,4
DA:37,2
DA:38,2
DA:39,2
DA:41,2
DA:48,2
DA:53,0
DA:54,0
DA:63,4
DA:64,1
DA:65,1
DA:67,1
DA:68,0
DA:74,1
DA:77,1
DA:78,1
DA:84,0
DA:94,0
DA:96,0
DA:102,0
DA:103,0
DA:112,4
DA:113,0
DA:114,0
DA:115,0
DA:117,0
DA:118,0
DA:124,0
DA:129,0
DA:130,0
DA:136,0
DA:139,0
DA:140,0
DA:142,0
DA:143,0
DA:149,0
DA:159,0
DA:160,0
DA:162,0
DA:168,0
DA:169,0
DA:178,4
DA:179,0
DA:180,0
DA:181,0
DA:183,0
DA:184,0
DA:190,0
DA:195,0
DA:196,0
DA:202,0
DA:207,0
DA:208,0
DA:217,4
DA:218,0
DA:219,0
DA:220,0
DA:222,0
DA:223,0
DA:229,0
DA:234,0
DA:235,0
DA:241,0
DA:242,0
DA:243,0
DA:245,0
DA:251,0
DA:252,0
DA:261,4
DA:262,2
DA:263,2
DA:264,2
DA:267,2
DA:275,2
DA:279,2
DA:280,2
DA:281,2
DA:282,2
DA:285,2
DA:286,2
DA:287,2
DA:288,2
DA:290,2
DA:297,2
DA:300,2
DA:303,2
DA:308,0
DA:309,0
LF:100
LH:38
BRDA:10,0,0,0
BRDA:10,0,1,0
BRDA:67,1,0,0
BRDA:67,1,1,1
BRDA:77,2,0,1
BRDA:77,2,1,0
BRDA:117,3,0,0
BRDA:117,3,1,0
BRDA:129,4,0,0
BRDA:129,4,1,0
BRDA:139,5,0,0
BRDA:139,5,1,0
BRDA:140,6,0,0
BRDA:140,6,1,0
BRDA:142,7,0,0
BRDA:142,7,1,0
BRDA:150,8,0,0
BRDA:150,8,1,0
BRDA:151,9,0,0
BRDA:151,9,1,0
BRDA:152,10,0,0
BRDA:152,10,1,0
BRDA:153,11,0,0
BRDA:153,11,1,0
BRDA:156,12,0,0
BRDA:156,12,1,0
BRDA:183,13,0,0
BRDA:183,13,1,0
BRDA:195,14,0,0
BRDA:195,14,1,0
BRDA:222,15,0,0
BRDA:222,15,1,0
BRDA:234,16,0,0
BRDA:234,16,1,0
BRDA:247,17,0,0
BRDA:247,17,1,0
BRDA:285,18,0,2
BRDA:285,18,1,0
BRF:38
BRH:3
end_of_record
TN:
SF:API\Controllers\restaurantController.js
FN:9,(anonymous_0)
FN:43,(anonymous_1)
FN:61,(anonymous_2)
FN:92,(anonymous_3)
FN:104,(anonymous_4)
FN:204,(anonymous_5)
FN:230,(anonymous_6)
FN:293,(anonymous_7)
FN:312,(anonymous_8)
FN:341,(anonymous_9)
FN:382,(anonymous_10)
FN:411,(anonymous_11)
FN:472,(anonymous_12)
FNF:13
FNH:0
FNDA:0,(anonymous_0)
FNDA:0,(anonymous_1)
FNDA:0,(anonymous_2)
FNDA:0,(anonymous_3)
FNDA:0,(anonymous_4)
FNDA:0,(anonymous_5)
FNDA:0,(anonymous_6)
FNDA:0,(anonymous_7)
FNDA:0,(anonymous_8)
FNDA:0,(anonymous_9)
FNDA:0,(anonymous_10)
FNDA:0,(anonymous_11)
FNDA:0,(anonymous_12)
DA:1,3
DA:2,3
DA:3,3
DA:4,3
DA:9,3
DA:10,0
DA:12,0
DA:15,0
DA:16,0
DA:20,0
DA:21,0
DA:25,0
DA:26,0
DA:29,0
DA:33,0
DA:43,3
DA:44,0
DA:47,0
DA:48,0
DA:49,0
DA:52,0
DA:61,3
DA:62,0
DA:64,0
DA:65,0
DA:66,0
DA:69,0
DA:82,0
DA:92,3
DA:93,0
DA:95,0
DA:104,3
DA:123,0
DA:126,0
DA:127,0
DA:128,0
DA:132,0
DA:133,0
DA:134,0
DA:135,0
DA:140,0
DA:150,0
DA:166,0
DA:167,0
DA:173,0
DA:179,0
DA:182,0
DA:184,0
DA:187,0
DA:204,3
DA:205,0
DA:207,0
DA:208,0
DA:209,0
DA:213,0
DA:217,0
DA:218,0
DA:222,0
DA:225,0
DA:226,0
DA:227,0
DA:230,0
DA:235,0
DA:236,0
DA:238,0
DA:239,0
DA:240,0
DA:250,0
DA:251,0
DA:253,0
DA:254,0
DA:257,0
DA:258,0
DA:261,0
DA:262,0
DA:265,0
DA:267,0
DA:272,0
DA:273,0
DA:276,0
DA:284,0
DA:293,3
DA:294,0
DA:296,0
DA:297,0
DA:298,0
DA:301,0
DA:303,0
DA:312,3
DA:313,0
DA:315,0
DA:317,0
DA:318,0
DA:319,0
DA:322,0
DA:329,0
DA:341,3
DA:342,0
DA:344,0
DA:346,0
DA:347,0
DA:348,0
DA:352,0
DA:356,0
DA:357,0
DA:360,0
DA:361,0
DA:363,0
DA:364,0
DA:367,0
DA:372,0
DA:382,3
DA:383,0
DA:385,0
DA:386,0
DA:387,0
DA:391,0
DA:395,0
DA:396,0
DA:399,0
DA:400,0
DA:402,0
DA:411,3
DA:412,0
DA:413,0
DA:415,0
DA:417,0
DA:418,0
DA:419,0
DA:423,0
DA:427,0
DA:428,0
DA:432,0
DA:433,0
DA:434,0
DA:435,0
DA:436,0
DA:437,0
DA:438,0
DA:439,0
DA:440,0
DA:445,0
DA:451,0
DA:457,0
DA:471,0
DA:472,0
DA:473,0
DA:477,0
DA:493,0
DA:494,0
DA:495,0
DA:498,0
DA:499,0
DA:500,0
DA:501,0
DA:502,0
DA:504,0
DA:505,0
DA:506,0
DA:507,0
DA:509,0
DA:527,0
DA:528,0
DA:529,0
DA:534,0
DA:539,0
DA:540,0
DA:542,0
DA:548,0
DA:564,0
DA:566,0
DA:582,3
LF:172
LH:16
BRDA:15,0,0,0
BRDA:15,0,1,0
BRDA:20,1,0,0
BRDA:20,1,1,0
BRDA:25,2,0,0
BRDA:25,2,1,0
BRDA:47,3,0,0
BRDA:47,3,1,0
BRDA:62,4,0,0
BRDA:64,5,0,0
BRDA:64,5,1,0
BRDA:64,6,0,0
BRDA:64,6,1,0
BRDA:126,7,0,0
BRDA:126,7,1,0
BRDA:126,8,0,0
BRDA:126,8,1,0
BRDA:126,8,2,0
BRDA:126,8,3,0
BRDA:133,9,0,0
BRDA:133,9,1,0
BRDA:141,10,0,0
BRDA:141,10,1,0
BRDA:144,11,0,0
BRDA:144,11,1,0
BRDA:152,12,0,0
BRDA:152,12,1,0
BRDA:153,13,0,0
BRDA:153,13,1,0
BRDA:155,14,0,0
BRDA:155,14,1,0
BRDA:157,15,0,0
BRDA:157,15,1,0
BRDA:158,16,0,0
BRDA:158,16,1,0
BRDA:159,17,0,0
BRDA:159,17,1,0
BRDA:160,18,0,0
BRDA:160,18,1,0
BRDA:166,19,0,0
BRDA:166,19,1,0
BRDA:166,20,0,0
BRDA:166,20,1,0
BRDA:207,21,0,0
BRDA:207,21,1,0
BRDA:213,22,0,0
BRDA:213,22,1,0
BRDA:214,23,0,0
BRDA:214,23,1,0
BRDA:225,24,0,0
BRDA:225,24,1,0
BRDA:225,25,0,0
BRDA:225,25,1,0
BRDA:235,26,0,0
BRDA:235,26,1,0
BRDA:235,27,0,0
BRDA:235,27,1,0
BRDA:239,28,0,0
BRDA:239,28,1,0
BRDA:250,29,0,0
BRDA:250,29,1,0
BRDA:250,30,0,0
BRDA:250,30,1,0
BRDA:253,31,0,0
BRDA:253,31,1,0
BRDA:257,32,0,0
BRDA:257,32,1,0
BRDA:261,33,0,0
BRDA:261,33,1,0
BRDA:261,34,0,0
BRDA:261,34,1,0
BRDA:265,35,0,0
BRDA:265,35,1,0
BRDA:272,36,0,0
BRDA:272,36,1,0
BRDA:296,37,0,0
BRDA:296,37,1,0
BRDA:317,38,0,0
BRDA:317,38,1,0
BRDA:346,39,0,0
BRDA:346,39,1,0
BRDA:352,40,0,0
BRDA:352,40,1,0
BRDA:353,41,0,0
BRDA:353,41,1,0
BRDA:363,42,0,0
BRDA:363,42,1,0
BRDA:385,43,0,0
BRDA:385,43,1,0
BRDA:391,44,0,0
BRDA:391,44,1,0
BRDA:392,45,0,0
BRDA:392,45,1,0
BRDA:417,46,0,0
BRDA:417,46,1,0
BRDA:423,47,0,0
BRDA:423,47,1,0
BRDA:424,48,0,0
BRDA:424,48,1,0
BRDA:434,49,0,0
BRDA:434,49,1,0
BRDA:434,50,0,0
BRDA:434,50,1,0
BRDA:436,51,0,0
BRDA:436,51,1,0
BRDA:437,52,0,0
BRDA:437,52,1,0
BRDA:493,53,0,0
BRDA:493,53,1,0
BRDA:494,54,0,0
BRDA:494,54,1,0
BRDA:495,55,0,0
BRDA:495,55,1,0
BRDA:499,56,0,0
BRDA:499,56,1,0
BRDA:499,57,0,0
BRDA:499,57,1,0
BRDA:527,58,0,0
BRDA:527,58,1,0
BRDA:528,59,0,0
BRDA:528,59,1,0
BRDA:564,60,0,0
BRDA:564,60,1,0
BRF:123
BRH:0
end_of_record
TN:
SF:API\Controllers\userController.js
FN:7,(anonymous_0)
FN:35,(anonymous_1)
FN:52,(anonymous_2)
FN:79,(anonymous_3)
FN:98,(anonymous_4)
FN:127,(anonymous_5)
FN:161,(anonymous_6)
FNF:7
FNH:0
FNDA:0,(anonymous_0)
FNDA:0,(anonymous_1)
FNDA:0,(anonymous_2)
FNDA:0,(anonymous_3)
FNDA:0,(anonymous_4)
FNDA:0,(anonymous_5)
FNDA:0,(anonymous_6)
DA:1,3
DA:2,3
DA:7,3
DA:8,0
DA:10,0
DA:12,0
DA:13,0
DA:16,0
DA:17,0
DA:23,0
DA:25,0
DA:35,3
DA:36,0
DA:38,0
DA:39,0
DA:40,0
DA:43,0
DA:52,3
DA:53,0
DA:55,0
DA:56,0
DA:57,0
DA:61,0
DA:62,0
DA:65,0
DA:70,0
DA:79,3
DA:80,0
DA:82,0
DA:83,0
DA:84,0
DA:87,0
DA:89,0
DA:98,3
DA:99,0
DA:100,0
DA:101,0
DA:104,0
DA:105,0
DA:106,0
DA:108,0
DA:113,0
DA:127,3
DA:128,0
DA:130,0
DA:132,0
DA:133,0
DA:134,0
DA:138,0
DA:142,0
DA:143,0
DA:146,0
DA:151,0
DA:161,3
DA:162,0
DA:164,0
DA:165,0
DA:166,0
DA:169,0
DA:171,0
DA:177,3
LF:61
LH:10
BRDA:12,0,0,0
BRDA:12,0,1,0
BRDA:16,1,0,0
BRDA:16,1,1,0
BRDA:38,2,0,0
BRDA:38,2,1,0
BRDA:55,3,0,0
BRDA:55,3,1,0
BRDA:61,4,0,0
BRDA:61,4,1,0
BRDA:82,5,0,0
BRDA:82,5,1,0
BRDA:132,6,0,0
BRDA:132,6,1,0
BRDA:138,7,0,0
BRDA:138,7,1,0
BRDA:139,8,0,0
BRDA:139,8,1,0
BRDA:164,9,0,0
BRDA:164,9,1,0
BRF:20
BRH:0
end_of_record
TN:
SF:API\Middleware\asyncHandler.js
FN:1,(anonymous_0)
FN:1,(anonymous_1)
FNF:2
FNH:2
FNDA:205,(anonymous_0)
FNDA:74,(anonymous_1)
DA:1,205
DA:2,74
DA:4,7
LF:3
LH:3
BRF:0
BRH:0
end_of_record
TN:
SF:API\Middleware\authMiddleware.js
FN:5,(anonymous_0)
FN:38,(anonymous_1)
FN:39,(anonymous_2)
FNF:3
FNH:3
FNDA:21,(anonymous_0)
FNDA:98,(anonymous_1)
FNDA:2,(anonymous_2)
DA:1,4
DA:2,4
DA:3,4
DA:5,4
DA:8,21
DA:9,18
DA:11,18
DA:14,18
DA:17,17
DA:19,17
DA:20,1
DA:21,1
DA:24,16
DA:26,2
DA:27,2
DA:28,2
DA:32,19
DA:33,3
DA:34,3
DA:38,4
DA:39,98
DA:40,2
DA:41,1
DA:42,1
DA:44,1
DA:48,4
LF:26
LH:26
BRDA:8,0,0,18
BRDA:8,0,1,3
BRDA:8,1,0,21
BRDA:8,1,1,18
BRDA:19,2,0,1
BRDA:19,2,1,16
BRDA:32,3,0,3
BRDA:32,3,1,16
BRDA:40,4,0,1
BRDA:40,4,1,1
BRF:10
BRH:10
end_of_record
TN:
SF:API\Middleware\errorMiddleware.js
FN:3,(anonymous_0)
FN:23,(anonymous_1)
FNF:2
FNH:2
FNDA:13,(anonymous_0)
FNDA:2,(anonymous_1)
DA:1,4
DA:3,4
DA:4,13
DA:6,13
DA:7,13
DA:10,13
DA:11,1
DA:12,1
DA:16,13
DA:17,1
DA:18,1
DA:22,13
DA:23,2
DA:24,1
DA:27,13
DA:33,4
LF:16
LH:16
BRDA:10,0,0,1
BRDA:10,0,1,12
BRDA:16,1,0,1
BRDA:16,1,1,12
BRDA:22,2,0,1
BRDA:22,2,1,12
BRDA:27,3,0,13
BRDA:27,3,1,9
BRDA:27,3,2,9
BRDA:29,4,0,13
BRDA:29,4,1,1
BRDA:29,4,2,1
BRF:12
BRH:12
end_of_record
TN:
SF:API\Routers\authRouter.js
FNF:0
FNH:0
DA:1,3
DA:2,3
DA:9,3
DA:10,3
DA:12,3
DA:13,3
DA:14,3
DA:15,3
DA:16,3
DA:17,3
DA:19,3
LF:11
LH:11
BRF:0
BRH:0
end_of_record
TN:
SF:API\Routers\droneRouter.js
FNF:0
FNH:0
DA:1,3
DA:2,3
DA:15,3
DA:20,3
DA:21,3
DA:23,3
DA:24,3
DA:25,3
DA:26,3
DA:27,3
DA:28,3
DA:29,3
DA:30,3
DA:31,3
DA:32,3
DA:33,3
DA:34,3
DA:35,3
DA:36,3
DA:38,3
LF:20
LH:20
BRF:0
BRH:0
end_of_record
TN:
SF:API\Routers\orderRouter.js
FNF:0
FNH:0
DA:1,3
DA:2,3
DA:13,3
DA:14,3
DA:16,3
DA:17,3
DA:19,3
DA:23,3
DA:26,3
DA:27,3
DA:28,3
DA:29,3
DA:30,3
DA:32,3
LF:14
LH:14
BRF:0
BRH:0
end_of_record
TN:
SF:API\Routers\paymentRouter.js
FN:28,(anonymous_0)
FNF:1
FNH:1
FNDA:1,(anonymous_0)
DA:1,3
DA:2,3
DA:12,3
DA:13,3
DA:16,3
DA:17,3
DA:18,3
DA:19,3
DA:20,3
DA:23,3
DA:24,3
DA:28,3
DA:29,1
DA:40,3
DA:42,3
LF:15
LH:15
BRF:0
BRH:0
end_of_record
TN:
SF:API\Routers\productRouter.js
FNF:0
FNH:0
DA:1,3
DA:2,3
DA:3,3
DA:11,3
DA:12,3
DA:14,3
DA:15,3
DA:17,3
DA:21,3
DA:26,3
LF:10
LH:10
BRF:0
BRH:0
end_of_record
TN:
SF:API\Routers\promotionRouter.js
FNF:0
FNH:0
DA:1,3
DA:2,3
DA:11,3
DA:12,3
DA:15,3
DA:16,3
DA:19,3
DA:20,3
DA:21,3
DA:22,3
DA:23,3
DA:24,3
DA:26,3
LF:13
LH:13
BRF:0
BRH:0
end_of_record
TN:
SF:API\Routers\restaurantRouter.js
FNF:0
FNH:0
DA:1,3
DA:2,3
DA:3,3
DA:16,3
DA:17,3
DA:19,3
DA:20,3
DA:21,3
DA:22,3
DA:23,3
DA:24,3
DA:25,3
DA:26,3
DA:27,3
DA:28,3
DA:29,3
DA:31,3
LF:17
LH:17
BRF:0
BRH:0
end_of_record
TN:
SF:API\Routers\userRouter.js
FNF:0
FNH:0
DA:1,3
DA:2,3
DA:11,3
DA:12,3
DA:14,3
DA:15,3
DA:16,3
DA:17,3
DA:18,3
DA:19,3
DA:20,3
DA:22,3
LF:12
LH:12
BRF:0
BRH:0
end_of_record
TN:
SF:API\Utils\logger.js
FNF:0
FNH:0
DA:1,3
DA:3,3
DA:15,3
DA:16,3
DA:21,3
LF:5
LH:5
BRDA:15,0,0,3
BRDA:15,0,1,0
BRF:2
BRH:1
end_of_record
