{"C:\\Users\\ADMIN\\Desktop\\FOODFAST\\client_app\\src\\redux\\slices\\cartSlice.js": {"path":"C:\\Users\\ADMIN\\Desktop\\FOODFAST\\client_app\\src\\redux\\slices\\cartSlice.js","statementMap":{"0":{"start":{"line":3,"column":28},"end":{"line":10,"column":null}},"1":{"start":{"line":4,"column":4},"end":{"line":9,"column":null}},"2":{"start":{"line":5,"column":21},"end":{"line":5,"column":null}},"3":{"start":{"line":6,"column":8},"end":{"line":6,"column":null}},"4":{"start":{"line":8,"column":8},"end":{"line":8,"column":null}},"5":{"start":{"line":12,"column":21},"end":{"line":16,"column":null}},"6":{"start":{"line":18,"column":24},"end":{"line":22,"column":null}},"7":{"start":{"line":19,"column":23},"end":{"line":19,"column":null}},"8":{"start":{"line":19,"column":51},"end":{"line":19,"column":70}},"9":{"start":{"line":20,"column":23},"end":{"line":20,"column":null}},"10":{"start":{"line":20,"column":51},"end":{"line":20,"column":85}},"11":{"start":{"line":21,"column":4},"end":{"line":21,"column":null}},"12":{"start":{"line":24,"column":17},"end":{"line":83,"column":null}},"13":{"start":{"line":32,"column":25},"end":{"line":32,"column":null}},"14":{"start":{"line":33,"column":33},"end":{"line":33,"column":null}},"15":{"start":{"line":33,"column":55},"end":{"line":33,"column":73}},"16":{"start":{"line":35,"column":12},"end":{"line":39,"column":null}},"17":{"start":{"line":36,"column":16},"end":{"line":36,"column":null}},"18":{"start":{"line":38,"column":16},"end":{"line":38,"column":null}},"19":{"start":{"line":41,"column":27},"end":{"line":41,"column":null}},"20":{"start":{"line":42,"column":12},"end":{"line":42,"column":null}},"21":{"start":{"line":43,"column":12},"end":{"line":43,"column":null}},"22":{"start":{"line":44,"column":12},"end":{"line":44,"column":null}},"23":{"start":{"line":47,"column":12},"end":{"line":47,"column":null}},"24":{"start":{"line":47,"column":53},"end":{"line":47,"column":80}},"25":{"start":{"line":48,"column":27},"end":{"line":48,"column":null}},"26":{"start":{"line":49,"column":12},"end":{"line":49,"column":null}},"27":{"start":{"line":50,"column":12},"end":{"line":50,"column":null}},"28":{"start":{"line":51,"column":12},"end":{"line":51,"column":null}},"29":{"start":{"line":54,"column":37},"end":{"line":54,"column":null}},"30":{"start":{"line":55,"column":25},"end":{"line":55,"column":null}},"31":{"start":{"line":55,"column":47},"end":{"line":55,"column":59}},"32":{"start":{"line":56,"column":12},"end":{"line":58,"column":null}},"33":{"start":{"line":57,"column":16},"end":{"line":57,"column":null}},"34":{"start":{"line":59,"column":27},"end":{"line":59,"column":null}},"35":{"start":{"line":60,"column":12},"end":{"line":60,"column":null}},"36":{"start":{"line":61,"column":12},"end":{"line":61,"column":null}},"37":{"start":{"line":62,"column":12},"end":{"line":62,"column":null}},"38":{"start":{"line":66,"column":33},"end":{"line":66,"column":null}},"39":{"start":{"line":67,"column":25},"end":{"line":67,"column":null}},"40":{"start":{"line":67,"column":47},"end":{"line":67,"column":59}},"41":{"start":{"line":68,"column":12},"end":{"line":70,"column":null}},"42":{"start":{"line":69,"column":16},"end":{"line":69,"column":null}},"43":{"start":{"line":71,"column":27},"end":{"line":71,"column":null}},"44":{"start":{"line":72,"column":12},"end":{"line":72,"column":null}},"45":{"start":{"line":73,"column":12},"end":{"line":73,"column":null}},"46":{"start":{"line":74,"column":12},"end":{"line":74,"column":null}},"47":{"start":{"line":77,"column":12},"end":{"line":77,"column":null}},"48":{"start":{"line":78,"column":12},"end":{"line":78,"column":null}},"49":{"start":{"line":79,"column":12},"end":{"line":79,"column":null}},"50":{"start":{"line":80,"column":12},"end":{"line":80,"column":null}},"51":{"start":{"line":85,"column":91},"end":{"line":85,"column":null}}},"fnMap":{"0":{"name":"(anonymous_0)","decl":{"start":{"line":3,"column":28},"end":{"line":3,"column":29}},"loc":{"start":{"line":3,"column":34},"end":{"line":10,"column":null}},"line":3},"1":{"name":"(anonymous_1)","decl":{"start":{"line":18,"column":24},"end":{"line":18,"column":25}},"loc":{"start":{"line":18,"column":35},"end":{"line":22,"column":null}},"line":18},"2":{"name":"(anonymous_2)","decl":{"start":{"line":19,"column":36},"end":{"line":19,"column":37}},"loc":{"start":{"line":19,"column":51},"end":{"line":19,"column":70}},"line":19},"3":{"name":"(anonymous_3)","decl":{"start":{"line":20,"column":36},"end":{"line":20,"column":37}},"loc":{"start":{"line":20,"column":51},"end":{"line":20,"column":85}},"line":20},"4":{"name":"(anonymous_4)","decl":{"start":{"line":31,"column":19},"end":{"line":31,"column":20}},"loc":{"start":{"line":31,"column":38},"end":{"line":45,"column":9}},"line":31},"5":{"name":"(anonymous_5)","decl":{"start":{"line":33,"column":50},"end":{"line":33,"column":51}},"loc":{"start":{"line":33,"column":55},"end":{"line":33,"column":73}},"line":33},"6":{"name":"(anonymous_6)","decl":{"start":{"line":46,"column":24},"end":{"line":46,"column":25}},"loc":{"start":{"line":46,"column":43},"end":{"line":52,"column":9}},"line":46},"7":{"name":"(anonymous_7)","decl":{"start":{"line":47,"column":45},"end":{"line":47,"column":49}},"loc":{"start":{"line":47,"column":53},"end":{"line":47,"column":80}},"line":47},"8":{"name":"(anonymous_8)","decl":{"start":{"line":53,"column":24},"end":{"line":53,"column":25}},"loc":{"start":{"line":53,"column":43},"end":{"line":63,"column":9}},"line":53},"9":{"name":"(anonymous_9)","decl":{"start":{"line":55,"column":42},"end":{"line":55,"column":43}},"loc":{"start":{"line":55,"column":47},"end":{"line":55,"column":59}},"line":55},"10":{"name":"(anonymous_10)","decl":{"start":{"line":65,"column":27},"end":{"line":65,"column":28}},"loc":{"start":{"line":65,"column":46},"end":{"line":75,"column":9}},"line":65},"11":{"name":"(anonymous_11)","decl":{"start":{"line":67,"column":42},"end":{"line":67,"column":43}},"loc":{"start":{"line":67,"column":47},"end":{"line":67,"column":59}},"line":67},"12":{"name":"(anonymous_12)","decl":{"start":{"line":76,"column":19},"end":{"line":76,"column":20}},"loc":{"start":{"line":76,"column":30},"end":{"line":81,"column":9}},"line":76}},"branchMap":{"0":{"loc":{"start":{"line":6,"column":15},"end":{"line":6,"column":null}},"type":"cond-expr","locations":[{"start":{"line":6,"column":22},"end":{"line":6,"column":38}},{"start":{"line":6,"column":41},"end":{"line":6,"column":null}}],"line":6},"1":{"loc":{"start":{"line":35,"column":12},"end":{"line":39,"column":null}},"type":"if","locations":[{"start":{"line":35,"column":12},"end":{"line":39,"column":null}},{"start":{"line":37,"column":19},"end":{"line":39,"column":null}}],"line":35},"2":{"loc":{"start":{"line":36,"column":41},"end":{"line":36,"column":null}},"type":"binary-expr","locations":[{"start":{"line":36,"column":41},"end":{"line":36,"column":54}},{"start":{"line":36,"column":58},"end":{"line":36,"column":null}}],"line":36},"3":{"loc":{"start":{"line":38,"column":53},"end":{"line":38,"column":71}},"type":"binary-expr","locations":[{"start":{"line":38,"column":53},"end":{"line":38,"column":66}},{"start":{"line":38,"column":70},"end":{"line":38,"column":71}}],"line":38},"4":{"loc":{"start":{"line":56,"column":12},"end":{"line":58,"column":null}},"type":"if","locations":[{"start":{"line":56,"column":12},"end":{"line":58,"column":null}},{"start":{},"end":{}}],"line":56},"5":{"loc":{"start":{"line":68,"column":12},"end":{"line":70,"column":null}},"type":"if","locations":[{"start":{"line":68,"column":12},"end":{"line":70,"column":null}},{"start":{},"end":{}}],"line":68}},"s":{"0":1,"1":1,"2":1,"3":1,"4":0,"5":1,"6":1,"7":15,"8":16,"9":15,"10":16,"11":15,"12":1,"13":7,"14":7,"15":2,"16":7,"17":1,"18":6,"19":7,"20":7,"21":7,"22":7,"23":2,"24":3,"25":2,"26":2,"27":2,"28":2,"29":3,"30":3,"31":3,"32":3,"33":3,"34":3,"35":3,"36":3,"37":3,"38":2,"39":2,"40":2,"41":2,"42":2,"43":2,"44":2,"45":2,"46":2,"47":3,"48":3,"49":3,"50":3,"51":1},"f":{"0":1,"1":15,"2":16,"3":16,"4":7,"5":2,"6":2,"7":3,"8":3,"9":3,"10":2,"11":2,"12":3},"b":{"0":[0,1],"1":[1,6],"2":[1,1],"3":[6,5],"4":[3,0],"5":[2,0]},"meta":{"lastBranch":6,"lastFunction":13,"lastStatement":52,"seen":{"s:3:28:10:Infinity":0,"f:3:28:3:29":0,"s:4:4:9:Infinity":1,"s:5:21:5:Infinity":2,"s:6:8:6:Infinity":3,"b:6:22:6:38:6:41:6:Infinity":0,"s:8:8:8:Infinity":4,"s:12:21:16:Infinity":5,"s:18:24:22:Infinity":6,"f:18:24:18:25":1,"s:19:23:19:Infinity":7,"f:19:36:19:37":2,"s:19:51:19:70":8,"s:20:23:20:Infinity":9,"f:20:36:20:37":3,"s:20:51:20:85":10,"s:21:4:21:Infinity":11,"s:24:17:83:Infinity":12,"f:31:19:31:20":4,"s:32:25:32:Infinity":13,"s:33:33:33:Infinity":14,"f:33:50:33:51":5,"s:33:55:33:73":15,"b:35:12:39:Infinity:37:19:39:Infinity":1,"s:35:12:39:Infinity":16,"s:36:16:36:Infinity":17,"b:36:41:36:54:36:58:36:Infinity":2,"s:38:16:38:Infinity":18,"b:38:53:38:66:38:70:38:71":3,"s:41:27:41:Infinity":19,"s:42:12:42:Infinity":20,"s:43:12:43:Infinity":21,"s:44:12:44:Infinity":22,"f:46:24:46:25":6,"s:47:12:47:Infinity":23,"f:47:45:47:49":7,"s:47:53:47:80":24,"s:48:27:48:Infinity":25,"s:49:12:49:Infinity":26,"s:50:12:50:Infinity":27,"s:51:12:51:Infinity":28,"f:53:24:53:25":8,"s:54:37:54:Infinity":29,"s:55:25:55:Infinity":30,"f:55:42:55:43":9,"s:55:47:55:59":31,"b:56:12:58:Infinity:undefined:undefined:undefined:undefined":4,"s:56:12:58:Infinity":32,"s:57:16:57:Infinity":33,"s:59:27:59:Infinity":34,"s:60:12:60:Infinity":35,"s:61:12:61:Infinity":36,"s:62:12:62:Infinity":37,"f:65:27:65:28":10,"s:66:33:66:Infinity":38,"s:67:25:67:Infinity":39,"f:67:42:67:43":11,"s:67:47:67:59":40,"b:68:12:70:Infinity:undefined:undefined:undefined:undefined":5,"s:68:12:70:Infinity":41,"s:69:16:69:Infinity":42,"s:71:27:71:Infinity":43,"s:72:12:72:Infinity":44,"s:73:12:73:Infinity":45,"s:74:12:74:Infinity":46,"f:76:19:76:20":12,"s:77:12:77:Infinity":47,"s:78:12:78:Infinity":48,"s:79:12:79:Infinity":49,"s:80:12:80:Infinity":50,"s:85:91:85:Infinity":51}}}
,"C:\\Users\\ADMIN\\Desktop\\FOODFAST\\client_app\\src\\redux\\slices\\orderSlice.js": {"path":"C:\\Users\\ADMIN\\Desktop\\FOODFAST\\client_app\\src\\redux\\slices\\orderSlice.js","statementMap":{"0":{"start":{"line":3,"column":21},"end":{"line":9,"column":null}},"1":{"start":{"line":11,"column":18},"end":{"line":41,"column":null}},"2":{"start":{"line":16,"column":12},"end":{"line":16,"column":null}},"3":{"start":{"line":19,"column":12},"end":{"line":19,"column":null}},"4":{"start":{"line":22,"column":12},"end":{"line":22,"column":null}},"5":{"start":{"line":25,"column":12},"end":{"line":25,"column":null}},"6":{"start":{"line":28,"column":12},"end":{"line":28,"column":null}},"7":{"start":{"line":31,"column":40},"end":{"line":31,"column":null}},"8":{"start":{"line":32,"column":26},"end":{"line":32,"column":null}},"9":{"start":{"line":32,"column":49},"end":{"line":32,"column":66}},"10":{"start":{"line":33,"column":12},"end":{"line":35,"column":null}},"11":{"start":{"line":34,"column":16},"end":{"line":34,"column":null}},"12":{"start":{"line":36,"column":12},"end":{"line":38,"column":null}},"13":{"start":{"line":37,"column":16},"end":{"line":37,"column":null}},"14":{"start":{"line":50,"column":4},"end":{"line":50,"column":null}}},"fnMap":{"0":{"name":"(anonymous_0)","decl":{"start":{"line":15,"column":19},"end":{"line":15,"column":20}},"loc":{"start":{"line":15,"column":38},"end":{"line":17,"column":9}},"line":15},"1":{"name":"(anonymous_1)","decl":{"start":{"line":18,"column":25},"end":{"line":18,"column":26}},"loc":{"start":{"line":18,"column":44},"end":{"line":20,"column":9}},"line":18},"2":{"name":"(anonymous_2)","decl":{"start":{"line":21,"column":20},"end":{"line":21,"column":21}},"loc":{"start":{"line":21,"column":39},"end":{"line":23,"column":9}},"line":21},"3":{"name":"(anonymous_3)","decl":{"start":{"line":24,"column":18},"end":{"line":24,"column":19}},"loc":{"start":{"line":24,"column":37},"end":{"line":26,"column":9}},"line":24},"4":{"name":"(anonymous_4)","decl":{"start":{"line":27,"column":25},"end":{"line":27,"column":26}},"loc":{"start":{"line":27,"column":44},"end":{"line":29,"column":9}},"line":27},"5":{"name":"(anonymous_5)","decl":{"start":{"line":30,"column":27},"end":{"line":30,"column":28}},"loc":{"start":{"line":30,"column":46},"end":{"line":39,"column":9}},"line":30},"6":{"name":"(anonymous_6)","decl":{"start":{"line":32,"column":44},"end":{"line":32,"column":45}},"loc":{"start":{"line":32,"column":49},"end":{"line":32,"column":66}},"line":32}},"branchMap":{"0":{"loc":{"start":{"line":33,"column":12},"end":{"line":35,"column":null}},"type":"if","locations":[{"start":{"line":33,"column":12},"end":{"line":35,"column":null}},{"start":{},"end":{}}],"line":33},"1":{"loc":{"start":{"line":36,"column":12},"end":{"line":38,"column":null}},"type":"if","locations":[{"start":{"line":36,"column":12},"end":{"line":38,"column":null}},{"start":{},"end":{}}],"line":36},"2":{"loc":{"start":{"line":36,"column":16},"end":{"line":36,"column":72}},"type":"binary-expr","locations":[{"start":{"line":36,"column":16},"end":{"line":36,"column":34}},{"start":{"line":36,"column":38},"end":{"line":36,"column":72}}],"line":36}},"s":{"0":1,"1":1,"2":1,"3":2,"4":4,"5":4,"6":1,"7":8,"8":8,"9":3,"10":8,"11":2,"12":8,"13":6,"14":1},"f":{"0":1,"1":2,"2":4,"3":4,"4":1,"5":8,"6":3},"b":{"0":[2,6],"1":[6,2],"2":[8,6]},"meta":{"lastBranch":3,"lastFunction":7,"lastStatement":15,"seen":{"s:3:21:9:Infinity":0,"s:11:18:41:Infinity":1,"f:15:19:15:20":0,"s:16:12:16:Infinity":2,"f:18:25:18:26":1,"s:19:12:19:Infinity":3,"f:21:20:21:21":2,"s:22:12:22:Infinity":4,"f:24:18:24:19":3,"s:25:12:25:Infinity":5,"f:27:25:27:26":4,"s:28:12:28:Infinity":6,"f:30:27:30:28":5,"s:31:40:31:Infinity":7,"s:32:26:32:Infinity":8,"f:32:44:32:45":6,"s:32:49:32:66":9,"b:33:12:35:Infinity:undefined:undefined:undefined:undefined":0,"s:33:12:35:Infinity":10,"s:34:16:34:Infinity":11,"b:36:12:38:Infinity:undefined:undefined:undefined:undefined":1,"s:36:12:38:Infinity":12,"b:36:16:36:34:36:38:36:72":2,"s:37:16:37:Infinity":13,"s:50:4:50:Infinity":14}}}
,"C:\\Users\\ADMIN\\Desktop\\FOODFAST\\client_app\\src\\services\\priceUtils.js": {"path":"C:\\Users\\ADMIN\\Desktop\\FOODFAST\\client_app\\src\\services\\priceUtils.js","statementMap":{"0":{"start":{"line":6,"column":27},"end":{"line":11,"column":1}},"1":{"start":{"line":7,"column":4},"end":{"line":10,"column":null}},"2":{"start":{"line":20,"column":30},"end":{"line":25,"column":1}},"3":{"start":{"line":21,"column":4},"end":{"line":24,"column":null}},"4":{"start":{"line":32,"column":26},"end":{"line":34,"column":1}},"5":{"start":{"line":33,"column":4},"end":{"line":33,"column":null}},"6":{"start":{"line":42,"column":33},"end":{"line":44,"column":1}},"7":{"start":{"line":43,"column":4},"end":{"line":43,"column":null}},"8":{"start":{"line":52,"column":35},"end":{"line":54,"column":1}},"9":{"start":{"line":53,"column":4},"end":{"line":53,"column":null}},"10":{"start":{"line":61,"column":28},"end":{"line":63,"column":1}},"11":{"start":{"line":62,"column":4},"end":{"line":62,"column":null}}},"fnMap":{"0":{"name":"(anonymous_0)","decl":{"start":{"line":6,"column":27},"end":{"line":6,"column":28}},"loc":{"start":{"line":6,"column":38},"end":{"line":11,"column":1}},"line":6},"1":{"name":"(anonymous_1)","decl":{"start":{"line":20,"column":30},"end":{"line":20,"column":31}},"loc":{"start":{"line":20,"column":77},"end":{"line":25,"column":1}},"line":20},"2":{"name":"(anonymous_2)","decl":{"start":{"line":32,"column":26},"end":{"line":32,"column":27}},"loc":{"start":{"line":32,"column":46},"end":{"line":34,"column":1}},"line":32},"3":{"name":"(anonymous_3)","decl":{"start":{"line":42,"column":33},"end":{"line":42,"column":34}},"loc":{"start":{"line":42,"column":69},"end":{"line":44,"column":1}},"line":42},"4":{"name":"(anonymous_4)","decl":{"start":{"line":52,"column":35},"end":{"line":52,"column":36}},"loc":{"start":{"line":52,"column":71},"end":{"line":54,"column":1}},"line":52},"5":{"name":"(anonymous_5)","decl":{"start":{"line":61,"column":28},"end":{"line":61,"column":29}},"loc":{"start":{"line":61,"column":37},"end":{"line":63,"column":1}},"line":61}},"branchMap":{"0":{"loc":{"start":{"line":20,"column":38},"end":{"line":20,"column":54}},"type":"default-arg","locations":[{"start":{"line":20,"column":49},"end":{"line":20,"column":54}}],"line":20},"1":{"loc":{"start":{"line":20,"column":56},"end":{"line":20,"column":72}},"type":"default-arg","locations":[{"start":{"line":20,"column":65},"end":{"line":20,"column":72}}],"line":20}},"s":{"0":1,"1":17,"2":1,"3":3,"4":1,"5":0,"6":1,"7":13,"8":1,"9":7,"10":1,"11":6},"f":{"0":17,"1":3,"2":0,"3":13,"4":7,"5":6},"b":{"0":[3],"1":[3]},"meta":{"lastBranch":2,"lastFunction":6,"lastStatement":12,"seen":{"s:6:27:11:1":0,"f:6:27:6:28":0,"s:7:4:10:Infinity":1,"s:20:30:25:1":2,"f:20:30:20:31":1,"b:20:49:20:54":0,"b:20:65:20:72":1,"s:21:4:24:Infinity":3,"s:32:26:34:1":4,"f:32:26:32:27":2,"s:33:4:33:Infinity":5,"s:42:33:44:1":6,"f:42:33:42:34":3,"s:43:4:43:Infinity":7,"s:52:35:54:1":8,"f:52:35:52:36":4,"s:53:4:53:Infinity":9,"s:61:28:63:1":10,"f:61:28:61:29":5,"s:62:4:62:Infinity":11}}}
}
